#
# A fatal error has been detected by the Java Runtime Environment:
#
#  EXCEPTION_ACCESS_VIOLATION (0xc0000005) at pc=0x00007ffb4c3bc7f0, pid=16020, tid=10712
#
# JRE version: OpenJDK Runtime Environment Temurin-17.0.4.1+1 (17.0.4.1+1) (build 17.0.4.1+1)
# Java VM: OpenJDK 64-Bit Server VM Temurin-17.0.4.1+1 (17.0.4.1+1, mixed mode, tiered, compressed oops, compressed class ptrs, g1 gc, windows-amd64)
# Problematic frame:
# V  [jvm.dll+0xc7f0]
#
# No core dump will be written. Minidumps are not enabled by default on client versions of Windows
#
# If you would like to submit a bug report, please visit:
#   https://github.com/adoptium/adoptium-support/issues
#

---------------  S U M M A R Y ------------

Command Line: -Djava.library.path=C:\Users\49173\Desktop\z3-4.11.2-x64-win\bin -Dfile.encoding=UTF-8 -XX:+ShowCodeDetailsInExceptionMessages ConstraintSystem.RepairComputation.UnitTestSMT

Host: AMD Ryzen 3 PRO 5450U with Radeon Graphics     , 8 cores, 6G,  Windows 11 , 64 bit Build 22621 (10.0.22621.963)
Time: Fri Dec 30 20:06:06 2022 Mitteleuropäische Zeit elapsed time: 1.185783 seconds (0d 0h 0m 1s)

---------------  T H R E A D  ---------------

Current thread (0x00000237d607b790):  JavaThread "main" [_thread_in_vm, id=10712, stack(0x0000006925c00000,0x0000006925d00000)]

Stack: [0x0000006925c00000,0x0000006925d00000],  sp=0x0000006925cff2f8,  free space=1020k
Native frames: (J=compiled Java code, j=interpreted, Vv=VM code, C=native code)
V  [jvm.dll+0xc7f0]

Java frames: (J=compiled Java code, j=interpreted, Vv=VM code)
j  com.microsoft.z3.Native.INTERNALparseSmtlib2String(JLjava/lang/String;I[J[JI[J[J)J+0
j  com.microsoft.z3.Native.parseSmtlib2String(JLjava/lang/String;I[J[JI[J[J)J+13
j  com.microsoft.z3.Context.parseSMTLIB2String(Ljava/lang/String;[Lcom/microsoft/z3/Symbol;[Lcom/microsoft/z3/Sort;[Lcom/microsoft/z3/Symbol;[Lcom/microsoft/z3/FuncDecl;)[Lcom/microsoft/z3/BoolExpr;+88
j  ConstraintSystem.RepairComputation.MaxSMT.repairComputation(Ljava/lang/String;Ljava/util/List;)V+72
j  ConstraintSystem.RepairComputation.UnitTestSMT.main([Ljava/lang/String;)V+132
v  ~StubRoutines::call_stub

siginfo: EXCEPTION_ACCESS_VIOLATION (0xc0000005), reading address 0x0000000000000000


Register to memory mapping:

RIP=0x00007ffb4c3bc7f0 jvm.dll
RAX=0x0 is NULL
RBX=0x00000237d607b790 is a thread
RCX=0x0 is NULL
RDX=0x0 is NULL
RSP=0x0000006925cff2f8 is pointing into the stack for thread: 0x00000237d607b790
RBP=0x0000006925cff4b0 is pointing into the stack for thread: 0x00000237d607b790
RSI=0x0 is NULL
RDI=0x0 is NULL
R8 =0x0 is NULL
R9 =0x0 is NULL
R10=0x00000237db0bd5d2 is at code_begin+946 in an Interpreter codelet
method entry point (kind = native)  [0x00000237db0bd220, 0x00000237db0bdba0]  2432 bytes
R11=0x000000009c76d068 is an oop: java.lang.Class 
{0x000000009c76d068} - klass: 'java/lang/Class'
 - ---- fields (total size 14 words):
 - private volatile transient 'classRedefinedCount' 'I' @12  0
 - private volatile transient 'cachedConstructor' 'Ljava/lang/reflect/Constructor;' @40  NULL (0)
 - private transient 'name' 'Ljava/lang/String;' @44  "com.microsoft.z3.Native"{0x000000009c76d0e8} (9c76d0e8)
 - private transient 'module' 'Ljava/lang/Module;' @48  a 'java/lang/Module'{0x0000000098318e20} (98318e20)
 - private final 'classLoader' 'Ljava/lang/ClassLoader;' @52  a 'jdk/internal/loader/ClassLoaders$AppClassLoader'{0x00000000983022d0} (983022d0)
 - private transient 'classData' 'Ljava/lang/Object;' @56  NULL (0)
 - private transient 'packageName' 'Ljava/lang/String;' @60  "com.microsoft.z3"{0x00000000983778d0} (983778d0)
 - private final 'componentType' 'Ljava/lang/Class;' @64  NULL (0)
 - private volatile transient 'reflectionData' 'Ljava/lang/ref/SoftReference;' @68  NULL (0)
 - private volatile transient 'genericInfo' 'Lsun/reflect/generics/repository/ClassRepository;' @72  NULL (0)
 - private volatile transient 'enumConstants' '[Ljava/lang/Object;' @76  NULL (0)
 - private volatile transient 'enumConstantDirectory' 'Ljava/util/Map;' @80  NULL (0)
 - private volatile transient 'annotationData' 'Ljava/lang/Class$AnnotationData;' @84  NULL (0)
 - private volatile transient 'annotationType' 'Lsun/reflect/annotation/AnnotationType;' @88  NULL (0)
 - transient 'classValueMap' 'Ljava/lang/ClassValue$ClassValueMap;' @92  NULL (0)
 - signature: Lcom/microsoft/z3/Native;
 - fake entry for mirror: 'com/microsoft/z3/Native'
 - fake entry for array: NULL
 - fake entry for oop_size: 14
 - fake entry for static_oop_field_count: 0
R12=0x0 is NULL
R13={method} {0x00000237f1e353f0} 'INTERNALparseSmtlib2String' '(JLjava/lang/String;I[J[JI[J[J)J' in 'com/microsoft/z3/Native'
R14=0x0 is NULL
R15=0x00000237d607b790 is a thread


Registers:
RAX=0x0000000000000000, RBX=0x00000237d607b790, RCX=0x0000000000000000, RDX=0x0000000000000000
RSP=0x0000006925cff2f8, RBP=0x0000006925cff4b0, RSI=0x0000000000000000, RDI=0x0000000000000000
R8 =0x0000000000000000, R9 =0x0000000000000000, R10=0x00000237db0bd5d2, R11=0x000000009c76d068
R12=0x0000000000000000, R13=0x00000237f1e353e8, R14=0x0000000000000000, R15=0x00000237d607b790
RIP=0x00007ffb4c3bc7f0, EFLAGS=0x0000000000010246

Top of Stack: (sp=0x0000006925cff2f8)
0x0000006925cff2f8:   00007ffb4c79951a 0000000000000000
0x0000006925cff308:   0000000000000007 000000000000000d
0x0000006925cff318:   00000237f1e353e8 00000237d607b790
0x0000006925cff328:   0000000000000000 0000000000000007
0x0000006925cff338:   00000237f20ef380 0000ef0bd0de8c14
0x0000006925cff348:   0000000000000007 00000237d607b790
0x0000006925cff358:   0000006925cff510 000000000000013b
0x0000006925cff368:   0000000000000000 00000237d607ba38
0x0000006925cff378:   00007ffba9228367 0000006925cff4b0
0x0000006925cff388:   0000006925cff510 0000001bb5bb5977
0x0000006925cff398:   0000000000000000 00000237d607b790
0x0000006925cff3a8:   0000000000000001 00000237f1e353e8
0x0000006925cff3b8:   00000237d607b790 00000237d607b790
0x0000006925cff3c8:   0000006925cff510 00000237f1e353e8
0x0000006925cff3d8:   0000000000000000 000000000000013b
0x0000006925cff3e8:   0000000000000000 0000006925cff4b0 

Instructions: (pc=0x00007ffb4c3bc7f0)
0x00007ffb4c3bc6f0:   00 00 00 48 8b 41 38 48 8b 80 88 09 00 00 48 8b
0x00007ffb4c3bc700:   48 08 48 8b 40 50 48 d3 ea 80 3c 02 01 0f 85 cd
0x00007ffb4c3bc710:   00 00 00 48 8b 13 0f b6 c2 24 03 3c 03 75 19 48
0x00007ffb4c3bc720:   83 e2 fc 74 13 48 3b da 74 11 48 8b c2 48 8b 5c
0x00007ffb4c3bc730:   24 38 48 83 c4 20 5e c3 48 8b d3 48 8b 46 38 0f
0x00007ffb4c3bc740:   be 88 f0 02 00 00 c1 e9 02 f6 c1 01 74 dc 48 89
0x00007ffb4c3bc750:   7c 24 30 e8 28 e5 ff ff 48 8b 0d 09 32 b9 00 48
0x00007ffb4c3bc760:   8b f8 48 81 c1 90 09 00 00 8b 41 40 0f b6 57 21
0x00007ffb4c3bc770:   8d 42 01 88 47 21 84 d2 75 0a 48 8b d7 e8 5e a1
0x00007ffb4c3bc780:   6f 00 eb 20 80 7f 22 00 75 1a 8b 41 40 85 05 01
0x00007ffb4c3bc790:   a4 9a 00 74 0f b8 ff ff ff ff f0 0f c1 41 40 e8
0x00007ffb4c3bc7a0:   8c a1 6f 00 48 8b 4e 38 4c 8b c7 48 8b d3 e8 dd
0x00007ffb4c3bc7b0:   f7 ff ff 0f b6 4f 21 48 8b d8 48 8b 15 a7 31 b9
0x00007ffb4c3bc7c0:   00 8d 41 ff 88 47 21 80 f9 01 77 0f 48 8d 8a 90
0x00007ffb4c3bc7d0:   09 00 00 48 8b d7 e8 35 a1 6f 00 48 8b 7c 24 30
0x00007ffb4c3bc7e0:   48 8b c3 48 8b 5c 24 38 48 83 c4 20 5e c3 cc cc
0x00007ffb4c3bc7f0:   48 8b 01 c3 cc cc cc cc cc cc cc cc cc cc cc cc
0x00007ffb4c3bc800:   4c 8b 01 4c 8b c9 48 8b 0d f3 c2 b4 00 ba 44 60
0x00007ffb4c3bc810:   08 00 e9 59 f2 ff ff cc cc cc cc cc cc cc cc cc
0x00007ffb4c3bc820:   48 89 5c 24 08 57 48 83 ec 20 48 8b 39 48 8b d9
0x00007ffb4c3bc830:   48 85 3d a1 a0 b9 00 75 0e 48 8b c7 48 8b 5c 24
0x00007ffb4c3bc840:   30 48 83 c4 20 5f c3 48 8b cf e8 51 6e 85 00 48
0x00007ffb4c3bc850:   8b d0 48 85 c0 74 20 48 8b c7 f0 48 0f b1 13 74
0x00007ffb4c3bc860:   16 48 85 05 70 a0 b9 00 74 0d 48 8b c8 f0 48 0f
0x00007ffb4c3bc870:   b1 13 48 3b c1 75 ea 48 8b 5c 24 30 48 8b c2 48
0x00007ffb4c3bc880:   83 c4 20 5f c3 cc cc cc cc cc cc cc cc cc cc cc
0x00007ffb4c3bc890:   4c 8b 01 4c 8b c9 48 8b 0d 63 c2 b4 00 ba 64 60
0x00007ffb4c3bc8a0:   08 00 e9 c9 f1 ff ff cc cc cc cc cc cc cc cc cc
0x00007ffb4c3bc8b0:   8b 05 42 0a af 00 c3 cc cc cc cc cc cc cc cc cc
0x00007ffb4c3bc8c0:   0f b6 05 98 ca b5 00 48 8b d1 84 c0 74 16 44 8b
0x00007ffb4c3bc8d0:   41 08 8b 0d 20 0a af 00 49 d3 e0 4c 03 05 0e 0a
0x00007ffb4c3bc8e0:   af 00 eb 04 4c 8b 41 08 45 8b 50 08 45 85 d2 7e 


Stack slot to memory mapping:
stack at sp + 0 slots: 0x00007ffb4c79951a jvm.dll
stack at sp + 1 slots: 0x0 is NULL
stack at sp + 2 slots: 0x0000000000000007 is an unknown value
stack at sp + 3 slots: 0x000000000000000d is an unknown value
stack at sp + 4 slots: {method} {0x00000237f1e353f0} 'INTERNALparseSmtlib2String' '(JLjava/lang/String;I[J[JI[J[J)J' in 'com/microsoft/z3/Native'
stack at sp + 5 slots: 0x00000237d607b790 is a thread
stack at sp + 6 slots: 0x0 is NULL
stack at sp + 7 slots: 0x0000000000000007 is an unknown value


---------------  P R O C E S S  ---------------

Threads class SMR info:
_java_thread_list=0x00000237f2348660, length=13, elements={
0x00000237d607b790, 0x00000237f16d10d0, 0x00000237f16d1b90, 0x00000237f2026aa0,
0x00000237f2027460, 0x00000237f2027d20, 0x00000237f203b4c0, 0x00000237f203c0b0,
0x00000237f203dbe0, 0x00000237f203e4e0, 0x00000237f21a89a0, 0x00000237f21b36a0,
0x00000237f23970f0
}

Java Threads: ( => current thread )
=>0x00000237d607b790 JavaThread "main" [_thread_in_vm, id=10712, stack(0x0000006925c00000,0x0000006925d00000)]
  0x00000237f16d10d0 JavaThread "Reference Handler" daemon [_thread_blocked, id=3604, stack(0x0000006926300000,0x0000006926400000)]
  0x00000237f16d1b90 JavaThread "Finalizer" daemon [_thread_blocked, id=23380, stack(0x0000006926400000,0x0000006926500000)]
  0x00000237f2026aa0 JavaThread "Signal Dispatcher" daemon [_thread_blocked, id=6296, stack(0x0000006926500000,0x0000006926600000)]
  0x00000237f2027460 JavaThread "Attach Listener" daemon [_thread_blocked, id=17688, stack(0x0000006926600000,0x0000006926700000)]
  0x00000237f2027d20 JavaThread "Service Thread" daemon [_thread_blocked, id=12696, stack(0x0000006926700000,0x0000006926800000)]
  0x00000237f203b4c0 JavaThread "Monitor Deflation Thread" daemon [_thread_blocked, id=15996, stack(0x0000006926800000,0x0000006926900000)]
  0x00000237f203c0b0 JavaThread "C2 CompilerThread0" daemon [_thread_blocked, id=21904, stack(0x0000006926900000,0x0000006926a00000)]
  0x00000237f203dbe0 JavaThread "C1 CompilerThread0" daemon [_thread_blocked, id=9920, stack(0x0000006926a00000,0x0000006926b00000)]
  0x00000237f203e4e0 JavaThread "Sweeper thread" daemon [_thread_blocked, id=23860, stack(0x0000006926b00000,0x0000006926c00000)]
  0x00000237f21a89a0 JavaThread "Notification Thread" daemon [_thread_blocked, id=13652, stack(0x0000006926c00000,0x0000006926d00000)]
  0x00000237f21b36a0 JavaThread "Common-Cleaner" daemon [_thread_blocked, id=22536, stack(0x0000006926e00000,0x0000006926f00000)]
  0x00000237f23970f0 JavaThread "C2 CompilerThread1" daemon [_thread_blocked, id=24744, stack(0x0000006927100000,0x0000006927200000)]

Other Threads:
  0x00000237f1701920 VMThread "VM Thread" [stack: 0x0000006926200000,0x0000006926300000] [id=20184]
  0x00000237d626f180 WatcherThread [stack: 0x0000006926d00000,0x0000006926e00000] [id=14844]
  0x00000237d620fe00 GCTaskThread "GC Thread#0" [stack: 0x0000006925d00000,0x0000006925e00000] [id=18524]
  0x00000237f23303a0 GCTaskThread "GC Thread#1" [stack: 0x0000006926f00000,0x0000006927000000] [id=3012]
  0x00000237f2356010 GCTaskThread "GC Thread#2" [stack: 0x0000006927000000,0x0000006927100000] [id=21624]
  0x00000237f2651ae0 GCTaskThread "GC Thread#3" [stack: 0x0000006927200000,0x0000006927300000] [id=10500]
  0x00000237f26825c0 GCTaskThread "GC Thread#4" [stack: 0x0000006927300000,0x0000006927400000] [id=19920]
  0x00000237d621e7c0 ConcurrentGCThread "G1 Main Marker" [stack: 0x0000006925e00000,0x0000006925f00000] [id=472]
  0x00000237d621f1d0 ConcurrentGCThread "G1 Conc#0" [stack: 0x0000006925f00000,0x0000006926000000] [id=24428]
  0x00000237d628e950 ConcurrentGCThread "G1 Refine#0" [stack: 0x0000006926000000,0x0000006926100000] [id=17220]
  0x00000237f15454d0 ConcurrentGCThread "G1 Service" [stack: 0x0000006926100000,0x0000006926200000] [id=11176]

Threads with active compile tasks:

VM state: not at safepoint (normal execution)

VM Mutex/Monitor currently owned by a thread: None

Heap address: 0x0000000092c00000, size: 1748 MB, Compressed Oops mode: 32-bit

CDS archive(s) not mapped
Compressed class space mapped at: 0x0000000100000000-0x0000000140000000, reserved size: 1073741824
Narrow klass base: 0x0000000000000000, Narrow klass shift: 3, Narrow klass range: 0x140000000

GC Precious Log:
 CPUs: 8 total, 8 available
 Memory: 6990M
 Large Page Support: Disabled
 NUMA Support: Disabled
 Compressed Oops: Enabled (32-bit)
 Heap Region Size: 1M
 Heap Min Capacity: 8M
 Heap Initial Capacity: 110M
 Heap Max Capacity: 1748M
 Pre-touch: Disabled
 Parallel Workers: 8
 Concurrent Workers: 2
 Concurrent Refinement Workers: 8
 Periodic GC: Disabled

Heap:
 garbage-first heap   total 219136K, used 61644K [0x0000000092c00000, 0x0000000100000000)
  region size 1024K, 62 young (63488K), 2 survivors (2048K)
 Metaspace       used 7236K, committed 7360K, reserved 1056768K
  class space    used 605K, committed 704K, reserved 1048576K

Heap Regions: E=young(eden), S=young(survivor), O=old, HS=humongous(starts), HC=humongous(continues), CS=collection set, F=free, OA=open archive, CA=closed archive, TAMS=top-at-mark-start (previous, next)
|   0|0x0000000092c00000, 0x0000000092c00000, 0x0000000092d00000|  0%| F|  |TAMS 0x0000000092c00000, 0x0000000092c00000| Untracked 
|   1|0x0000000092d00000, 0x0000000092d00000, 0x0000000092e00000|  0%| F|  |TAMS 0x0000000092d00000, 0x0000000092d00000| Untracked 
|   2|0x0000000092e00000, 0x0000000092e00000, 0x0000000092f00000|  0%| F|  |TAMS 0x0000000092e00000, 0x0000000092e00000| Untracked 
|   3|0x0000000092f00000, 0x0000000092f00000, 0x0000000093000000|  0%| F|  |TAMS 0x0000000092f00000, 0x0000000092f00000| Untracked 
|   4|0x0000000093000000, 0x0000000093000000, 0x0000000093100000|  0%| F|  |TAMS 0x0000000093000000, 0x0000000093000000| Untracked 
|   5|0x0000000093100000, 0x0000000093100000, 0x0000000093200000|  0%| F|  |TAMS 0x0000000093100000, 0x0000000093100000| Untracked 
|   6|0x0000000093200000, 0x0000000093200000, 0x0000000093300000|  0%| F|  |TAMS 0x0000000093200000, 0x0000000093200000| Untracked 
|   7|0x0000000093300000, 0x0000000093300000, 0x0000000093400000|  0%| F|  |TAMS 0x0000000093300000, 0x0000000093300000| Untracked 
|   8|0x0000000093400000, 0x0000000093400000, 0x0000000093500000|  0%| F|  |TAMS 0x0000000093400000, 0x0000000093400000| Untracked 
|   9|0x0000000093500000, 0x0000000093500000, 0x0000000093600000|  0%| F|  |TAMS 0x0000000093500000, 0x0000000093500000| Untracked 
|  10|0x0000000093600000, 0x0000000093600000, 0x0000000093700000|  0%| F|  |TAMS 0x0000000093600000, 0x0000000093600000| Untracked 
|  11|0x0000000093700000, 0x0000000093700000, 0x0000000093800000|  0%| F|  |TAMS 0x0000000093700000, 0x0000000093700000| Untracked 
|  12|0x0000000093800000, 0x0000000093800000, 0x0000000093900000|  0%| F|  |TAMS 0x0000000093800000, 0x0000000093800000| Untracked 
|  13|0x0000000093900000, 0x0000000093900000, 0x0000000093a00000|  0%| F|  |TAMS 0x0000000093900000, 0x0000000093900000| Untracked 
|  14|0x0000000093a00000, 0x0000000093a00000, 0x0000000093b00000|  0%| F|  |TAMS 0x0000000093a00000, 0x0000000093a00000| Untracked 
|  15|0x0000000093b00000, 0x0000000093b00000, 0x0000000093c00000|  0%| F|  |TAMS 0x0000000093b00000, 0x0000000093b00000| Untracked 
|  16|0x0000000093c00000, 0x0000000093c00000, 0x0000000093d00000|  0%| F|  |TAMS 0x0000000093c00000, 0x0000000093c00000| Untracked 
|  17|0x0000000093d00000, 0x0000000093d00000, 0x0000000093e00000|  0%| F|  |TAMS 0x0000000093d00000, 0x0000000093d00000| Untracked 
|  18|0x0000000093e00000, 0x0000000093e00000, 0x0000000093f00000|  0%| F|  |TAMS 0x0000000093e00000, 0x0000000093e00000| Untracked 
|  19|0x0000000093f00000, 0x0000000093f00000, 0x0000000094000000|  0%| F|  |TAMS 0x0000000093f00000, 0x0000000093f00000| Untracked 
|  20|0x0000000094000000, 0x0000000094000000, 0x0000000094100000|  0%| F|  |TAMS 0x0000000094000000, 0x0000000094000000| Untracked 
|  21|0x0000000094100000, 0x0000000094100000, 0x0000000094200000|  0%| F|  |TAMS 0x0000000094100000, 0x0000000094100000| Untracked 
|  22|0x0000000094200000, 0x0000000094200000, 0x0000000094300000|  0%| F|  |TAMS 0x0000000094200000, 0x0000000094200000| Untracked 
|  23|0x0000000094300000, 0x0000000094300000, 0x0000000094400000|  0%| F|  |TAMS 0x0000000094300000, 0x0000000094300000| Untracked 
|  24|0x0000000094400000, 0x0000000094400000, 0x0000000094500000|  0%| F|  |TAMS 0x0000000094400000, 0x0000000094400000| Untracked 
|  25|0x0000000094500000, 0x0000000094500000, 0x0000000094600000|  0%| F|  |TAMS 0x0000000094500000, 0x0000000094500000| Untracked 
|  26|0x0000000094600000, 0x0000000094600000, 0x0000000094700000|  0%| F|  |TAMS 0x0000000094600000, 0x0000000094600000| Untracked 
|  27|0x0000000094700000, 0x0000000094700000, 0x0000000094800000|  0%| F|  |TAMS 0x0000000094700000, 0x0000000094700000| Untracked 
|  28|0x0000000094800000, 0x0000000094800000, 0x0000000094900000|  0%| F|  |TAMS 0x0000000094800000, 0x0000000094800000| Untracked 
|  29|0x0000000094900000, 0x0000000094900000, 0x0000000094a00000|  0%| F|  |TAMS 0x0000000094900000, 0x0000000094900000| Untracked 
|  30|0x0000000094a00000, 0x0000000094a00000, 0x0000000094b00000|  0%| F|  |TAMS 0x0000000094a00000, 0x0000000094a00000| Untracked 
|  31|0x0000000094b00000, 0x0000000094b00000, 0x0000000094c00000|  0%| F|  |TAMS 0x0000000094b00000, 0x0000000094b00000| Untracked 
|  32|0x0000000094c00000, 0x0000000094c00000, 0x0000000094d00000|  0%| F|  |TAMS 0x0000000094c00000, 0x0000000094c00000| Untracked 
|  33|0x0000000094d00000, 0x0000000094d00000, 0x0000000094e00000|  0%| F|  |TAMS 0x0000000094d00000, 0x0000000094d00000| Untracked 
|  34|0x0000000094e00000, 0x0000000094e00000, 0x0000000094f00000|  0%| F|  |TAMS 0x0000000094e00000, 0x0000000094e00000| Untracked 
|  35|0x0000000094f00000, 0x0000000094f00000, 0x0000000095000000|  0%| F|  |TAMS 0x0000000094f00000, 0x0000000094f00000| Untracked 
|  36|0x0000000095000000, 0x0000000095000000, 0x0000000095100000|  0%| F|  |TAMS 0x0000000095000000, 0x0000000095000000| Untracked 
|  37|0x0000000095100000, 0x0000000095100000, 0x0000000095200000|  0%| F|  |TAMS 0x0000000095100000, 0x0000000095100000| Untracked 
|  38|0x0000000095200000, 0x0000000095200000, 0x0000000095300000|  0%| F|  |TAMS 0x0000000095200000, 0x0000000095200000| Untracked 
|  39|0x0000000095300000, 0x0000000095300000, 0x0000000095400000|  0%| F|  |TAMS 0x0000000095300000, 0x0000000095300000| Untracked 
|  40|0x0000000095400000, 0x0000000095400000, 0x0000000095500000|  0%| F|  |TAMS 0x0000000095400000, 0x0000000095400000| Untracked 
|  41|0x0000000095500000, 0x0000000095500000, 0x0000000095600000|  0%| F|  |TAMS 0x0000000095500000, 0x0000000095500000| Untracked 
|  42|0x0000000095600000, 0x0000000095600000, 0x0000000095700000|  0%| F|  |TAMS 0x0000000095600000, 0x0000000095600000| Untracked 
|  43|0x0000000095700000, 0x0000000095700000, 0x0000000095800000|  0%| F|  |TAMS 0x0000000095700000, 0x0000000095700000| Untracked 
|  44|0x0000000095800000, 0x0000000095800000, 0x0000000095900000|  0%| F|  |TAMS 0x0000000095800000, 0x0000000095800000| Untracked 
|  45|0x0000000095900000, 0x0000000095900000, 0x0000000095a00000|  0%| F|  |TAMS 0x0000000095900000, 0x0000000095900000| Untracked 
|  46|0x0000000095a00000, 0x0000000095a00000, 0x0000000095b00000|  0%| F|  |TAMS 0x0000000095a00000, 0x0000000095a00000| Untracked 
|  47|0x0000000095b00000, 0x0000000095b00000, 0x0000000095c00000|  0%| F|  |TAMS 0x0000000095b00000, 0x0000000095b00000| Untracked 
|  48|0x0000000095c00000, 0x0000000095c00000, 0x0000000095d00000|  0%| F|  |TAMS 0x0000000095c00000, 0x0000000095c00000| Untracked 
|  49|0x0000000095d00000, 0x0000000095d00000, 0x0000000095e00000|  0%| F|  |TAMS 0x0000000095d00000, 0x0000000095d00000| Untracked 
|  50|0x0000000095e00000, 0x0000000095e00000, 0x0000000095f00000|  0%| F|  |TAMS 0x0000000095e00000, 0x0000000095e00000| Untracked 
|  51|0x0000000095f00000, 0x0000000095f00000, 0x0000000096000000|  0%| F|  |TAMS 0x0000000095f00000, 0x0000000095f00000| Untracked 
|  52|0x0000000096000000, 0x0000000096000000, 0x0000000096100000|  0%| F|  |TAMS 0x0000000096000000, 0x0000000096000000| Untracked 
|  53|0x0000000096100000, 0x0000000096100000, 0x0000000096200000|  0%| F|  |TAMS 0x0000000096100000, 0x0000000096100000| Untracked 
|  54|0x0000000096200000, 0x0000000096200000, 0x0000000096300000|  0%| F|  |TAMS 0x0000000096200000, 0x0000000096200000| Untracked 
|  55|0x0000000096300000, 0x0000000096300000, 0x0000000096400000|  0%| F|  |TAMS 0x0000000096300000, 0x0000000096300000| Untracked 
|  56|0x0000000096400000, 0x0000000096400000, 0x0000000096500000|  0%| F|  |TAMS 0x0000000096400000, 0x0000000096400000| Untracked 
|  57|0x0000000096500000, 0x0000000096500000, 0x0000000096600000|  0%| F|  |TAMS 0x0000000096500000, 0x0000000096500000| Untracked 
|  58|0x0000000096600000, 0x0000000096600000, 0x0000000096700000|  0%| F|  |TAMS 0x0000000096600000, 0x0000000096600000| Untracked 
|  59|0x0000000096700000, 0x0000000096700000, 0x0000000096800000|  0%| F|  |TAMS 0x0000000096700000, 0x0000000096700000| Untracked 
|  60|0x0000000096800000, 0x0000000096800000, 0x0000000096900000|  0%| F|  |TAMS 0x0000000096800000, 0x0000000096800000| Untracked 
|  61|0x0000000096900000, 0x0000000096900000, 0x0000000096a00000|  0%| F|  |TAMS 0x0000000096900000, 0x0000000096900000| Untracked 
|  62|0x0000000096a00000, 0x0000000096a00000, 0x0000000096b00000|  0%| F|  |TAMS 0x0000000096a00000, 0x0000000096a00000| Untracked 
|  63|0x0000000096b00000, 0x0000000096b00000, 0x0000000096c00000|  0%| F|  |TAMS 0x0000000096b00000, 0x0000000096b00000| Untracked 
|  64|0x0000000096c00000, 0x0000000096c00000, 0x0000000096d00000|  0%| F|  |TAMS 0x0000000096c00000, 0x0000000096c00000| Untracked 
|  65|0x0000000096d00000, 0x0000000096d00000, 0x0000000096e00000|  0%| F|  |TAMS 0x0000000096d00000, 0x0000000096d00000| Untracked 
|  66|0x0000000096e00000, 0x0000000096e00000, 0x0000000096f00000|  0%| F|  |TAMS 0x0000000096e00000, 0x0000000096e00000| Untracked 
|  67|0x0000000096f00000, 0x0000000096f00000, 0x0000000097000000|  0%| F|  |TAMS 0x0000000096f00000, 0x0000000096f00000| Untracked 
|  68|0x0000000097000000, 0x0000000097000000, 0x0000000097100000|  0%| F|  |TAMS 0x0000000097000000, 0x0000000097000000| Untracked 
|  69|0x0000000097100000, 0x0000000097100000, 0x0000000097200000|  0%| F|  |TAMS 0x0000000097100000, 0x0000000097100000| Untracked 
|  70|0x0000000097200000, 0x0000000097200000, 0x0000000097300000|  0%| F|  |TAMS 0x0000000097200000, 0x0000000097200000| Untracked 
|  71|0x0000000097300000, 0x0000000097300000, 0x0000000097400000|  0%| F|  |TAMS 0x0000000097300000, 0x0000000097300000| Untracked 
|  72|0x0000000097400000, 0x0000000097400000, 0x0000000097500000|  0%| F|  |TAMS 0x0000000097400000, 0x0000000097400000| Untracked 
|  73|0x0000000097500000, 0x0000000097500000, 0x0000000097600000|  0%| F|  |TAMS 0x0000000097500000, 0x0000000097500000| Untracked 
|  74|0x0000000097600000, 0x0000000097600000, 0x0000000097700000|  0%| F|  |TAMS 0x0000000097600000, 0x0000000097600000| Untracked 
|  75|0x0000000097700000, 0x0000000097700000, 0x0000000097800000|  0%| F|  |TAMS 0x0000000097700000, 0x0000000097700000| Untracked 
|  76|0x0000000097800000, 0x0000000097800000, 0x0000000097900000|  0%| F|  |TAMS 0x0000000097800000, 0x0000000097800000| Untracked 
|  77|0x0000000097900000, 0x0000000097900000, 0x0000000097a00000|  0%| F|  |TAMS 0x0000000097900000, 0x0000000097900000| Untracked 
|  78|0x0000000097a00000, 0x0000000097a00000, 0x0000000097b00000|  0%| F|  |TAMS 0x0000000097a00000, 0x0000000097a00000| Untracked 
|  79|0x0000000097b00000, 0x0000000097b00000, 0x0000000097c00000|  0%| F|  |TAMS 0x0000000097b00000, 0x0000000097b00000| Untracked 
|  80|0x0000000097c00000, 0x0000000097c00000, 0x0000000097d00000|  0%| F|  |TAMS 0x0000000097c00000, 0x0000000097c00000| Untracked 
|  81|0x0000000097d00000, 0x0000000097d00000, 0x0000000097e00000|  0%| F|  |TAMS 0x0000000097d00000, 0x0000000097d00000| Untracked 
|  82|0x0000000097e00000, 0x0000000097e00000, 0x0000000097f00000|  0%| F|  |TAMS 0x0000000097e00000, 0x0000000097e00000| Untracked 
|  83|0x0000000097f00000, 0x0000000097f00000, 0x0000000098000000|  0%| F|  |TAMS 0x0000000097f00000, 0x0000000097f00000| Untracked 
|  84|0x0000000098000000, 0x0000000098000000, 0x0000000098100000|  0%| F|  |TAMS 0x0000000098000000, 0x0000000098000000| Untracked 
|  85|0x0000000098100000, 0x0000000098100000, 0x0000000098200000|  0%| F|  |TAMS 0x0000000098100000, 0x0000000098100000| Untracked 
|  86|0x0000000098200000, 0x0000000098233018, 0x0000000098300000| 19%| S|CS|TAMS 0x0000000098200000, 0x0000000098200000| Complete 
|  87|0x0000000098300000, 0x0000000098400000, 0x0000000098400000|100%| S|CS|TAMS 0x0000000098300000, 0x0000000098300000| Complete 
|  88|0x0000000098400000, 0x0000000098400000, 0x0000000098500000|  0%| F|  |TAMS 0x0000000098400000, 0x0000000098400000| Untracked 
|  89|0x0000000098500000, 0x0000000098500000, 0x0000000098600000|  0%| F|  |TAMS 0x0000000098500000, 0x0000000098500000| Untracked 
|  90|0x0000000098600000, 0x0000000098600000, 0x0000000098700000|  0%| F|  |TAMS 0x0000000098600000, 0x0000000098600000| Untracked 
|  91|0x0000000098700000, 0x0000000098700000, 0x0000000098800000|  0%| F|  |TAMS 0x0000000098700000, 0x0000000098700000| Untracked 
|  92|0x0000000098800000, 0x0000000098800000, 0x0000000098900000|  0%| F|  |TAMS 0x0000000098800000, 0x0000000098800000| Untracked 
|  93|0x0000000098900000, 0x0000000098900000, 0x0000000098a00000|  0%| F|  |TAMS 0x0000000098900000, 0x0000000098900000| Untracked 
|  94|0x0000000098a00000, 0x0000000098a00000, 0x0000000098b00000|  0%| F|  |TAMS 0x0000000098a00000, 0x0000000098a00000| Untracked 
|  95|0x0000000098b00000, 0x0000000098b00000, 0x0000000098c00000|  0%| F|  |TAMS 0x0000000098b00000, 0x0000000098b00000| Untracked 
|  96|0x0000000098c00000, 0x0000000098c00000, 0x0000000098d00000|  0%| F|  |TAMS 0x0000000098c00000, 0x0000000098c00000| Untracked 
|  97|0x0000000098d00000, 0x0000000098d00000, 0x0000000098e00000|  0%| F|  |TAMS 0x0000000098d00000, 0x0000000098d00000| Untracked 
|  98|0x0000000098e00000, 0x0000000098e00000, 0x0000000098f00000|  0%| F|  |TAMS 0x0000000098e00000, 0x0000000098e00000| Untracked 
|  99|0x0000000098f00000, 0x0000000098f00000, 0x0000000099000000|  0%| F|  |TAMS 0x0000000098f00000, 0x0000000098f00000| Untracked 
| 100|0x0000000099000000, 0x0000000099000000, 0x0000000099100000|  0%| F|  |TAMS 0x0000000099000000, 0x0000000099000000| Untracked 
| 101|0x0000000099100000, 0x0000000099100000, 0x0000000099200000|  0%| F|  |TAMS 0x0000000099100000, 0x0000000099100000| Untracked 
| 102|0x0000000099200000, 0x0000000099200000, 0x0000000099300000|  0%| F|  |TAMS 0x0000000099200000, 0x0000000099200000| Untracked 
| 103|0x0000000099300000, 0x0000000099300000, 0x0000000099400000|  0%| F|  |TAMS 0x0000000099300000, 0x0000000099300000| Untracked 
| 104|0x0000000099400000, 0x0000000099400000, 0x0000000099500000|  0%| F|  |TAMS 0x0000000099400000, 0x0000000099400000| Untracked 
| 105|0x0000000099500000, 0x0000000099500000, 0x0000000099600000|  0%| F|  |TAMS 0x0000000099500000, 0x0000000099500000| Untracked 
| 106|0x0000000099600000, 0x0000000099600000, 0x0000000099700000|  0%| F|  |TAMS 0x0000000099600000, 0x0000000099600000| Untracked 
| 107|0x0000000099700000, 0x0000000099700000, 0x0000000099800000|  0%| F|  |TAMS 0x0000000099700000, 0x0000000099700000| Untracked 
| 108|0x0000000099800000, 0x0000000099800000, 0x0000000099900000|  0%| F|  |TAMS 0x0000000099800000, 0x0000000099800000| Untracked 
| 109|0x0000000099900000, 0x0000000099900000, 0x0000000099a00000|  0%| F|  |TAMS 0x0000000099900000, 0x0000000099900000| Untracked 
| 110|0x0000000099a00000, 0x0000000099a00000, 0x0000000099b00000|  0%| F|  |TAMS 0x0000000099a00000, 0x0000000099a00000| Untracked 
| 111|0x0000000099b00000, 0x0000000099b00000, 0x0000000099c00000|  0%| F|  |TAMS 0x0000000099b00000, 0x0000000099b00000| Untracked 
| 112|0x0000000099c00000, 0x0000000099c00000, 0x0000000099d00000|  0%| F|  |TAMS 0x0000000099c00000, 0x0000000099c00000| Untracked 
| 113|0x0000000099d00000, 0x0000000099d00000, 0x0000000099e00000|  0%| F|  |TAMS 0x0000000099d00000, 0x0000000099d00000| Untracked 
| 114|0x0000000099e00000, 0x0000000099e00000, 0x0000000099f00000|  0%| F|  |TAMS 0x0000000099e00000, 0x0000000099e00000| Untracked 
| 115|0x0000000099f00000, 0x0000000099f00000, 0x000000009a000000|  0%| F|  |TAMS 0x0000000099f00000, 0x0000000099f00000| Untracked 
| 116|0x000000009a000000, 0x000000009a000000, 0x000000009a100000|  0%| F|  |TAMS 0x000000009a000000, 0x000000009a000000| Untracked 
| 117|0x000000009a100000, 0x000000009a100000, 0x000000009a200000|  0%| F|  |TAMS 0x000000009a100000, 0x000000009a100000| Untracked 
| 118|0x000000009a200000, 0x000000009a200000, 0x000000009a300000|  0%| F|  |TAMS 0x000000009a200000, 0x000000009a200000| Untracked 
| 119|0x000000009a300000, 0x000000009a300000, 0x000000009a400000|  0%| F|  |TAMS 0x000000009a300000, 0x000000009a300000| Untracked 
| 120|0x000000009a400000, 0x000000009a400000, 0x000000009a500000|  0%| F|  |TAMS 0x000000009a400000, 0x000000009a400000| Untracked 
| 121|0x000000009a500000, 0x000000009a500000, 0x000000009a600000|  0%| F|  |TAMS 0x000000009a500000, 0x000000009a500000| Untracked 
| 122|0x000000009a600000, 0x000000009a600000, 0x000000009a700000|  0%| F|  |TAMS 0x000000009a600000, 0x000000009a600000| Untracked 
| 123|0x000000009a700000, 0x000000009a700000, 0x000000009a800000|  0%| F|  |TAMS 0x000000009a700000, 0x000000009a700000| Untracked 
| 124|0x000000009a800000, 0x000000009a800000, 0x000000009a900000|  0%| F|  |TAMS 0x000000009a800000, 0x000000009a800000| Untracked 
| 125|0x000000009a900000, 0x000000009a900000, 0x000000009aa00000|  0%| F|  |TAMS 0x000000009a900000, 0x000000009a900000| Untracked 
| 126|0x000000009aa00000, 0x000000009aa00000, 0x000000009ab00000|  0%| F|  |TAMS 0x000000009aa00000, 0x000000009aa00000| Untracked 
| 127|0x000000009ab00000, 0x000000009ab00000, 0x000000009ac00000|  0%| F|  |TAMS 0x000000009ab00000, 0x000000009ab00000| Untracked 
| 128|0x000000009ac00000, 0x000000009ac00000, 0x000000009ad00000|  0%| F|  |TAMS 0x000000009ac00000, 0x000000009ac00000| Untracked 
| 129|0x000000009ad00000, 0x000000009ad00000, 0x000000009ae00000|  0%| F|  |TAMS 0x000000009ad00000, 0x000000009ad00000| Untracked 
| 130|0x000000009ae00000, 0x000000009ae00000, 0x000000009af00000|  0%| F|  |TAMS 0x000000009ae00000, 0x000000009ae00000| Untracked 
| 131|0x000000009af00000, 0x000000009af00000, 0x000000009b000000|  0%| F|  |TAMS 0x000000009af00000, 0x000000009af00000| Untracked 
| 132|0x000000009b000000, 0x000000009b000000, 0x000000009b100000|  0%| F|  |TAMS 0x000000009b000000, 0x000000009b000000| Untracked 
| 133|0x000000009b100000, 0x000000009b100000, 0x000000009b200000|  0%| F|  |TAMS 0x000000009b100000, 0x000000009b100000| Untracked 
| 134|0x000000009b200000, 0x000000009b200000, 0x000000009b300000|  0%| F|  |TAMS 0x000000009b200000, 0x000000009b200000| Untracked 
| 135|0x000000009b300000, 0x000000009b300000, 0x000000009b400000|  0%| F|  |TAMS 0x000000009b300000, 0x000000009b300000| Untracked 
| 136|0x000000009b400000, 0x000000009b400000, 0x000000009b500000|  0%| F|  |TAMS 0x000000009b400000, 0x000000009b400000| Untracked 
| 137|0x000000009b500000, 0x000000009b500000, 0x000000009b600000|  0%| F|  |TAMS 0x000000009b500000, 0x000000009b500000| Untracked 
| 138|0x000000009b600000, 0x000000009b600000, 0x000000009b700000|  0%| F|  |TAMS 0x000000009b600000, 0x000000009b600000| Untracked 
| 139|0x000000009b700000, 0x000000009b700000, 0x000000009b800000|  0%| F|  |TAMS 0x000000009b700000, 0x000000009b700000| Untracked 
| 140|0x000000009b800000, 0x000000009b800000, 0x000000009b900000|  0%| F|  |TAMS 0x000000009b800000, 0x000000009b800000| Untracked 
| 141|0x000000009b900000, 0x000000009b900000, 0x000000009ba00000|  0%| F|  |TAMS 0x000000009b900000, 0x000000009b900000| Untracked 
| 142|0x000000009ba00000, 0x000000009ba00000, 0x000000009bb00000|  0%| F|  |TAMS 0x000000009ba00000, 0x000000009ba00000| Untracked 
| 143|0x000000009bb00000, 0x000000009bb00000, 0x000000009bc00000|  0%| F|  |TAMS 0x000000009bb00000, 0x000000009bb00000| Untracked 
| 144|0x000000009bc00000, 0x000000009bc00000, 0x000000009bd00000|  0%| F|  |TAMS 0x000000009bc00000, 0x000000009bc00000| Untracked 
| 145|0x000000009bd00000, 0x000000009bd00000, 0x000000009be00000|  0%| F|  |TAMS 0x000000009bd00000, 0x000000009bd00000| Untracked 
| 146|0x000000009be00000, 0x000000009be00000, 0x000000009bf00000|  0%| F|  |TAMS 0x000000009be00000, 0x000000009be00000| Untracked 
| 147|0x000000009bf00000, 0x000000009bf00000, 0x000000009c000000|  0%| F|  |TAMS 0x000000009bf00000, 0x000000009bf00000| Untracked 
| 148|0x000000009c000000, 0x000000009c000000, 0x000000009c100000|  0%| F|  |TAMS 0x000000009c000000, 0x000000009c000000| Untracked 
| 149|0x000000009c100000, 0x000000009c100000, 0x000000009c200000|  0%| F|  |TAMS 0x000000009c100000, 0x000000009c100000| Untracked 
| 150|0x000000009c200000, 0x000000009c200000, 0x000000009c300000|  0%| F|  |TAMS 0x000000009c200000, 0x000000009c200000| Untracked 
| 151|0x000000009c300000, 0x000000009c300000, 0x000000009c400000|  0%| F|  |TAMS 0x000000009c300000, 0x000000009c300000| Untracked 
| 152|0x000000009c400000, 0x000000009c400000, 0x000000009c500000|  0%| F|  |TAMS 0x000000009c400000, 0x000000009c400000| Untracked 
| 153|0x000000009c500000, 0x000000009c500000, 0x000000009c600000|  0%| F|  |TAMS 0x000000009c500000, 0x000000009c500000| Untracked 
| 154|0x000000009c600000, 0x000000009c700000, 0x000000009c700000|100%| E|  |TAMS 0x000000009c600000, 0x000000009c600000| Complete 
| 155|0x000000009c700000, 0x000000009c800000, 0x000000009c800000|100%| E|CS|TAMS 0x000000009c700000, 0x000000009c700000| Complete 
| 156|0x000000009c800000, 0x000000009c900000, 0x000000009c900000|100%| E|CS|TAMS 0x000000009c800000, 0x000000009c800000| Complete 
| 157|0x000000009c900000, 0x000000009ca00000, 0x000000009ca00000|100%| E|CS|TAMS 0x000000009c900000, 0x000000009c900000| Complete 
| 158|0x000000009ca00000, 0x000000009cb00000, 0x000000009cb00000|100%| E|CS|TAMS 0x000000009ca00000, 0x000000009ca00000| Complete 
| 159|0x000000009cb00000, 0x000000009cc00000, 0x000000009cc00000|100%| E|CS|TAMS 0x000000009cb00000, 0x000000009cb00000| Complete 
| 160|0x000000009cc00000, 0x000000009cd00000, 0x000000009cd00000|100%| E|CS|TAMS 0x000000009cc00000, 0x000000009cc00000| Complete 
| 161|0x000000009cd00000, 0x000000009ce00000, 0x000000009ce00000|100%| E|CS|TAMS 0x000000009cd00000, 0x000000009cd00000| Complete 
| 162|0x000000009ce00000, 0x000000009cf00000, 0x000000009cf00000|100%| E|CS|TAMS 0x000000009ce00000, 0x000000009ce00000| Complete 
| 163|0x000000009cf00000, 0x000000009d000000, 0x000000009d000000|100%| E|CS|TAMS 0x000000009cf00000, 0x000000009cf00000| Complete 
| 164|0x000000009d000000, 0x000000009d100000, 0x000000009d100000|100%| E|CS|TAMS 0x000000009d000000, 0x000000009d000000| Complete 
| 165|0x000000009d100000, 0x000000009d200000, 0x000000009d200000|100%| E|CS|TAMS 0x000000009d100000, 0x000000009d100000| Complete 
| 166|0x000000009d200000, 0x000000009d300000, 0x000000009d300000|100%| E|CS|TAMS 0x000000009d200000, 0x000000009d200000| Complete 
| 167|0x000000009d300000, 0x000000009d400000, 0x000000009d400000|100%| E|CS|TAMS 0x000000009d300000, 0x000000009d300000| Complete 
| 168|0x000000009d400000, 0x000000009d500000, 0x000000009d500000|100%| E|CS|TAMS 0x000000009d400000, 0x000000009d400000| Complete 
| 169|0x000000009d500000, 0x000000009d600000, 0x000000009d600000|100%| E|CS|TAMS 0x000000009d500000, 0x000000009d500000| Complete 
| 170|0x000000009d600000, 0x000000009d700000, 0x000000009d700000|100%| E|CS|TAMS 0x000000009d600000, 0x000000009d600000| Complete 
| 171|0x000000009d700000, 0x000000009d800000, 0x000000009d800000|100%| E|CS|TAMS 0x000000009d700000, 0x000000009d700000| Complete 
| 172|0x000000009d800000, 0x000000009d900000, 0x000000009d900000|100%| E|CS|TAMS 0x000000009d800000, 0x000000009d800000| Complete 
| 173|0x000000009d900000, 0x000000009da00000, 0x000000009da00000|100%| E|CS|TAMS 0x000000009d900000, 0x000000009d900000| Complete 
| 174|0x000000009da00000, 0x000000009db00000, 0x000000009db00000|100%| E|CS|TAMS 0x000000009da00000, 0x000000009da00000| Complete 
| 175|0x000000009db00000, 0x000000009dc00000, 0x000000009dc00000|100%| E|CS|TAMS 0x000000009db00000, 0x000000009db00000| Complete 
| 176|0x000000009dc00000, 0x000000009dd00000, 0x000000009dd00000|100%| E|CS|TAMS 0x000000009dc00000, 0x000000009dc00000| Complete 
| 177|0x000000009dd00000, 0x000000009de00000, 0x000000009de00000|100%| E|CS|TAMS 0x000000009dd00000, 0x000000009dd00000| Complete 
| 178|0x000000009de00000, 0x000000009df00000, 0x000000009df00000|100%| E|CS|TAMS 0x000000009de00000, 0x000000009de00000| Complete 
| 179|0x000000009df00000, 0x000000009e000000, 0x000000009e000000|100%| E|CS|TAMS 0x000000009df00000, 0x000000009df00000| Complete 
| 180|0x000000009e000000, 0x000000009e100000, 0x000000009e100000|100%| E|CS|TAMS 0x000000009e000000, 0x000000009e000000| Complete 
| 181|0x000000009e100000, 0x000000009e200000, 0x000000009e200000|100%| E|CS|TAMS 0x000000009e100000, 0x000000009e100000| Complete 
| 182|0x000000009e200000, 0x000000009e300000, 0x000000009e300000|100%| E|CS|TAMS 0x000000009e200000, 0x000000009e200000| Complete 
| 183|0x000000009e300000, 0x000000009e400000, 0x000000009e400000|100%| E|CS|TAMS 0x000000009e300000, 0x000000009e300000| Complete 
| 184|0x000000009e400000, 0x000000009e500000, 0x000000009e500000|100%| E|CS|TAMS 0x000000009e400000, 0x000000009e400000| Complete 
| 185|0x000000009e500000, 0x000000009e600000, 0x000000009e600000|100%| E|CS|TAMS 0x000000009e500000, 0x000000009e500000| Complete 
| 186|0x000000009e600000, 0x000000009e700000, 0x000000009e700000|100%| E|CS|TAMS 0x000000009e600000, 0x000000009e600000| Complete 
| 187|0x000000009e700000, 0x000000009e800000, 0x000000009e800000|100%| E|CS|TAMS 0x000000009e700000, 0x000000009e700000| Complete 
| 188|0x000000009e800000, 0x000000009e900000, 0x000000009e900000|100%| E|CS|TAMS 0x000000009e800000, 0x000000009e800000| Complete 
| 189|0x000000009e900000, 0x000000009ea00000, 0x000000009ea00000|100%| E|CS|TAMS 0x000000009e900000, 0x000000009e900000| Complete 
| 190|0x000000009ea00000, 0x000000009eb00000, 0x000000009eb00000|100%| E|CS|TAMS 0x000000009ea00000, 0x000000009ea00000| Complete 
| 191|0x000000009eb00000, 0x000000009ec00000, 0x000000009ec00000|100%| E|CS|TAMS 0x000000009eb00000, 0x000000009eb00000| Complete 
| 192|0x000000009ec00000, 0x000000009ed00000, 0x000000009ed00000|100%| E|CS|TAMS 0x000000009ec00000, 0x000000009ec00000| Complete 
| 193|0x000000009ed00000, 0x000000009ee00000, 0x000000009ee00000|100%| E|CS|TAMS 0x000000009ed00000, 0x000000009ed00000| Complete 
| 194|0x000000009ee00000, 0x000000009ef00000, 0x000000009ef00000|100%| E|CS|TAMS 0x000000009ee00000, 0x000000009ee00000| Complete 
| 195|0x000000009ef00000, 0x000000009f000000, 0x000000009f000000|100%| E|CS|TAMS 0x000000009ef00000, 0x000000009ef00000| Complete 
| 196|0x000000009f000000, 0x000000009f100000, 0x000000009f100000|100%| E|CS|TAMS 0x000000009f000000, 0x000000009f000000| Complete 
| 197|0x000000009f100000, 0x000000009f200000, 0x000000009f200000|100%| E|CS|TAMS 0x000000009f100000, 0x000000009f100000| Complete 
| 198|0x000000009f200000, 0x000000009f300000, 0x000000009f300000|100%| E|CS|TAMS 0x000000009f200000, 0x000000009f200000| Complete 
| 199|0x000000009f300000, 0x000000009f400000, 0x000000009f400000|100%| E|CS|TAMS 0x000000009f300000, 0x000000009f300000| Complete 
| 200|0x000000009f400000, 0x000000009f500000, 0x000000009f500000|100%| E|CS|TAMS 0x000000009f400000, 0x000000009f400000| Complete 
| 201|0x000000009f500000, 0x000000009f600000, 0x000000009f600000|100%| E|CS|TAMS 0x000000009f500000, 0x000000009f500000| Complete 
| 202|0x000000009f600000, 0x000000009f700000, 0x000000009f700000|100%| E|CS|TAMS 0x000000009f600000, 0x000000009f600000| Complete 
| 203|0x000000009f700000, 0x000000009f800000, 0x000000009f800000|100%| E|CS|TAMS 0x000000009f700000, 0x000000009f700000| Complete 
| 204|0x000000009f800000, 0x000000009f900000, 0x000000009f900000|100%| E|CS|TAMS 0x000000009f800000, 0x000000009f800000| Complete 
| 205|0x000000009f900000, 0x000000009fa00000, 0x000000009fa00000|100%| E|CS|TAMS 0x000000009f900000, 0x000000009f900000| Complete 
| 206|0x000000009fa00000, 0x000000009fb00000, 0x000000009fb00000|100%| E|CS|TAMS 0x000000009fa00000, 0x000000009fa00000| Complete 
| 207|0x000000009fb00000, 0x000000009fc00000, 0x000000009fc00000|100%| E|CS|TAMS 0x000000009fb00000, 0x000000009fb00000| Complete 
| 208|0x000000009fc00000, 0x000000009fd00000, 0x000000009fd00000|100%| E|CS|TAMS 0x000000009fc00000, 0x000000009fc00000| Complete 
| 209|0x000000009fd00000, 0x000000009fe00000, 0x000000009fe00000|100%| E|CS|TAMS 0x000000009fd00000, 0x000000009fd00000| Complete 
| 210|0x000000009fe00000, 0x000000009ff00000, 0x000000009ff00000|100%| E|CS|TAMS 0x000000009fe00000, 0x000000009fe00000| Complete 
| 211|0x000000009ff00000, 0x00000000a0000000, 0x00000000a0000000|100%| E|CS|TAMS 0x000000009ff00000, 0x000000009ff00000| Complete 
| 212|0x00000000a0000000, 0x00000000a0100000, 0x00000000a0100000|100%| E|CS|TAMS 0x00000000a0000000, 0x00000000a0000000| Complete 
| 213|0x00000000a0100000, 0x00000000a0200000, 0x00000000a0200000|100%| E|CS|TAMS 0x00000000a0100000, 0x00000000a0100000| Complete 

Card table byte_map: [0x00000237eae90000,0x00000237eb200000] _byte_map_base: 0x00000237ea9fa000

Marking Bits (Prev, Next): (CMBitMap*) 0x00000237d6210410, (CMBitMap*) 0x00000237d6210450
 Prev Bits: [0x00000237eb570000, 0x00000237ed0c0000)
 Next Bits: [0x00000237ed0c0000, 0x00000237eec10000)

Polling page: 0x00000237d6290000

Metaspace:

Usage:
  Non-class:      6.48 MB used.
      Class:    605.48 KB used.
       Both:      7.07 MB used.

Virtual space:
  Non-class space:        8.00 MB reserved,       6.50 MB ( 81%) committed,  1 nodes.
      Class space:        1.00 GB reserved,     704.00 KB ( <1%) committed,  1 nodes.
             Both:        1.01 GB reserved,       7.19 MB ( <1%) committed. 

Chunk freelists:
   Non-Class:  1.39 MB
       Class:  3.16 MB
        Both:  4.55 MB

MaxMetaspaceSize: unlimited
CompressedClassSpaceSize: 1.00 GB
Initial GC threshold: 21.00 MB
Current GC threshold: 21.00 MB
CDS: off
MetaspaceReclaimPolicy: balanced
 - commit_granule_bytes: 65536.
 - commit_granule_words: 8192.
 - virtual_space_node_default_size: 1048576.
 - enlarge_chunks_in_place: 1.
 - new_chunks_are_fully_committed: 0.
 - uncommit_free_chunks: 1.
 - use_allocation_guard: 0.
 - handle_deallocations: 1.


Internal statistics:

num_allocs_failed_limit: 0.
num_arena_births: 6.
num_arena_deaths: 0.
num_vsnodes_births: 2.
num_vsnodes_deaths: 0.
num_space_committed: 115.
num_space_uncommitted: 0.
num_chunks_returned_to_freelist: 0.
num_chunks_taken_from_freelist: 59.
num_chunk_merges: 0.
num_chunk_splits: 32.
num_chunks_enlarged: 26.
num_purges: 0.
num_inconsistent_stats: 0.

CodeHeap 'non-profiled nmethods': size=120000Kb used=138Kb max_used=138Kb free=119861Kb
 bounds [0x00000237e2b80000, 0x00000237e2df0000, 0x00000237ea0b0000]
CodeHeap 'profiled nmethods': size=120000Kb used=540Kb max_used=540Kb free=119460Kb
 bounds [0x00000237db650000, 0x00000237db8c0000, 0x00000237e2b80000]
CodeHeap 'non-nmethods': size=5760Kb used=1142Kb max_used=1155Kb free=4618Kb
 bounds [0x00000237db0b0000, 0x00000237db320000, 0x00000237db650000]
 total_blobs=819 nmethods=390 adapters=342
 compilation: enabled
              stopped_count=0, restarted_count=0
 full_count=0

Compilation events (20 events):
Event: 1.130 Thread 0x00000237f203dbe0 nmethod 376 0x00000237db6d0d10 code [0x00000237db6d0fe0, 0x00000237db6d1df8]
Event: 1.130 Thread 0x00000237f203dbe0  377       3       java.util.zip.ZipUtils::CENLEN (9 bytes)
Event: 1.130 Thread 0x00000237f203dbe0 nmethod 377 0x00000237db6d2310 code [0x00000237db6d24c0, 0x00000237db6d2798]
Event: 1.130 Thread 0x00000237f203dbe0  379       3       java.io.WinNTFileSystem::isLetter (30 bytes)
Event: 1.130 Thread 0x00000237f203dbe0 nmethod 379 0x00000237db6d2910 code [0x00000237db6d2aa0, 0x00000237db6d2cb8]
Event: 1.134 Thread 0x00000237f203c0b0 nmethod 381 0x00000237e2ba1d90 code [0x00000237e2ba1f00, 0x00000237e2ba2098]
Event: 1.134 Thread 0x00000237f23970f0 nmethod 380 0x00000237e2ba2190 code [0x00000237e2ba2300, 0x00000237e2ba24b8]
Event: 1.140 Thread 0x00000237f203dbe0  382       3       java.lang.StringLatin1::indexOf (36 bytes)
Event: 1.140 Thread 0x00000237f203dbe0 nmethod 382 0x00000237db6d2d90 code [0x00000237db6d2f60, 0x00000237db6d3268]
Event: 1.140 Thread 0x00000237f203dbe0  383       3       java.lang.String::toLowerCase (8 bytes)
Event: 1.140 Thread 0x00000237f203dbe0 nmethod 383 0x00000237db6d3390 code [0x00000237db6d3560, 0x00000237db6d38f8]
Event: 1.141 Thread 0x00000237f203dbe0  384       3       java.util.Locale::getDefault (4 bytes)
Event: 1.141 Thread 0x00000237f203dbe0 nmethod 384 0x00000237db6d3a10 code [0x00000237db6d3ba0, 0x00000237db6d3c98]
Event: 1.141 Thread 0x00000237f203dbe0  385       1       java.net.URLStreamHandler::getDefaultPort (2 bytes)
Event: 1.141 Thread 0x00000237f203dbe0 nmethod 385 0x00000237e2ba2590 code [0x00000237e2ba2720, 0x00000237e2ba27f8]
Event: 1.166 Thread 0x00000237f203dbe0  386       3       java.lang.String::valueOf (15 bytes)
Event: 1.167 Thread 0x00000237f203dbe0 nmethod 386 0x00000237db6d3d10 code [0x00000237db6d3ec0, 0x00000237db6d40c8]
Event: 1.167 Thread 0x00000237f203dbe0  387       3       java.nio.Buffer::hasRemaining (17 bytes)
Event: 1.167 Thread 0x00000237f203dbe0 nmethod 387 0x00000237db6d4190 code [0x00000237db6d4320, 0x00000237db6d4498]
Event: 1.168 Thread 0x00000237f203dbe0  388   !   3       jdk.internal.loader.BuiltinClassLoader::loadClassOrNull (143 bytes)

GC Heap History (14 events):
Event: 0.537 GC heap before
{Heap before GC invocations=0 (full 0):
 garbage-first heap   total 112640K, used 23552K [0x0000000092c00000, 0x0000000100000000)
  region size 1024K, 23 young (23552K), 0 survivors (0K)
 Metaspace       used 6186K, committed 6400K, reserved 1056768K
  class space    used 506K, committed 640K, reserved 1048576K
}
Event: 0.541 GC heap after
{Heap after GC invocations=1 (full 0):
 garbage-first heap   total 112640K, used 1152K [0x0000000092c00000, 0x0000000100000000)
  region size 1024K, 2 young (2048K), 2 survivors (2048K)
 Metaspace       used 6186K, committed 6400K, reserved 1056768K
  class space    used 506K, committed 640K, reserved 1048576K
}
Event: 0.591 GC heap before
{Heap before GC invocations=1 (full 0):
 garbage-first heap   total 112640K, used 40064K [0x0000000092c00000, 0x0000000100000000)
  region size 1024K, 40 young (40960K), 2 survivors (2048K)
 Metaspace       used 6198K, committed 6400K, reserved 1056768K
  class space    used 506K, committed 640K, reserved 1048576K
}
Event: 0.596 GC heap after
{Heap after GC invocations=2 (full 0):
 garbage-first heap   total 112640K, used 1118K [0x0000000092c00000, 0x0000000100000000)
  region size 1024K, 2 young (2048K), 2 survivors (2048K)
 Metaspace       used 6198K, committed 6400K, reserved 1056768K
  class space    used 506K, committed 640K, reserved 1048576K
}
Event: 0.649 GC heap before
{Heap before GC invocations=2 (full 0):
 garbage-first heap   total 112640K, used 66654K [0x0000000092c00000, 0x0000000100000000)
  region size 1024K, 66 young (67584K), 2 survivors (2048K)
 Metaspace       used 6200K, committed 6464K, reserved 1056768K
  class space    used 506K, committed 640K, reserved 1048576K
}
Event: 0.652 GC heap after
{Heap after GC invocations=3 (full 0):
 garbage-first heap   total 112640K, used 1119K [0x0000000092c00000, 0x0000000100000000)
  region size 1024K, 2 young (2048K), 2 survivors (2048K)
 Metaspace       used 6200K, committed 6464K, reserved 1056768K
  class space    used 506K, committed 640K, reserved 1048576K
}
Event: 0.680 GC heap before
{Heap before GC invocations=3 (full 0):
 garbage-first heap   total 112640K, used 66655K [0x0000000092c00000, 0x0000000100000000)
  region size 1024K, 66 young (67584K), 2 survivors (2048K)
 Metaspace       used 6205K, committed 6464K, reserved 1056768K
  class space    used 506K, committed 640K, reserved 1048576K
}
Event: 0.683 GC heap after
{Heap after GC invocations=4 (full 0):
 garbage-first heap   total 112640K, used 1222K [0x0000000092c00000, 0x0000000100000000)
  region size 1024K, 2 young (2048K), 2 survivors (2048K)
 Metaspace       used 6205K, committed 6464K, reserved 1056768K
  class space    used 506K, committed 640K, reserved 1048576K
}
Event: 0.735 GC heap before
{Heap before GC invocations=4 (full 0):
 garbage-first heap   total 112640K, used 66758K [0x0000000092c00000, 0x0000000100000000)
  region size 1024K, 66 young (67584K), 2 survivors (2048K)
 Metaspace       used 6305K, committed 6464K, reserved 1056768K
  class space    used 514K, committed 640K, reserved 1048576K
}
Event: 0.738 GC heap after
{Heap after GC invocations=5 (full 0):
 garbage-first heap   total 112640K, used 1217K [0x0000000092c00000, 0x0000000100000000)
  region size 1024K, 2 young (2048K), 2 survivors (2048K)
 Metaspace       used 6305K, committed 6464K, reserved 1056768K
  class space    used 514K, committed 640K, reserved 1048576K
}
Event: 0.817 GC heap before
{Heap before GC invocations=5 (full 0):
 garbage-first heap   total 112640K, used 66753K [0x0000000092c00000, 0x0000000100000000)
  region size 1024K, 66 young (67584K), 2 survivors (2048K)
 Metaspace       used 6394K, committed 6592K, reserved 1056768K
  class space    used 522K, committed 640K, reserved 1048576K
}
Event: 0.822 GC heap after
{Heap after GC invocations=6 (full 0):
 garbage-first heap   total 219136K, used 1219K [0x0000000092c00000, 0x0000000100000000)
  region size 1024K, 2 young (2048K), 2 survivors (2048K)
 Metaspace       used 6394K, committed 6592K, reserved 1056768K
  class space    used 522K, committed 640K, reserved 1048576K
}
Event: 0.975 GC heap before
{Heap before GC invocations=6 (full 0):
 garbage-first heap   total 219136K, used 130243K [0x0000000092c00000, 0x0000000100000000)
  region size 1024K, 128 young (131072K), 2 survivors (2048K)
 Metaspace       used 6394K, committed 6592K, reserved 1056768K
  class space    used 522K, committed 640K, reserved 1048576K
}
Event: 0.978 GC heap after
{Heap after GC invocations=7 (full 0):
 garbage-first heap   total 219136K, used 1228K [0x0000000092c00000, 0x0000000100000000)
  region size 1024K, 2 young (2048K), 2 survivors (2048K)
 Metaspace       used 6394K, committed 6592K, reserved 1056768K
  class space    used 522K, committed 640K, reserved 1048576K
}

Deoptimization events (20 events):
Event: 0.707 Thread 0x00000237d607b790 DEOPT PACKING pc=0x00000237e2b8e060 sp=0x0000006925ccc350
Event: 0.707 Thread 0x00000237d607b790 DEOPT UNPACKING pc=0x00000237db1023a3 sp=0x0000006925ccc2b8 mode 2
Event: 0.730 Thread 0x00000237d607b790 Uncommon trap: trap_request=0xffffffde fr.pc=0x00000237e2b8d60c relative=0x00000000000002cc
Event: 0.730 Thread 0x00000237d607b790 Uncommon trap: reason=class_check action=maybe_recompile pc=0x00000237e2b8d60c method=java.util.regex.Matcher.search(I)Z @ 121 c2
Event: 0.730 Thread 0x00000237d607b790 DEOPT PACKING pc=0x00000237e2b8d60c sp=0x0000006925cfd3b0
Event: 0.730 Thread 0x00000237d607b790 DEOPT UNPACKING pc=0x00000237db1023a3 sp=0x0000006925cfd2d8 mode 2
Event: 0.730 Thread 0x00000237d607b790 Uncommon trap: trap_request=0xffffff45 fr.pc=0x00000237e2b8d6a4 relative=0x0000000000000364
Event: 0.730 Thread 0x00000237d607b790 Uncommon trap: reason=unstable_if action=reinterpret pc=0x00000237e2b8d6a4 method=java.util.regex.Matcher.search(I)Z @ 30 c2
Event: 0.730 Thread 0x00000237d607b790 DEOPT PACKING pc=0x00000237e2b8d6a4 sp=0x0000006925cfd3b0
Event: 0.730 Thread 0x00000237d607b790 DEOPT UNPACKING pc=0x00000237db1023a3 sp=0x0000006925cfd2e8 mode 2
Event: 0.730 Thread 0x00000237d607b790 Uncommon trap: trap_request=0xffffff45 fr.pc=0x00000237e2b8b968 relative=0x0000000000000328
Event: 0.730 Thread 0x00000237d607b790 Uncommon trap: reason=unstable_if action=reinterpret pc=0x00000237e2b8b968 method=java.util.regex.Matcher.search(I)Z @ 30 c2
Event: 0.730 Thread 0x00000237d607b790 DEOPT PACKING pc=0x00000237e2b8b968 sp=0x0000006925cfd330
Event: 0.730 Thread 0x00000237d607b790 DEOPT UNPACKING pc=0x00000237db1023a3 sp=0x0000006925cfd2e0 mode 2
Event: 0.998 Thread 0x00000237d607b790 Uncommon trap: trap_request=0xffffff45 fr.pc=0x00000237e2b9b0e8 relative=0x0000000000001be8
Event: 0.998 Thread 0x00000237d607b790 Uncommon trap: reason=unstable_if action=reinterpret pc=0x00000237e2b9b0e8 method=java.lang.StringLatin1.newString([BII)Ljava/lang/String; @ 1 c2
Event: 0.998 Thread 0x00000237d607b790 DEOPT PACKING pc=0x00000237e2b9b0e8 sp=0x0000006925ce2a00
Event: 0.998 Thread 0x00000237d607b790 DEOPT UNPACKING pc=0x00000237db1023a3 sp=0x0000006925ce2900 mode 2
Event: 1.140 Thread 0x00000237d607b790 DEOPT PACKING pc=0x00000237db668467 sp=0x0000006925cfe5e0
Event: 1.140 Thread 0x00000237d607b790 DEOPT UNPACKING pc=0x00000237db102b43 sp=0x0000006925cfda00 mode 0

Classes unloaded (0 events):
No events

Classes redefined (0 events):
No events

Internal exceptions (0 events):
No events

VM Operations (16 events):
Event: 0.367 Executing VM operation: HandshakeAllThreads
Event: 0.367 Executing VM operation: HandshakeAllThreads done
Event: 0.536 Executing VM operation: G1CollectForAllocation
Event: 0.541 Executing VM operation: G1CollectForAllocation done
Event: 0.590 Executing VM operation: G1CollectForAllocation
Event: 0.597 Executing VM operation: G1CollectForAllocation done
Event: 0.648 Executing VM operation: G1CollectForAllocation
Event: 0.652 Executing VM operation: G1CollectForAllocation done
Event: 0.679 Executing VM operation: G1CollectForAllocation
Event: 0.684 Executing VM operation: G1CollectForAllocation done
Event: 0.734 Executing VM operation: G1CollectForAllocation
Event: 0.738 Executing VM operation: G1CollectForAllocation done
Event: 0.816 Executing VM operation: G1CollectForAllocation
Event: 0.822 Executing VM operation: G1CollectForAllocation done
Event: 0.975 Executing VM operation: G1CollectForAllocation
Event: 0.978 Executing VM operation: G1CollectForAllocation done

Events (20 events):
Event: 1.007 loading class java/lang/IncompatibleClassChangeError
Event: 1.007 loading class java/lang/IncompatibleClassChangeError done
Event: 1.007 loading class java/lang/NoSuchFieldError done
Event: 1.030 loading class java/io/FileWriter
Event: 1.030 loading class java/io/FileWriter done
Event: 1.032 loading class java/io/FileOutputStream$1
Event: 1.032 loading class java/io/FileOutputStream$1 done
Event: 1.050 loading class java/lang/UnsatisfiedLinkError
Event: 1.050 loading class java/lang/UnsatisfiedLinkError done
Event: 1.058 Loaded shared library C:\Users\49173\Desktop\z3-4.11.2-x64-win\bin\libz3java.dll
Event: 1.163 loading class java/util/IdentityHashMap$Values
Event: 1.163 loading class java/util/IdentityHashMap$Values done
Event: 1.163 loading class java/util/IdentityHashMap$ValueIterator
Event: 1.163 loading class java/util/IdentityHashMap$IdentityHashMapIterator
Event: 1.163 loading class java/util/IdentityHashMap$IdentityHashMapIterator done
Event: 1.163 loading class java/util/IdentityHashMap$ValueIterator done
Event: 1.166 loading class java/lang/Throwable$WrappedPrintStream
Event: 1.166 loading class java/lang/Throwable$PrintStreamOrWriter
Event: 1.166 loading class java/lang/Throwable$PrintStreamOrWriter done
Event: 1.166 loading class java/lang/Throwable$WrappedPrintStream done


Dynamic libraries:
0x00007ff7f5210000 - 0x00007ff7f521e000 	C:\Users\49173\.p2\pool\plugins\org.eclipse.justj.openjdk.hotspot.jre.full.win32.x86_64_17.0.4.v20221004-1257\jre\bin\javaw.exe
0x00007ffbd6530000 - 0x00007ffbd6744000 	C:\WINDOWS\SYSTEM32\ntdll.dll
0x00007ffbd4e40000 - 0x00007ffbd4f03000 	C:\WINDOWS\System32\KERNEL32.DLL
0x00007ffbd3da0000 - 0x00007ffbd413d000 	C:\WINDOWS\System32\KERNELBASE.dll
0x00007ffbd3c80000 - 0x00007ffbd3d91000 	C:\WINDOWS\System32\ucrtbase.dll
0x00007ffbb17a0000 - 0x00007ffbb17b8000 	C:\Users\49173\.p2\pool\plugins\org.eclipse.justj.openjdk.hotspot.jre.full.win32.x86_64_17.0.4.v20221004-1257\jre\bin\jli.dll
0x00007ffbd45f0000 - 0x00007ffbd479d000 	C:\WINDOWS\System32\USER32.dll
0x00007ffbd4280000 - 0x00007ffbd42a6000 	C:\WINDOWS\System32\win32u.dll
0x00007ffbd57b0000 - 0x00007ffbd57d9000 	C:\WINDOWS\System32\GDI32.dll
0x00007ffbd3950000 - 0x00007ffbd3a62000 	C:\WINDOWS\System32\gdi32full.dll
0x00007ffbd3be0000 - 0x00007ffbd3c7a000 	C:\WINDOWS\System32\msvcp_win.dll
0x00007ffba93d0000 - 0x00007ffba93e9000 	C:\Users\49173\.p2\pool\plugins\org.eclipse.justj.openjdk.hotspot.jre.full.win32.x86_64_17.0.4.v20221004-1257\jre\bin\VCRUNTIME140.dll
0x00007ffbbc790000 - 0x00007ffbbca1e000 	C:\WINDOWS\WinSxS\amd64_microsoft.windows.common-controls_6595b64144ccf1df_6.0.22621.608_none_a9444ca7c10bb01d\COMCTL32.dll
0x00007ffbd4440000 - 0x00007ffbd44e7000 	C:\WINDOWS\System32\msvcrt.dll
0x00007ffbd4f10000 - 0x00007ffbd4f42000 	C:\WINDOWS\System32\IMM32.DLL
0x00007ffbc4160000 - 0x00007ffbc416c000 	C:\Users\49173\.p2\pool\plugins\org.eclipse.justj.openjdk.hotspot.jre.full.win32.x86_64_17.0.4.v20221004-1257\jre\bin\vcruntime140_1.dll
0x00007ffb972d0000 - 0x00007ffb97361000 	C:\Users\49173\.p2\pool\plugins\org.eclipse.justj.openjdk.hotspot.jre.full.win32.x86_64_17.0.4.v20221004-1257\jre\bin\msvcp140.dll
0x00007ffb4c3b0000 - 0x00007ffb4cff6000 	C:\Users\49173\.p2\pool\plugins\org.eclipse.justj.openjdk.hotspot.jre.full.win32.x86_64_17.0.4.v20221004-1257\jre\bin\server\jvm.dll
0x00007ffbd5300000 - 0x00007ffbd53ae000 	C:\WINDOWS\System32\ADVAPI32.dll
0x00007ffbd57e0000 - 0x00007ffbd5884000 	C:\WINDOWS\System32\sechost.dll
0x00007ffbd47a0000 - 0x00007ffbd48b5000 	C:\WINDOWS\System32\RPCRT4.dll
0x00007ffbac1a0000 - 0x00007ffbac1a9000 	C:\WINDOWS\SYSTEM32\WSOCK32.dll
0x00007ffbcbea0000 - 0x00007ffbcbed4000 	C:\WINDOWS\SYSTEM32\WINMM.dll
0x00007ffbd4940000 - 0x00007ffbd49b1000 	C:\WINDOWS\System32\WS2_32.dll
0x00007ffbca5f0000 - 0x00007ffbca5fa000 	C:\WINDOWS\SYSTEM32\VERSION.dll
0x00007ffbd5890000 - 0x00007ffbd5898000 	C:\WINDOWS\System32\PSAPI.DLL
0x00007ffbd2980000 - 0x00007ffbd2998000 	C:\WINDOWS\SYSTEM32\kernel.appcore.dll
0x00007ffbc06c0000 - 0x00007ffbc06ca000 	C:\Users\49173\.p2\pool\plugins\org.eclipse.justj.openjdk.hotspot.jre.full.win32.x86_64_17.0.4.v20221004-1257\jre\bin\jimage.dll
0x00007ffbd13c0000 - 0x00007ffbd15ee000 	C:\WINDOWS\SYSTEM32\DBGHELP.DLL
0x00007ffbd53b0000 - 0x00007ffbd573a000 	C:\WINDOWS\System32\combase.dll
0x00007ffbd60a0000 - 0x00007ffbd6177000 	C:\WINDOWS\System32\OLEAUT32.dll
0x00007ffbbcfb0000 - 0x00007ffbbcfe2000 	C:\WINDOWS\SYSTEM32\dbgcore.DLL
0x00007ffbd4140000 - 0x00007ffbd41bb000 	C:\WINDOWS\System32\bcryptPrimitives.dll
0x00007ffbb9510000 - 0x00007ffbb9535000 	C:\Users\49173\.p2\pool\plugins\org.eclipse.justj.openjdk.hotspot.jre.full.win32.x86_64_17.0.4.v20221004-1257\jre\bin\java.dll
0x00007ffbb94f0000 - 0x00007ffbb9508000 	C:\Users\49173\.p2\pool\plugins\org.eclipse.justj.openjdk.hotspot.jre.full.win32.x86_64_17.0.4.v20221004-1257\jre\bin\zip.dll
0x00007ffbd58a0000 - 0x00007ffbd608f000 	C:\WINDOWS\System32\SHELL32.dll
0x00007ffbd1930000 - 0x00007ffbd21f8000 	C:\WINDOWS\SYSTEM32\windows.storage.dll
0x00007ffbd17f0000 - 0x00007ffbd192e000 	C:\WINDOWS\SYSTEM32\wintypes.dll
0x00007ffbd44f0000 - 0x00007ffbd45e1000 	C:\WINDOWS\System32\SHCORE.dll
0x00007ffbd52a0000 - 0x00007ffbd52fe000 	C:\WINDOWS\System32\shlwapi.dll
0x00007ffbd3880000 - 0x00007ffbd38a1000 	C:\WINDOWS\SYSTEM32\profapi.dll
0x00007ffbb94d0000 - 0x00007ffbb94e9000 	C:\Users\49173\.p2\pool\plugins\org.eclipse.justj.openjdk.hotspot.jre.full.win32.x86_64_17.0.4.v20221004-1257\jre\bin\net.dll
0x00007ffbcde80000 - 0x00007ffbcdfaf000 	C:\WINDOWS\SYSTEM32\WINHTTP.dll
0x00007ffbd2e10000 - 0x00007ffbd2e79000 	C:\WINDOWS\system32\mswsock.dll
0x00007ffbb94b0000 - 0x00007ffbb94c5000 	C:\Users\49173\.p2\pool\plugins\org.eclipse.justj.openjdk.hotspot.jre.full.win32.x86_64_17.0.4.v20221004-1257\jre\bin\nio.dll
0x00007ffba9220000 - 0x00007ffba923e000 	C:\Users\49173\Desktop\z3-4.11.2-x64-win\bin\libz3java.dll
0x00007ffb963a0000 - 0x00007ffb972cb000 	C:\Users\49173\Desktop\z3-4.11.2-x64-win\bin\libz3.dll

dbghelp: loaded successfully - version: 4.0.5 - missing functions: none
symbol engine: initialized successfully - sym options: 0x614 - pdb path: .;C:\Users\49173\.p2\pool\plugins\org.eclipse.justj.openjdk.hotspot.jre.full.win32.x86_64_17.0.4.v20221004-1257\jre\bin;C:\WINDOWS\SYSTEM32;C:\WINDOWS\WinSxS\amd64_microsoft.windows.common-controls_6595b64144ccf1df_6.0.22621.608_none_a9444ca7c10bb01d;C:\Users\49173\.p2\pool\plugins\org.eclipse.justj.openjdk.hotspot.jre.full.win32.x86_64_17.0.4.v20221004-1257\jre\bin\server;C:\Users\49173\Desktop\z3-4.11.2-x64-win\bin

VM Arguments:
jvm_args: -Djava.library.path=C:\Users\49173\Desktop\z3-4.11.2-x64-win\bin -Dfile.encoding=UTF-8 -XX:+ShowCodeDetailsInExceptionMessages 
java_command: ConstraintSystem.RepairComputation.UnitTestSMT
java_class_path (initial): C:\Users\49173\Desktop\PP\PTARPTAR\PTARPTAR\target\classes;C:\Users\49173\.p2\pool\plugins\junit-jupiter-api_5.9.0.jar;C:\Users\49173\.p2\pool\plugins\junit-jupiter-engine_5.9.0.jar;C:\Users\49173\.p2\pool\plugins\junit-jupiter-migrationsupport_5.9.0.jar;C:\Users\49173\.p2\pool\plugins\junit-jupiter-params_5.9.0.jar;C:\Users\49173\.p2\pool\plugins\junit-platform-commons_1.9.0.jar;C:\Users\49173\.p2\pool\plugins\junit-platform-engine_1.9.0.jar;C:\Users\49173\.p2\pool\plugins\junit-platform-launcher_1.9.0.jar;C:\Users\49173\.p2\pool\plugins\junit-platform-runner_1.9.0.jar;C:\Users\49173\.p2\pool\plugins\junit-platform-suite-api_1.9.0.jar;C:\Users\49173\.p2\pool\plugins\junit-platform-suite-engine_1.9.0.jar;C:\Users\49173\.p2\pool\plugins\junit-platform-suite-commons_1.9.0.jar;C:\Users\49173\.p2\pool\plugins\junit-vintage-engine_5.9.0.jar;C:\Users\49173\.p2\pool\plugins\org.opentest4j_1.2.0.jar;C:\Users\49173\.p2\pool\plugins\org.apiguardian.api_1.1.2.jar;C:\Users\49173\.p2\pool\plugins\org.junit_4.13.2.v20211018-1956.jar;C:\Users\49173\.p2\pool\plugins\org.hamcrest.core_1.3.0.v20180420-1519.jar;C:\Users\49173\.m2\repository\org\json\json\20220924\json-20220924.jar;C:\Users\49173\.m2\repository\org\javatuples\javatuples\1.2\javatuples-1.2.jar;C:\Users\49173\.m2\repository\com\microsoft\z3\4.11.2\z3-4.11.2.jar
Launcher Type: SUN_STANDARD

[Global flags]
     intx CICompilerCount                          = 4                                         {product} {ergonomic}
     uint ConcGCThreads                            = 2                                         {product} {ergonomic}
     uint G1ConcRefinementThreads                  = 8                                         {product} {ergonomic}
   size_t G1HeapRegionSize                         = 1048576                                   {product} {ergonomic}
    uintx GCDrainStackTargetSize                   = 64                                        {product} {ergonomic}
   size_t InitialHeapSize                          = 115343360                                 {product} {ergonomic}
   size_t MarkStackSize                            = 4194304                                   {product} {ergonomic}
   size_t MaxHeapSize                              = 1832910848                                {product} {ergonomic}
   size_t MaxNewSize                               = 1098907648                                {product} {ergonomic}
   size_t MinHeapDeltaBytes                        = 1048576                                   {product} {ergonomic}
   size_t MinHeapSize                              = 8388608                                   {product} {ergonomic}
    uintx NonNMethodCodeHeapSize                   = 5839372                                {pd product} {ergonomic}
    uintx NonProfiledCodeHeapSize                  = 122909434                              {pd product} {ergonomic}
    uintx ProfiledCodeHeapSize                     = 122909434                              {pd product} {ergonomic}
    uintx ReservedCodeCacheSize                    = 251658240                              {pd product} {ergonomic}
     bool SegmentedCodeCache                       = true                                      {product} {ergonomic}
     bool ShowCodeDetailsInExceptionMessages       = true                                   {manageable} {command line}
   size_t SoftMaxHeapSize                          = 1832910848                             {manageable} {ergonomic}
     bool UseCompressedClassPointers               = true                           {product lp64_product} {ergonomic}
     bool UseCompressedOops                        = true                           {product lp64_product} {ergonomic}
     bool UseG1GC                                  = true                                      {product} {ergonomic}
     bool UseLargePagesIndividualAllocation        = false                                  {pd product} {ergonomic}

Logging:
Log output configuration:
 #0: stdout all=warning uptime,level,tags
 #1: stderr all=off uptime,level,tags

Environment Variables:
PATH=C:/Users/49173/.p2/pool/plugins/org.eclipse.justj.openjdk.hotspot.jre.full.win32.x86_64_17.0.4.v20221004-1257/jre/bin/server;C:/Users/49173/.p2/pool/plugins/org.eclipse.justj.openjdk.hotspot.jre.full.win32.x86_64_17.0.4.v20221004-1257/jre/bin;C:\WINDOWS\system32;C:\WINDOWS;C:\WINDOWS\System32\Wbem;C:\WINDOWS\System32\WindowsPowerShell\v1.0\;C:\WINDOWS\System32\OpenSSH\;C:\Users\49173\AppData\Roaming\Microsoft\Windows\Start Menu\Programs\Python 3.11;C:\Users\49173\AppData\Local\Programs\Python\Python311\Scripts;C:\Program Files\Docker\Docker\resources\bin;C:\Users\49173\Desktop\z3-4.11.2-x64-win\bin;C:\Users\49173\AppData\Local\Microsoft\WindowsApps;C:\Users\49173\AppData\Local\gitkraken\bin;C:\Program Files\JetBrains\PyCharm Community Edition 2022.2.3\bin;;C:\Users\49173\AppData\Roaming\Microsoft\Windows\Start Menu\Programs\Python 3.11;C:\Users\49173\AppData\Local\Programs\Python\Python311\Scripts;C:\Users\49173\AppData\Local\Programs\MiKTeX\miktex\bin\x64\;C:\Users\49173\Desktop\z3-4.11.2-x64-win\bin;;C:\Users\49173\AppData\Local\Microsoft\WindowsApps;C:\WINDOWS\System32;
USERNAME=49173
OS=Windows_NT
PROCESSOR_IDENTIFIER=AMD64 Family 25 Model 80 Stepping 0, AuthenticAMD
TMP=C:\Users\49173\AppData\Local\Temp
TEMP=C:\Users\49173\AppData\Local\Temp



---------------  S Y S T E M  ---------------

OS:
 Windows 11 , 64 bit Build 22621 (10.0.22621.963)
OS uptime: 1 days 11:55 hours
Hyper-V role detected

CPU: total 8 (initial active 8) (8 cores per cpu, 2 threads per core) family 25 model 80 stepping 0 microcode 0x0, cx8, cmov, fxsr, ht, mmx, 3dnowpref, sse, sse2, sse3, ssse3, sse4a, sse4.1, sse4.2, popcnt, lzcnt, tsc, tscinvbit, avx, avx2, aes, erms, clmul, bmi1, bmi2, adx, sha, fma, vzeroupper, clflush, clflushopt, hv

Memory: 4k page, system-wide physical 6990M (664M free)
TotalPageFile size 17974M (AvailPageFile size 9294M)
current process WorkingSet (physical memory assigned to process): 229M, peak: 245M
current process commit charge ("private bytes"): 319M, peak: 335M

vm_info: OpenJDK 64-Bit Server VM (17.0.4.1+1) for windows-amd64 JRE (17.0.4.1+1), built on Aug 17 2022 07:42:43 by "temurin" with MS VC++ 16.7 (VS2019)

END.
