#
# A fatal error has been detected by the Java Runtime Environment:
#
#  EXCEPTION_ACCESS_VIOLATION (0xc0000005) at pc=0x00007ffd7faac7f0, pid=5336, tid=19776
#
# JRE version: OpenJDK Runtime Environment Temurin-17.0.4.1+1 (17.0.4.1+1) (build 17.0.4.1+1)
# Java VM: OpenJDK 64-Bit Server VM Temurin-17.0.4.1+1 (17.0.4.1+1, mixed mode, tiered, compressed oops, compressed class ptrs, g1 gc, windows-amd64)
# Problematic frame:
# V  [jvm.dll+0xc7f0]
#
# No core dump will be written. Minidumps are not enabled by default on client versions of Windows
#
# If you would like to submit a bug report, please visit:
#   https://github.com/adoptium/adoptium-support/issues
#

---------------  S U M M A R Y ------------

Command Line: -Djava.library.path=C:\Users\49173\Desktop\z3-4.11.2-x64-win\bin -Dfile.encoding=UTF-8 -XX:+ShowCodeDetailsInExceptionMessages ptarptar.PTARPTAR

Host: AMD Ryzen 3 PRO 5450U with Radeon Graphics     , 8 cores, 6G,  Windows 11 , 64 bit Build 22621 (10.0.22621.963)
Time: Fri Jan  6 17:06:24 2023 Mitteleuropäische Zeit elapsed time: 15.174184 seconds (0d 0h 0m 15s)

---------------  T H R E A D  ---------------

Current thread (0x000001704d61e0e0):  JavaThread "main" [_thread_in_vm, id=19776, stack(0x0000004df9700000,0x0000004df9800000)]

Stack: [0x0000004df9700000,0x0000004df9800000],  sp=0x0000004df97fefe8,  free space=1019k
Native frames: (J=compiled Java code, j=interpreted, Vv=VM code, C=native code)
V  [jvm.dll+0xc7f0]

Java frames: (J=compiled Java code, j=interpreted, Vv=VM code)
j  com.microsoft.z3.Native.INTERNALparseSmtlib2String(JLjava/lang/String;I[J[JI[J[J)J+0
j  com.microsoft.z3.Native.parseSmtlib2String(JLjava/lang/String;I[J[JI[J[J)J+13
j  com.microsoft.z3.Context.parseSMTLIB2String(Ljava/lang/String;[Lcom/microsoft/z3/Symbol;[Lcom/microsoft/z3/Sort;[Lcom/microsoft/z3/Symbol;[Lcom/microsoft/z3/FuncDecl;)[Lcom/microsoft/z3/BoolExpr;+88
j  repair.repairComputation.MaxSMT.repairValuesComputation(Ljava/lang/String;Ljava/util/List;Ljava/lang/String;)I+69
j  repair.RepairProcess.conductRepair(Lrun/Run;Lnpta/NPTA;Lrepair/repairComputation/VariationVariable$VarType;Ljava/util/List;Ljava/lang/String;Ljava/lang/String;Ljava/lang/String;)V+15
j  ptarptar.PTARPTAR.repairModel(Lrun/Run;Lnpta/NPTA;Lrepair/repairComputation/VariationVariable$VarType;Ljava/util/List;Ljava/lang/String;Ljava/lang/String;ILjava/lang/String;)V+10
j  ptarptar.PTARPTAR.main([Ljava/lang/String;)V+192
v  ~StubRoutines::call_stub

siginfo: EXCEPTION_ACCESS_VIOLATION (0xc0000005), reading address 0x0000000000000000


Register to memory mapping:

RIP=0x00007ffd7faac7f0 jvm.dll
RAX=0x0 is NULL
RBX=0x000001704d61e0e0 is a thread
RCX=0x0 is NULL
RDX=0x0 is NULL
RSP=0x0000004df97fefe8 is pointing into the stack for thread: 0x000001704d61e0e0
RBP=0x0000004df97ff1a8 is pointing into the stack for thread: 0x000001704d61e0e0
RSI=0x0 is NULL
RDI=0x0 is NULL
R8 =0x0 is NULL
R9 =0x0 is NULL
R10=0x0000017050ced5d2 is at code_begin+946 in an Interpreter codelet
method entry point (kind = native)  [0x0000017050ced220, 0x0000017050cedba0]  2432 bytes
R11=0x000000009dcf40d8 is an oop: java.lang.Class 
{0x000000009dcf40d8} - klass: 'java/lang/Class'
 - ---- fields (total size 14 words):
 - private volatile transient 'classRedefinedCount' 'I' @12  0
 - private volatile transient 'cachedConstructor' 'Ljava/lang/reflect/Constructor;' @40  NULL (0)
 - private transient 'name' 'Ljava/lang/String;' @44  "com.microsoft.z3.Native"{0x000000009dcf4158} (9dcf4158)
 - private transient 'module' 'Ljava/lang/Module;' @48  a 'java/lang/Module'{0x0000000092c06ec8} (92c06ec8)
 - private final 'classLoader' 'Ljava/lang/ClassLoader;' @52  a 'jdk/internal/loader/ClassLoaders$AppClassLoader'{0x0000000092c006c0} (92c006c0)
 - private transient 'classData' 'Ljava/lang/Object;' @56  NULL (0)
 - private transient 'packageName' 'Ljava/lang/String;' @60  "com.microsoft.z3"{0x000000009dca8ad8} (9dca8ad8)
 - private final 'componentType' 'Ljava/lang/Class;' @64  NULL (0)
 - private volatile transient 'reflectionData' 'Ljava/lang/ref/SoftReference;' @68  NULL (0)
 - private volatile transient 'genericInfo' 'Lsun/reflect/generics/repository/ClassRepository;' @72  NULL (0)
 - private volatile transient 'enumConstants' '[Ljava/lang/Object;' @76  NULL (0)
 - private volatile transient 'enumConstantDirectory' 'Ljava/util/Map;' @80  NULL (0)
 - private volatile transient 'annotationData' 'Ljava/lang/Class$AnnotationData;' @84  NULL (0)
 - private volatile transient 'annotationType' 'Lsun/reflect/annotation/AnnotationType;' @88  NULL (0)
 - transient 'classValueMap' 'Ljava/lang/ClassValue$ClassValueMap;' @92  NULL (0)
 - signature: Lcom/microsoft/z3/Native;
 - fake entry for mirror: 'com/microsoft/z3/Native'
 - fake entry for array: NULL
 - fake entry for oop_size: 14
 - fake entry for static_oop_field_count: 0
R12=0x0 is NULL
R13={method} {0x0000017067229408} 'INTERNALparseSmtlib2String' '(JLjava/lang/String;I[J[JI[J[J)J' in 'com/microsoft/z3/Native'
R14=0x0 is NULL
R15=0x000001704d61e0e0 is a thread


Registers:
RAX=0x0000000000000000, RBX=0x000001704d61e0e0, RCX=0x0000000000000000, RDX=0x0000000000000000
RSP=0x0000004df97fefe8, RBP=0x0000004df97ff1a8, RSI=0x0000000000000000, RDI=0x0000000000000000
R8 =0x0000000000000000, R9 =0x0000000000000000, R10=0x0000017050ced5d2, R11=0x000000009dcf40d8
R12=0x0000000000000000, R13=0x0000017067229400, R14=0x0000000000000000, R15=0x000001704d61e0e0
RIP=0x00007ffd7faac7f0, EFLAGS=0x0000000000010246

Top of Stack: (sp=0x0000004df97fefe8)
0x0000004df97fefe8:   00007ffd7fe8951a 0000000000000000
0x0000004df97feff8:   0000000000000007 000000000000000d
0x0000004df97ff008:   0000017067229400 000001704d61e0e0
0x0000004df97ff018:   0000000000000000 0000000000000007
0x0000004df97ff028:   0000017066b71970 0000106b353b883c
0x0000004df97ff038:   0000000000000007 000001704d61e0e0
0x0000004df97ff048:   0000004df97ff208 0000000092c2a550
0x0000004df97ff058:   0000000000000000 000001704d61e388
0x0000004df97ff068:   00007ffd93888367 0000004df97ff1a8
0x0000004df97ff078:   0000004df97ff208 0000001bb5bb5977
0x0000004df97ff088:   0000000000000000 000001704d61e0e0
0x0000004df97ff098:   0000000000000001 0000017067229400
0x0000004df97ff0a8:   000001704d61e0e0 000001704d61e0e0
0x0000004df97ff0b8:   0000004df97ff208 0000017067229400
0x0000004df97ff0c8:   0000000000000000 0000000092c2a550
0x0000004df97ff0d8:   0000000000000000 0000004df97ff1a8 

Instructions: (pc=0x00007ffd7faac7f0)
0x00007ffd7faac6f0:   00 00 00 48 8b 41 38 48 8b 80 88 09 00 00 48 8b
0x00007ffd7faac700:   48 08 48 8b 40 50 48 d3 ea 80 3c 02 01 0f 85 cd
0x00007ffd7faac710:   00 00 00 48 8b 13 0f b6 c2 24 03 3c 03 75 19 48
0x00007ffd7faac720:   83 e2 fc 74 13 48 3b da 74 11 48 8b c2 48 8b 5c
0x00007ffd7faac730:   24 38 48 83 c4 20 5e c3 48 8b d3 48 8b 46 38 0f
0x00007ffd7faac740:   be 88 f0 02 00 00 c1 e9 02 f6 c1 01 74 dc 48 89
0x00007ffd7faac750:   7c 24 30 e8 28 e5 ff ff 48 8b 0d 09 32 b9 00 48
0x00007ffd7faac760:   8b f8 48 81 c1 90 09 00 00 8b 41 40 0f b6 57 21
0x00007ffd7faac770:   8d 42 01 88 47 21 84 d2 75 0a 48 8b d7 e8 5e a1
0x00007ffd7faac780:   6f 00 eb 20 80 7f 22 00 75 1a 8b 41 40 85 05 01
0x00007ffd7faac790:   a4 9a 00 74 0f b8 ff ff ff ff f0 0f c1 41 40 e8
0x00007ffd7faac7a0:   8c a1 6f 00 48 8b 4e 38 4c 8b c7 48 8b d3 e8 dd
0x00007ffd7faac7b0:   f7 ff ff 0f b6 4f 21 48 8b d8 48 8b 15 a7 31 b9
0x00007ffd7faac7c0:   00 8d 41 ff 88 47 21 80 f9 01 77 0f 48 8d 8a 90
0x00007ffd7faac7d0:   09 00 00 48 8b d7 e8 35 a1 6f 00 48 8b 7c 24 30
0x00007ffd7faac7e0:   48 8b c3 48 8b 5c 24 38 48 83 c4 20 5e c3 cc cc
0x00007ffd7faac7f0:   48 8b 01 c3 cc cc cc cc cc cc cc cc cc cc cc cc
0x00007ffd7faac800:   4c 8b 01 4c 8b c9 48 8b 0d f3 c2 b4 00 ba 44 60
0x00007ffd7faac810:   08 00 e9 59 f2 ff ff cc cc cc cc cc cc cc cc cc
0x00007ffd7faac820:   48 89 5c 24 08 57 48 83 ec 20 48 8b 39 48 8b d9
0x00007ffd7faac830:   48 85 3d a1 a0 b9 00 75 0e 48 8b c7 48 8b 5c 24
0x00007ffd7faac840:   30 48 83 c4 20 5f c3 48 8b cf e8 51 6e 85 00 48
0x00007ffd7faac850:   8b d0 48 85 c0 74 20 48 8b c7 f0 48 0f b1 13 74
0x00007ffd7faac860:   16 48 85 05 70 a0 b9 00 74 0d 48 8b c8 f0 48 0f
0x00007ffd7faac870:   b1 13 48 3b c1 75 ea 48 8b 5c 24 30 48 8b c2 48
0x00007ffd7faac880:   83 c4 20 5f c3 cc cc cc cc cc cc cc cc cc cc cc
0x00007ffd7faac890:   4c 8b 01 4c 8b c9 48 8b 0d 63 c2 b4 00 ba 64 60
0x00007ffd7faac8a0:   08 00 e9 c9 f1 ff ff cc cc cc cc cc cc cc cc cc
0x00007ffd7faac8b0:   8b 05 42 0a af 00 c3 cc cc cc cc cc cc cc cc cc
0x00007ffd7faac8c0:   0f b6 05 98 ca b5 00 48 8b d1 84 c0 74 16 44 8b
0x00007ffd7faac8d0:   41 08 8b 0d 20 0a af 00 49 d3 e0 4c 03 05 0e 0a
0x00007ffd7faac8e0:   af 00 eb 04 4c 8b 41 08 45 8b 50 08 45 85 d2 7e 


Stack slot to memory mapping:
stack at sp + 0 slots: 0x00007ffd7fe8951a jvm.dll
stack at sp + 1 slots: 0x0 is NULL
stack at sp + 2 slots: 0x0000000000000007 is an unknown value
stack at sp + 3 slots: 0x000000000000000d is an unknown value
stack at sp + 4 slots: {method} {0x0000017067229408} 'INTERNALparseSmtlib2String' '(JLjava/lang/String;I[J[JI[J[J)J' in 'com/microsoft/z3/Native'
stack at sp + 5 slots: 0x000001704d61e0e0 is a thread
stack at sp + 6 slots: 0x0 is NULL
stack at sp + 7 slots: 0x0000000000000007 is an unknown value


---------------  P R O C E S S  ---------------

Threads class SMR info:
_java_thread_list=0x0000017067c324a0, length=12, elements={
0x000001704d61e0e0, 0x0000017066b1ce60, 0x0000017066b1da10, 0x0000017066b7ea00,
0x00000170675584c0, 0x0000017067558d80, 0x0000017067569060, 0x000001706756b590,
0x000001706756be90, 0x000001706757cf50, 0x0000017067567850, 0x0000017067569530
}

Java Threads: ( => current thread )
=>0x000001704d61e0e0 JavaThread "main" [_thread_in_vm, id=19776, stack(0x0000004df9700000,0x0000004df9800000)]
  0x0000017066b1ce60 JavaThread "Reference Handler" daemon [_thread_blocked, id=316, stack(0x0000004df9e00000,0x0000004df9f00000)]
  0x0000017066b1da10 JavaThread "Finalizer" daemon [_thread_blocked, id=14692, stack(0x0000004df9f00000,0x0000004dfa000000)]
  0x0000017066b7ea00 JavaThread "Signal Dispatcher" daemon [_thread_blocked, id=3252, stack(0x0000004dfa000000,0x0000004dfa100000)]
  0x00000170675584c0 JavaThread "Attach Listener" daemon [_thread_blocked, id=5928, stack(0x0000004dfa100000,0x0000004dfa200000)]
  0x0000017067558d80 JavaThread "Service Thread" daemon [_thread_blocked, id=8212, stack(0x0000004dfa200000,0x0000004dfa300000)]
  0x0000017067569060 JavaThread "Monitor Deflation Thread" daemon [_thread_blocked, id=12148, stack(0x0000004dfa300000,0x0000004dfa400000)]
  0x000001706756b590 JavaThread "C2 CompilerThread0" daemon [_thread_blocked, id=4992, stack(0x0000004dfa400000,0x0000004dfa500000)]
  0x000001706756be90 JavaThread "C1 CompilerThread0" daemon [_thread_blocked, id=17156, stack(0x0000004dfa500000,0x0000004dfa600000)]
  0x000001706757cf50 JavaThread "Sweeper thread" daemon [_thread_blocked, id=6252, stack(0x0000004dfa600000,0x0000004dfa700000)]
  0x0000017067567850 JavaThread "Notification Thread" daemon [_thread_blocked, id=14708, stack(0x0000004dfa700000,0x0000004dfa800000)]
  0x0000017067569530 JavaThread "Common-Cleaner" daemon [_thread_blocked, id=16240, stack(0x0000004dfa900000,0x0000004dfaa00000)]

Other Threads:
  0x0000017066b4b020 VMThread "VM Thread" [stack: 0x0000004df9d00000,0x0000004df9e00000] [id=21316]
  0x000001704d694320 WatcherThread [stack: 0x0000004dfa800000,0x0000004dfa900000] [id=20912]
  0x000001704d6714f0 GCTaskThread "GC Thread#0" [stack: 0x0000004df9800000,0x0000004df9900000] [id=16336]
  0x0000017067732040 GCTaskThread "GC Thread#1" [stack: 0x0000004dfaa00000,0x0000004dfab00000] [id=1016]
  0x00000170677c2350 GCTaskThread "GC Thread#2" [stack: 0x0000004dfab00000,0x0000004dfac00000] [id=19756]
  0x0000017067712020 GCTaskThread "GC Thread#3" [stack: 0x0000004dfac00000,0x0000004dfad00000] [id=5784]
  0x0000017067886ca0 GCTaskThread "GC Thread#4" [stack: 0x0000004dfad00000,0x0000004dfae00000] [id=19136]
  0x0000017067831f90 GCTaskThread "GC Thread#5" [stack: 0x0000004dfae00000,0x0000004dfaf00000] [id=10684]
  0x000001704d680010 ConcurrentGCThread "G1 Main Marker" [stack: 0x0000004df9900000,0x0000004df9a00000] [id=17816]
  0x000001704d6811c0 ConcurrentGCThread "G1 Conc#0" [stack: 0x0000004df9a00000,0x0000004df9b00000] [id=15456]
  0x00000170669910a0 ConcurrentGCThread "G1 Refine#0" [stack: 0x0000004df9b00000,0x0000004df9c00000] [id=21000]
  0x0000017066991960 ConcurrentGCThread "G1 Service" [stack: 0x0000004df9c00000,0x0000004df9d00000] [id=20108]

Threads with active compile tasks:

VM state: not at safepoint (normal execution)

VM Mutex/Monitor currently owned by a thread: None

Heap address: 0x0000000092c00000, size: 1748 MB, Compressed Oops mode: 32-bit

CDS archive(s) not mapped
Compressed class space mapped at: 0x0000000100000000-0x0000000140000000, reserved size: 1073741824
Narrow klass base: 0x0000000000000000, Narrow klass shift: 3, Narrow klass range: 0x140000000

GC Precious Log:
 CPUs: 8 total, 8 available
 Memory: 6990M
 Large Page Support: Disabled
 NUMA Support: Disabled
 Compressed Oops: Enabled (32-bit)
 Heap Region Size: 1M
 Heap Min Capacity: 8M
 Heap Initial Capacity: 110M
 Heap Max Capacity: 1748M
 Pre-touch: Disabled
 Parallel Workers: 8
 Concurrent Workers: 2
 Concurrent Refinement Workers: 8
 Periodic GC: Disabled

Heap:
 garbage-first heap   total 275456K, used 98734K [0x0000000092c00000, 0x0000000100000000)
  region size 1024K, 96 young (98304K), 1 survivors (1024K)
 Metaspace       used 7326K, committed 7488K, reserved 1056768K
  class space    used 607K, committed 704K, reserved 1048576K

Heap Regions: E=young(eden), S=young(survivor), O=old, HS=humongous(starts), HC=humongous(continues), CS=collection set, F=free, OA=open archive, CA=closed archive, TAMS=top-at-mark-start (previous, next)
|   0|0x0000000092c00000, 0x0000000092d00000, 0x0000000092d00000|100%| O|  |TAMS 0x0000000092c00000, 0x0000000092c00000| Untracked 
|   1|0x0000000092d00000, 0x0000000092e00000, 0x0000000092e00000|100%| O|  |TAMS 0x0000000092d00000, 0x0000000092d00000| Untracked 
|   2|0x0000000092e00000, 0x0000000092e66a00, 0x0000000092f00000| 40%| O|  |TAMS 0x0000000092e00000, 0x0000000092e00000| Untracked 
|   3|0x0000000092f00000, 0x0000000092f00000, 0x0000000093000000|  0%| F|  |TAMS 0x0000000092f00000, 0x0000000092f00000| Untracked 
|   4|0x0000000093000000, 0x0000000093000000, 0x0000000093100000|  0%| F|  |TAMS 0x0000000093000000, 0x0000000093000000| Untracked 
|   5|0x0000000093100000, 0x0000000093100000, 0x0000000093200000|  0%| F|  |TAMS 0x0000000093100000, 0x0000000093100000| Untracked 
|   6|0x0000000093200000, 0x0000000093200000, 0x0000000093300000|  0%| F|  |TAMS 0x0000000093200000, 0x0000000093200000| Untracked 
|   7|0x0000000093300000, 0x0000000093300000, 0x0000000093400000|  0%| F|  |TAMS 0x0000000093300000, 0x0000000093300000| Untracked 
|   8|0x0000000093400000, 0x0000000093400000, 0x0000000093500000|  0%| F|  |TAMS 0x0000000093400000, 0x0000000093400000| Untracked 
|   9|0x0000000093500000, 0x0000000093500000, 0x0000000093600000|  0%| F|  |TAMS 0x0000000093500000, 0x0000000093500000| Untracked 
|  10|0x0000000093600000, 0x0000000093600000, 0x0000000093700000|  0%| F|  |TAMS 0x0000000093600000, 0x0000000093600000| Untracked 
|  11|0x0000000093700000, 0x0000000093700000, 0x0000000093800000|  0%| F|  |TAMS 0x0000000093700000, 0x0000000093700000| Untracked 
|  12|0x0000000093800000, 0x0000000093800000, 0x0000000093900000|  0%| F|  |TAMS 0x0000000093800000, 0x0000000093800000| Untracked 
|  13|0x0000000093900000, 0x0000000093900000, 0x0000000093a00000|  0%| F|  |TAMS 0x0000000093900000, 0x0000000093900000| Untracked 
|  14|0x0000000093a00000, 0x0000000093a00000, 0x0000000093b00000|  0%| F|  |TAMS 0x0000000093a00000, 0x0000000093a00000| Untracked 
|  15|0x0000000093b00000, 0x0000000093b00000, 0x0000000093c00000|  0%| F|  |TAMS 0x0000000093b00000, 0x0000000093b00000| Untracked 
|  16|0x0000000093c00000, 0x0000000093c00000, 0x0000000093d00000|  0%| F|  |TAMS 0x0000000093c00000, 0x0000000093c00000| Untracked 
|  17|0x0000000093d00000, 0x0000000093d00000, 0x0000000093e00000|  0%| F|  |TAMS 0x0000000093d00000, 0x0000000093d00000| Untracked 
|  18|0x0000000093e00000, 0x0000000093e00000, 0x0000000093f00000|  0%| F|  |TAMS 0x0000000093e00000, 0x0000000093e00000| Untracked 
|  19|0x0000000093f00000, 0x0000000093f00000, 0x0000000094000000|  0%| F|  |TAMS 0x0000000093f00000, 0x0000000093f00000| Untracked 
|  20|0x0000000094000000, 0x0000000094000000, 0x0000000094100000|  0%| F|  |TAMS 0x0000000094000000, 0x0000000094000000| Untracked 
|  21|0x0000000094100000, 0x0000000094100000, 0x0000000094200000|  0%| F|  |TAMS 0x0000000094100000, 0x0000000094100000| Untracked 
|  22|0x0000000094200000, 0x0000000094200000, 0x0000000094300000|  0%| F|  |TAMS 0x0000000094200000, 0x0000000094200000| Untracked 
|  23|0x0000000094300000, 0x0000000094300000, 0x0000000094400000|  0%| F|  |TAMS 0x0000000094300000, 0x0000000094300000| Untracked 
|  24|0x0000000094400000, 0x0000000094400000, 0x0000000094500000|  0%| F|  |TAMS 0x0000000094400000, 0x0000000094400000| Untracked 
|  25|0x0000000094500000, 0x0000000094500000, 0x0000000094600000|  0%| F|  |TAMS 0x0000000094500000, 0x0000000094500000| Untracked 
|  26|0x0000000094600000, 0x0000000094600000, 0x0000000094700000|  0%| F|  |TAMS 0x0000000094600000, 0x0000000094600000| Untracked 
|  27|0x0000000094700000, 0x0000000094700000, 0x0000000094800000|  0%| F|  |TAMS 0x0000000094700000, 0x0000000094700000| Untracked 
|  28|0x0000000094800000, 0x0000000094800000, 0x0000000094900000|  0%| F|  |TAMS 0x0000000094800000, 0x0000000094800000| Untracked 
|  29|0x0000000094900000, 0x0000000094900000, 0x0000000094a00000|  0%| F|  |TAMS 0x0000000094900000, 0x0000000094900000| Untracked 
|  30|0x0000000094a00000, 0x0000000094a00000, 0x0000000094b00000|  0%| F|  |TAMS 0x0000000094a00000, 0x0000000094a00000| Untracked 
|  31|0x0000000094b00000, 0x0000000094b00000, 0x0000000094c00000|  0%| F|  |TAMS 0x0000000094b00000, 0x0000000094b00000| Untracked 
|  32|0x0000000094c00000, 0x0000000094c00000, 0x0000000094d00000|  0%| F|  |TAMS 0x0000000094c00000, 0x0000000094c00000| Untracked 
|  33|0x0000000094d00000, 0x0000000094d00000, 0x0000000094e00000|  0%| F|  |TAMS 0x0000000094d00000, 0x0000000094d00000| Untracked 
|  34|0x0000000094e00000, 0x0000000094e00000, 0x0000000094f00000|  0%| F|  |TAMS 0x0000000094e00000, 0x0000000094e00000| Untracked 
|  35|0x0000000094f00000, 0x0000000094f00000, 0x0000000095000000|  0%| F|  |TAMS 0x0000000094f00000, 0x0000000094f00000| Untracked 
|  36|0x0000000095000000, 0x0000000095000000, 0x0000000095100000|  0%| F|  |TAMS 0x0000000095000000, 0x0000000095000000| Untracked 
|  37|0x0000000095100000, 0x0000000095100000, 0x0000000095200000|  0%| F|  |TAMS 0x0000000095100000, 0x0000000095100000| Untracked 
|  38|0x0000000095200000, 0x0000000095200000, 0x0000000095300000|  0%| F|  |TAMS 0x0000000095200000, 0x0000000095200000| Untracked 
|  39|0x0000000095300000, 0x0000000095300000, 0x0000000095400000|  0%| F|  |TAMS 0x0000000095300000, 0x0000000095300000| Untracked 
|  40|0x0000000095400000, 0x0000000095400000, 0x0000000095500000|  0%| F|  |TAMS 0x0000000095400000, 0x0000000095400000| Untracked 
|  41|0x0000000095500000, 0x0000000095500000, 0x0000000095600000|  0%| F|  |TAMS 0x0000000095500000, 0x0000000095500000| Untracked 
|  42|0x0000000095600000, 0x0000000095600000, 0x0000000095700000|  0%| F|  |TAMS 0x0000000095600000, 0x0000000095600000| Untracked 
|  43|0x0000000095700000, 0x0000000095700000, 0x0000000095800000|  0%| F|  |TAMS 0x0000000095700000, 0x0000000095700000| Untracked 
|  44|0x0000000095800000, 0x0000000095800000, 0x0000000095900000|  0%| F|  |TAMS 0x0000000095800000, 0x0000000095800000| Untracked 
|  45|0x0000000095900000, 0x0000000095900000, 0x0000000095a00000|  0%| F|  |TAMS 0x0000000095900000, 0x0000000095900000| Untracked 
|  46|0x0000000095a00000, 0x0000000095a00000, 0x0000000095b00000|  0%| F|  |TAMS 0x0000000095a00000, 0x0000000095a00000| Untracked 
|  47|0x0000000095b00000, 0x0000000095b00000, 0x0000000095c00000|  0%| F|  |TAMS 0x0000000095b00000, 0x0000000095b00000| Untracked 
|  48|0x0000000095c00000, 0x0000000095c00000, 0x0000000095d00000|  0%| F|  |TAMS 0x0000000095c00000, 0x0000000095c00000| Untracked 
|  49|0x0000000095d00000, 0x0000000095d00000, 0x0000000095e00000|  0%| F|  |TAMS 0x0000000095d00000, 0x0000000095d00000| Untracked 
|  50|0x0000000095e00000, 0x0000000095e00000, 0x0000000095f00000|  0%| F|  |TAMS 0x0000000095e00000, 0x0000000095e00000| Untracked 
|  51|0x0000000095f00000, 0x0000000095f00000, 0x0000000096000000|  0%| F|  |TAMS 0x0000000095f00000, 0x0000000095f00000| Untracked 
|  52|0x0000000096000000, 0x0000000096000000, 0x0000000096100000|  0%| F|  |TAMS 0x0000000096000000, 0x0000000096000000| Untracked 
|  53|0x0000000096100000, 0x0000000096100000, 0x0000000096200000|  0%| F|  |TAMS 0x0000000096100000, 0x0000000096100000| Untracked 
|  54|0x0000000096200000, 0x0000000096200000, 0x0000000096300000|  0%| F|  |TAMS 0x0000000096200000, 0x0000000096200000| Untracked 
|  55|0x0000000096300000, 0x0000000096300000, 0x0000000096400000|  0%| F|  |TAMS 0x0000000096300000, 0x0000000096300000| Untracked 
|  56|0x0000000096400000, 0x0000000096400000, 0x0000000096500000|  0%| F|  |TAMS 0x0000000096400000, 0x0000000096400000| Untracked 
|  57|0x0000000096500000, 0x0000000096500000, 0x0000000096600000|  0%| F|  |TAMS 0x0000000096500000, 0x0000000096500000| Untracked 
|  58|0x0000000096600000, 0x0000000096600000, 0x0000000096700000|  0%| F|  |TAMS 0x0000000096600000, 0x0000000096600000| Untracked 
|  59|0x0000000096700000, 0x0000000096700000, 0x0000000096800000|  0%| F|  |TAMS 0x0000000096700000, 0x0000000096700000| Untracked 
|  60|0x0000000096800000, 0x0000000096800000, 0x0000000096900000|  0%| F|  |TAMS 0x0000000096800000, 0x0000000096800000| Untracked 
|  61|0x0000000096900000, 0x0000000096900000, 0x0000000096a00000|  0%| F|  |TAMS 0x0000000096900000, 0x0000000096900000| Untracked 
|  62|0x0000000096a00000, 0x0000000096a00000, 0x0000000096b00000|  0%| F|  |TAMS 0x0000000096a00000, 0x0000000096a00000| Untracked 
|  63|0x0000000096b00000, 0x0000000096b00000, 0x0000000096c00000|  0%| F|  |TAMS 0x0000000096b00000, 0x0000000096b00000| Untracked 
|  64|0x0000000096c00000, 0x0000000096c00000, 0x0000000096d00000|  0%| F|  |TAMS 0x0000000096c00000, 0x0000000096c00000| Untracked 
|  65|0x0000000096d00000, 0x0000000096d00000, 0x0000000096e00000|  0%| F|  |TAMS 0x0000000096d00000, 0x0000000096d00000| Untracked 
|  66|0x0000000096e00000, 0x0000000096e00000, 0x0000000096f00000|  0%| F|  |TAMS 0x0000000096e00000, 0x0000000096e00000| Untracked 
|  67|0x0000000096f00000, 0x0000000096f00000, 0x0000000097000000|  0%| F|  |TAMS 0x0000000096f00000, 0x0000000096f00000| Untracked 
|  68|0x0000000097000000, 0x0000000097000000, 0x0000000097100000|  0%| F|  |TAMS 0x0000000097000000, 0x0000000097000000| Untracked 
|  69|0x0000000097100000, 0x0000000097100000, 0x0000000097200000|  0%| F|  |TAMS 0x0000000097100000, 0x0000000097100000| Untracked 
|  70|0x0000000097200000, 0x0000000097200000, 0x0000000097300000|  0%| F|  |TAMS 0x0000000097200000, 0x0000000097200000| Untracked 
|  71|0x0000000097300000, 0x0000000097300000, 0x0000000097400000|  0%| F|  |TAMS 0x0000000097300000, 0x0000000097300000| Untracked 
|  72|0x0000000097400000, 0x0000000097400000, 0x0000000097500000|  0%| F|  |TAMS 0x0000000097400000, 0x0000000097400000| Untracked 
|  73|0x0000000097500000, 0x0000000097500000, 0x0000000097600000|  0%| F|  |TAMS 0x0000000097500000, 0x0000000097500000| Untracked 
|  74|0x0000000097600000, 0x0000000097600000, 0x0000000097700000|  0%| F|  |TAMS 0x0000000097600000, 0x0000000097600000| Untracked 
|  75|0x0000000097700000, 0x0000000097700000, 0x0000000097800000|  0%| F|  |TAMS 0x0000000097700000, 0x0000000097700000| Untracked 
|  76|0x0000000097800000, 0x0000000097800000, 0x0000000097900000|  0%| F|  |TAMS 0x0000000097800000, 0x0000000097800000| Untracked 
|  77|0x0000000097900000, 0x0000000097900000, 0x0000000097a00000|  0%| F|  |TAMS 0x0000000097900000, 0x0000000097900000| Untracked 
|  78|0x0000000097a00000, 0x0000000097a00000, 0x0000000097b00000|  0%| F|  |TAMS 0x0000000097a00000, 0x0000000097a00000| Untracked 
|  79|0x0000000097b00000, 0x0000000097b00000, 0x0000000097c00000|  0%| F|  |TAMS 0x0000000097b00000, 0x0000000097b00000| Untracked 
|  80|0x0000000097c00000, 0x0000000097c00000, 0x0000000097d00000|  0%| F|  |TAMS 0x0000000097c00000, 0x0000000097c00000| Untracked 
|  81|0x0000000097d00000, 0x0000000097d00000, 0x0000000097e00000|  0%| F|  |TAMS 0x0000000097d00000, 0x0000000097d00000| Untracked 
|  82|0x0000000097e00000, 0x0000000097e00000, 0x0000000097f00000|  0%| F|  |TAMS 0x0000000097e00000, 0x0000000097e00000| Untracked 
|  83|0x0000000097f00000, 0x0000000097f00000, 0x0000000098000000|  0%| F|  |TAMS 0x0000000097f00000, 0x0000000097f00000| Untracked 
|  84|0x0000000098000000, 0x0000000098000000, 0x0000000098100000|  0%| F|  |TAMS 0x0000000098000000, 0x0000000098000000| Untracked 
|  85|0x0000000098100000, 0x0000000098100000, 0x0000000098200000|  0%| F|  |TAMS 0x0000000098100000, 0x0000000098100000| Untracked 
|  86|0x0000000098200000, 0x0000000098200000, 0x0000000098300000|  0%| F|  |TAMS 0x0000000098200000, 0x0000000098200000| Untracked 
|  87|0x0000000098300000, 0x0000000098300000, 0x0000000098400000|  0%| F|  |TAMS 0x0000000098300000, 0x0000000098300000| Untracked 
|  88|0x0000000098400000, 0x0000000098400000, 0x0000000098500000|  0%| F|  |TAMS 0x0000000098400000, 0x0000000098400000| Untracked 
|  89|0x0000000098500000, 0x0000000098500000, 0x0000000098600000|  0%| F|  |TAMS 0x0000000098500000, 0x0000000098500000| Untracked 
|  90|0x0000000098600000, 0x0000000098600000, 0x0000000098700000|  0%| F|  |TAMS 0x0000000098600000, 0x0000000098600000| Untracked 
|  91|0x0000000098700000, 0x0000000098700000, 0x0000000098800000|  0%| F|  |TAMS 0x0000000098700000, 0x0000000098700000| Untracked 
|  92|0x0000000098800000, 0x0000000098800000, 0x0000000098900000|  0%| F|  |TAMS 0x0000000098800000, 0x0000000098800000| Untracked 
|  93|0x0000000098900000, 0x0000000098900000, 0x0000000098a00000|  0%| F|  |TAMS 0x0000000098900000, 0x0000000098900000| Untracked 
|  94|0x0000000098a00000, 0x0000000098a00000, 0x0000000098b00000|  0%| F|  |TAMS 0x0000000098a00000, 0x0000000098a00000| Untracked 
|  95|0x0000000098b00000, 0x0000000098b00000, 0x0000000098c00000|  0%| F|  |TAMS 0x0000000098b00000, 0x0000000098b00000| Untracked 
|  96|0x0000000098c00000, 0x0000000098c00000, 0x0000000098d00000|  0%| F|  |TAMS 0x0000000098c00000, 0x0000000098c00000| Untracked 
|  97|0x0000000098d00000, 0x0000000098d00000, 0x0000000098e00000|  0%| F|  |TAMS 0x0000000098d00000, 0x0000000098d00000| Untracked 
|  98|0x0000000098e00000, 0x0000000098e00000, 0x0000000098f00000|  0%| F|  |TAMS 0x0000000098e00000, 0x0000000098e00000| Untracked 
|  99|0x0000000098f00000, 0x0000000098f00000, 0x0000000099000000|  0%| F|  |TAMS 0x0000000098f00000, 0x0000000098f00000| Untracked 
| 100|0x0000000099000000, 0x0000000099000000, 0x0000000099100000|  0%| F|  |TAMS 0x0000000099000000, 0x0000000099000000| Untracked 
| 101|0x0000000099100000, 0x0000000099100000, 0x0000000099200000|  0%| F|  |TAMS 0x0000000099100000, 0x0000000099100000| Untracked 
| 102|0x0000000099200000, 0x0000000099200000, 0x0000000099300000|  0%| F|  |TAMS 0x0000000099200000, 0x0000000099200000| Untracked 
| 103|0x0000000099300000, 0x0000000099300000, 0x0000000099400000|  0%| F|  |TAMS 0x0000000099300000, 0x0000000099300000| Untracked 
| 104|0x0000000099400000, 0x0000000099400000, 0x0000000099500000|  0%| F|  |TAMS 0x0000000099400000, 0x0000000099400000| Untracked 
| 105|0x0000000099500000, 0x0000000099500000, 0x0000000099600000|  0%| F|  |TAMS 0x0000000099500000, 0x0000000099500000| Untracked 
| 106|0x0000000099600000, 0x0000000099600000, 0x0000000099700000|  0%| F|  |TAMS 0x0000000099600000, 0x0000000099600000| Untracked 
| 107|0x0000000099700000, 0x0000000099705188, 0x0000000099800000|  1%| S|CS|TAMS 0x0000000099700000, 0x0000000099700000| Complete 
| 108|0x0000000099800000, 0x0000000099800000, 0x0000000099900000|  0%| F|  |TAMS 0x0000000099800000, 0x0000000099800000| Untracked 
| 109|0x0000000099900000, 0x0000000099900000, 0x0000000099a00000|  0%| F|  |TAMS 0x0000000099900000, 0x0000000099900000| Untracked 
| 110|0x0000000099a00000, 0x0000000099a00000, 0x0000000099b00000|  0%| F|  |TAMS 0x0000000099a00000, 0x0000000099a00000| Untracked 
| 111|0x0000000099b00000, 0x0000000099b00000, 0x0000000099c00000|  0%| F|  |TAMS 0x0000000099b00000, 0x0000000099b00000| Untracked 
| 112|0x0000000099c00000, 0x0000000099c00000, 0x0000000099d00000|  0%| F|  |TAMS 0x0000000099c00000, 0x0000000099c00000| Untracked 
| 113|0x0000000099d00000, 0x0000000099d00000, 0x0000000099e00000|  0%| F|  |TAMS 0x0000000099d00000, 0x0000000099d00000| Untracked 
| 114|0x0000000099e00000, 0x0000000099e00000, 0x0000000099f00000|  0%| F|  |TAMS 0x0000000099e00000, 0x0000000099e00000| Untracked 
| 115|0x0000000099f00000, 0x0000000099f00000, 0x000000009a000000|  0%| F|  |TAMS 0x0000000099f00000, 0x0000000099f00000| Untracked 
| 116|0x000000009a000000, 0x000000009a000000, 0x000000009a100000|  0%| F|  |TAMS 0x000000009a000000, 0x000000009a000000| Untracked 
| 117|0x000000009a100000, 0x000000009a100000, 0x000000009a200000|  0%| F|  |TAMS 0x000000009a100000, 0x000000009a100000| Untracked 
| 118|0x000000009a200000, 0x000000009a200000, 0x000000009a300000|  0%| F|  |TAMS 0x000000009a200000, 0x000000009a200000| Untracked 
| 119|0x000000009a300000, 0x000000009a300000, 0x000000009a400000|  0%| F|  |TAMS 0x000000009a300000, 0x000000009a300000| Untracked 
| 120|0x000000009a400000, 0x000000009a400000, 0x000000009a500000|  0%| F|  |TAMS 0x000000009a400000, 0x000000009a400000| Untracked 
| 121|0x000000009a500000, 0x000000009a500000, 0x000000009a600000|  0%| F|  |TAMS 0x000000009a500000, 0x000000009a500000| Untracked 
| 122|0x000000009a600000, 0x000000009a600000, 0x000000009a700000|  0%| F|  |TAMS 0x000000009a600000, 0x000000009a600000| Untracked 
| 123|0x000000009a700000, 0x000000009a700000, 0x000000009a800000|  0%| F|  |TAMS 0x000000009a700000, 0x000000009a700000| Untracked 
| 124|0x000000009a800000, 0x000000009a800000, 0x000000009a900000|  0%| F|  |TAMS 0x000000009a800000, 0x000000009a800000| Untracked 
| 125|0x000000009a900000, 0x000000009a900000, 0x000000009aa00000|  0%| F|  |TAMS 0x000000009a900000, 0x000000009a900000| Untracked 
| 126|0x000000009aa00000, 0x000000009aa00000, 0x000000009ab00000|  0%| F|  |TAMS 0x000000009aa00000, 0x000000009aa00000| Untracked 
| 127|0x000000009ab00000, 0x000000009ab00000, 0x000000009ac00000|  0%| F|  |TAMS 0x000000009ab00000, 0x000000009ab00000| Untracked 
| 128|0x000000009ac00000, 0x000000009ac00000, 0x000000009ad00000|  0%| F|  |TAMS 0x000000009ac00000, 0x000000009ac00000| Untracked 
| 129|0x000000009ad00000, 0x000000009ad00000, 0x000000009ae00000|  0%| F|  |TAMS 0x000000009ad00000, 0x000000009ad00000| Untracked 
| 130|0x000000009ae00000, 0x000000009ae00000, 0x000000009af00000|  0%| F|  |TAMS 0x000000009ae00000, 0x000000009ae00000| Untracked 
| 131|0x000000009af00000, 0x000000009af00000, 0x000000009b000000|  0%| F|  |TAMS 0x000000009af00000, 0x000000009af00000| Untracked 
| 132|0x000000009b000000, 0x000000009b000000, 0x000000009b100000|  0%| F|  |TAMS 0x000000009b000000, 0x000000009b000000| Untracked 
| 133|0x000000009b100000, 0x000000009b100000, 0x000000009b200000|  0%| F|  |TAMS 0x000000009b100000, 0x000000009b100000| Untracked 
| 134|0x000000009b200000, 0x000000009b200000, 0x000000009b300000|  0%| F|  |TAMS 0x000000009b200000, 0x000000009b200000| Untracked 
| 135|0x000000009b300000, 0x000000009b300000, 0x000000009b400000|  0%| F|  |TAMS 0x000000009b300000, 0x000000009b300000| Untracked 
| 136|0x000000009b400000, 0x000000009b400000, 0x000000009b500000|  0%| F|  |TAMS 0x000000009b400000, 0x000000009b400000| Untracked 
| 137|0x000000009b500000, 0x000000009b500000, 0x000000009b600000|  0%| F|  |TAMS 0x000000009b500000, 0x000000009b500000| Untracked 
| 138|0x000000009b600000, 0x000000009b600000, 0x000000009b700000|  0%| F|  |TAMS 0x000000009b600000, 0x000000009b600000| Untracked 
| 139|0x000000009b700000, 0x000000009b700000, 0x000000009b800000|  0%| F|  |TAMS 0x000000009b700000, 0x000000009b700000| Untracked 
| 140|0x000000009b800000, 0x000000009b800000, 0x000000009b900000|  0%| F|  |TAMS 0x000000009b800000, 0x000000009b800000| Untracked 
| 141|0x000000009b900000, 0x000000009b900000, 0x000000009ba00000|  0%| F|  |TAMS 0x000000009b900000, 0x000000009b900000| Untracked 
| 142|0x000000009ba00000, 0x000000009ba00000, 0x000000009bb00000|  0%| F|  |TAMS 0x000000009ba00000, 0x000000009ba00000| Untracked 
| 143|0x000000009bb00000, 0x000000009bb00000, 0x000000009bc00000|  0%| F|  |TAMS 0x000000009bb00000, 0x000000009bb00000| Untracked 
| 144|0x000000009bc00000, 0x000000009bc00000, 0x000000009bd00000|  0%| F|  |TAMS 0x000000009bc00000, 0x000000009bc00000| Untracked 
| 145|0x000000009bd00000, 0x000000009bd00000, 0x000000009be00000|  0%| F|  |TAMS 0x000000009bd00000, 0x000000009bd00000| Untracked 
| 146|0x000000009be00000, 0x000000009be00000, 0x000000009bf00000|  0%| F|  |TAMS 0x000000009be00000, 0x000000009be00000| Untracked 
| 147|0x000000009bf00000, 0x000000009bf00000, 0x000000009c000000|  0%| F|  |TAMS 0x000000009bf00000, 0x000000009bf00000| Untracked 
| 148|0x000000009c000000, 0x000000009c000000, 0x000000009c100000|  0%| F|  |TAMS 0x000000009c000000, 0x000000009c000000| Untracked 
| 149|0x000000009c100000, 0x000000009c100000, 0x000000009c200000|  0%| F|  |TAMS 0x000000009c100000, 0x000000009c100000| Untracked 
| 150|0x000000009c200000, 0x000000009c200000, 0x000000009c300000|  0%| F|  |TAMS 0x000000009c200000, 0x000000009c200000| Untracked 
| 151|0x000000009c300000, 0x000000009c300000, 0x000000009c400000|  0%| F|  |TAMS 0x000000009c300000, 0x000000009c300000| Untracked 
| 152|0x000000009c400000, 0x000000009c400000, 0x000000009c500000|  0%| F|  |TAMS 0x000000009c400000, 0x000000009c400000| Untracked 
| 153|0x000000009c500000, 0x000000009c500000, 0x000000009c600000|  0%| F|  |TAMS 0x000000009c500000, 0x000000009c500000| Untracked 
| 154|0x000000009c600000, 0x000000009c600000, 0x000000009c700000|  0%| F|  |TAMS 0x000000009c600000, 0x000000009c600000| Untracked 
| 155|0x000000009c700000, 0x000000009c700000, 0x000000009c800000|  0%| F|  |TAMS 0x000000009c700000, 0x000000009c700000| Untracked 
| 156|0x000000009c800000, 0x000000009c800000, 0x000000009c900000|  0%| F|  |TAMS 0x000000009c800000, 0x000000009c800000| Untracked 
| 157|0x000000009c900000, 0x000000009c900000, 0x000000009ca00000|  0%| F|  |TAMS 0x000000009c900000, 0x000000009c900000| Untracked 
| 158|0x000000009ca00000, 0x000000009ca00000, 0x000000009cb00000|  0%| F|  |TAMS 0x000000009ca00000, 0x000000009ca00000| Untracked 
| 159|0x000000009cb00000, 0x000000009cb00000, 0x000000009cc00000|  0%| F|  |TAMS 0x000000009cb00000, 0x000000009cb00000| Untracked 
| 160|0x000000009cc00000, 0x000000009cc00000, 0x000000009cd00000|  0%| F|  |TAMS 0x000000009cc00000, 0x000000009cc00000| Untracked 
| 161|0x000000009cd00000, 0x000000009cd00000, 0x000000009ce00000|  0%| F|  |TAMS 0x000000009cd00000, 0x000000009cd00000| Untracked 
| 162|0x000000009ce00000, 0x000000009ce00000, 0x000000009cf00000|  0%| F|  |TAMS 0x000000009ce00000, 0x000000009ce00000| Untracked 
| 163|0x000000009cf00000, 0x000000009cf00000, 0x000000009d000000|  0%| F|  |TAMS 0x000000009cf00000, 0x000000009cf00000| Untracked 
| 164|0x000000009d000000, 0x000000009d000000, 0x000000009d100000|  0%| F|  |TAMS 0x000000009d000000, 0x000000009d000000| Untracked 
| 165|0x000000009d100000, 0x000000009d100000, 0x000000009d200000|  0%| F|  |TAMS 0x000000009d100000, 0x000000009d100000| Untracked 
| 166|0x000000009d200000, 0x000000009d200000, 0x000000009d300000|  0%| F|  |TAMS 0x000000009d200000, 0x000000009d200000| Untracked 
| 167|0x000000009d300000, 0x000000009d300000, 0x000000009d400000|  0%| F|  |TAMS 0x000000009d300000, 0x000000009d300000| Untracked 
| 168|0x000000009d400000, 0x000000009d400000, 0x000000009d500000|  0%| F|  |TAMS 0x000000009d400000, 0x000000009d400000| Untracked 
| 169|0x000000009d500000, 0x000000009d500000, 0x000000009d600000|  0%| F|  |TAMS 0x000000009d500000, 0x000000009d500000| Untracked 
| 170|0x000000009d600000, 0x000000009d600000, 0x000000009d700000|  0%| F|  |TAMS 0x000000009d600000, 0x000000009d600000| Untracked 
| 171|0x000000009d700000, 0x000000009d700000, 0x000000009d800000|  0%| F|  |TAMS 0x000000009d700000, 0x000000009d700000| Untracked 
| 172|0x000000009d800000, 0x000000009d800000, 0x000000009d900000|  0%| F|  |TAMS 0x000000009d800000, 0x000000009d800000| Untracked 
| 173|0x000000009d900000, 0x000000009d900000, 0x000000009da00000|  0%| F|  |TAMS 0x000000009d900000, 0x000000009d900000| Untracked 
| 174|0x000000009da00000, 0x000000009da80800, 0x000000009db00000| 50%| E|  |TAMS 0x000000009da00000, 0x000000009da00000| Complete 
| 175|0x000000009db00000, 0x000000009dc00000, 0x000000009dc00000|100%| E|CS|TAMS 0x000000009db00000, 0x000000009db00000| Complete 
| 176|0x000000009dc00000, 0x000000009dd00000, 0x000000009dd00000|100%| E|CS|TAMS 0x000000009dc00000, 0x000000009dc00000| Complete 
| 177|0x000000009dd00000, 0x000000009de00000, 0x000000009de00000|100%| E|CS|TAMS 0x000000009dd00000, 0x000000009dd00000| Complete 
| 178|0x000000009de00000, 0x000000009df00000, 0x000000009df00000|100%| E|CS|TAMS 0x000000009de00000, 0x000000009de00000| Complete 
| 179|0x000000009df00000, 0x000000009e000000, 0x000000009e000000|100%| E|CS|TAMS 0x000000009df00000, 0x000000009df00000| Complete 
| 180|0x000000009e000000, 0x000000009e100000, 0x000000009e100000|100%| E|CS|TAMS 0x000000009e000000, 0x000000009e000000| Complete 
| 181|0x000000009e100000, 0x000000009e200000, 0x000000009e200000|100%| E|CS|TAMS 0x000000009e100000, 0x000000009e100000| Complete 
| 182|0x000000009e200000, 0x000000009e300000, 0x000000009e300000|100%| E|CS|TAMS 0x000000009e200000, 0x000000009e200000| Complete 
| 183|0x000000009e300000, 0x000000009e400000, 0x000000009e400000|100%| E|CS|TAMS 0x000000009e300000, 0x000000009e300000| Complete 
| 184|0x000000009e400000, 0x000000009e500000, 0x000000009e500000|100%| E|CS|TAMS 0x000000009e400000, 0x000000009e400000| Complete 
| 185|0x000000009e500000, 0x000000009e600000, 0x000000009e600000|100%| E|CS|TAMS 0x000000009e500000, 0x000000009e500000| Complete 
| 186|0x000000009e600000, 0x000000009e700000, 0x000000009e700000|100%| E|CS|TAMS 0x000000009e600000, 0x000000009e600000| Complete 
| 187|0x000000009e700000, 0x000000009e800000, 0x000000009e800000|100%| E|CS|TAMS 0x000000009e700000, 0x000000009e700000| Complete 
| 188|0x000000009e800000, 0x000000009e900000, 0x000000009e900000|100%| E|CS|TAMS 0x000000009e800000, 0x000000009e800000| Complete 
| 189|0x000000009e900000, 0x000000009ea00000, 0x000000009ea00000|100%| E|CS|TAMS 0x000000009e900000, 0x000000009e900000| Complete 
| 190|0x000000009ea00000, 0x000000009eb00000, 0x000000009eb00000|100%| E|CS|TAMS 0x000000009ea00000, 0x000000009ea00000| Complete 
| 191|0x000000009eb00000, 0x000000009ec00000, 0x000000009ec00000|100%| E|CS|TAMS 0x000000009eb00000, 0x000000009eb00000| Complete 
| 192|0x000000009ec00000, 0x000000009ed00000, 0x000000009ed00000|100%| E|CS|TAMS 0x000000009ec00000, 0x000000009ec00000| Complete 
| 193|0x000000009ed00000, 0x000000009ee00000, 0x000000009ee00000|100%| E|CS|TAMS 0x000000009ed00000, 0x000000009ed00000| Complete 
| 194|0x000000009ee00000, 0x000000009ef00000, 0x000000009ef00000|100%| E|CS|TAMS 0x000000009ee00000, 0x000000009ee00000| Complete 
| 195|0x000000009ef00000, 0x000000009f000000, 0x000000009f000000|100%| E|CS|TAMS 0x000000009ef00000, 0x000000009ef00000| Complete 
| 196|0x000000009f000000, 0x000000009f100000, 0x000000009f100000|100%| E|CS|TAMS 0x000000009f000000, 0x000000009f000000| Complete 
| 197|0x000000009f100000, 0x000000009f200000, 0x000000009f200000|100%| E|CS|TAMS 0x000000009f100000, 0x000000009f100000| Complete 
| 198|0x000000009f200000, 0x000000009f300000, 0x000000009f300000|100%| E|CS|TAMS 0x000000009f200000, 0x000000009f200000| Complete 
| 199|0x000000009f300000, 0x000000009f400000, 0x000000009f400000|100%| E|CS|TAMS 0x000000009f300000, 0x000000009f300000| Complete 
| 200|0x000000009f400000, 0x000000009f500000, 0x000000009f500000|100%| E|CS|TAMS 0x000000009f400000, 0x000000009f400000| Complete 
| 201|0x000000009f500000, 0x000000009f600000, 0x000000009f600000|100%| E|CS|TAMS 0x000000009f500000, 0x000000009f500000| Complete 
| 202|0x000000009f600000, 0x000000009f700000, 0x000000009f700000|100%| E|CS|TAMS 0x000000009f600000, 0x000000009f600000| Complete 
| 203|0x000000009f700000, 0x000000009f800000, 0x000000009f800000|100%| E|CS|TAMS 0x000000009f700000, 0x000000009f700000| Complete 
| 204|0x000000009f800000, 0x000000009f900000, 0x000000009f900000|100%| E|CS|TAMS 0x000000009f800000, 0x000000009f800000| Complete 
| 205|0x000000009f900000, 0x000000009fa00000, 0x000000009fa00000|100%| E|CS|TAMS 0x000000009f900000, 0x000000009f900000| Complete 
| 206|0x000000009fa00000, 0x000000009fb00000, 0x000000009fb00000|100%| E|CS|TAMS 0x000000009fa00000, 0x000000009fa00000| Complete 
| 207|0x000000009fb00000, 0x000000009fc00000, 0x000000009fc00000|100%| E|CS|TAMS 0x000000009fb00000, 0x000000009fb00000| Complete 
| 208|0x000000009fc00000, 0x000000009fd00000, 0x000000009fd00000|100%| E|CS|TAMS 0x000000009fc00000, 0x000000009fc00000| Complete 
| 209|0x000000009fd00000, 0x000000009fe00000, 0x000000009fe00000|100%| E|CS|TAMS 0x000000009fd00000, 0x000000009fd00000| Complete 
| 210|0x000000009fe00000, 0x000000009ff00000, 0x000000009ff00000|100%| E|CS|TAMS 0x000000009fe00000, 0x000000009fe00000| Complete 
| 211|0x000000009ff00000, 0x00000000a0000000, 0x00000000a0000000|100%| E|CS|TAMS 0x000000009ff00000, 0x000000009ff00000| Complete 
| 212|0x00000000a0000000, 0x00000000a0100000, 0x00000000a0100000|100%| E|CS|TAMS 0x00000000a0000000, 0x00000000a0000000| Complete 
| 213|0x00000000a0100000, 0x00000000a0200000, 0x00000000a0200000|100%| E|CS|TAMS 0x00000000a0100000, 0x00000000a0100000| Complete 
| 214|0x00000000a0200000, 0x00000000a0300000, 0x00000000a0300000|100%| E|CS|TAMS 0x00000000a0200000, 0x00000000a0200000| Complete 
| 215|0x00000000a0300000, 0x00000000a0400000, 0x00000000a0400000|100%| E|CS|TAMS 0x00000000a0300000, 0x00000000a0300000| Complete 
| 216|0x00000000a0400000, 0x00000000a0500000, 0x00000000a0500000|100%| E|CS|TAMS 0x00000000a0400000, 0x00000000a0400000| Complete 
| 217|0x00000000a0500000, 0x00000000a0600000, 0x00000000a0600000|100%| E|CS|TAMS 0x00000000a0500000, 0x00000000a0500000| Complete 
| 218|0x00000000a0600000, 0x00000000a0700000, 0x00000000a0700000|100%| E|CS|TAMS 0x00000000a0600000, 0x00000000a0600000| Complete 
| 219|0x00000000a0700000, 0x00000000a0800000, 0x00000000a0800000|100%| E|CS|TAMS 0x00000000a0700000, 0x00000000a0700000| Complete 
| 220|0x00000000a0800000, 0x00000000a0900000, 0x00000000a0900000|100%| E|CS|TAMS 0x00000000a0800000, 0x00000000a0800000| Complete 
| 221|0x00000000a0900000, 0x00000000a0a00000, 0x00000000a0a00000|100%| E|CS|TAMS 0x00000000a0900000, 0x00000000a0900000| Complete 
| 222|0x00000000a0a00000, 0x00000000a0b00000, 0x00000000a0b00000|100%| E|CS|TAMS 0x00000000a0a00000, 0x00000000a0a00000| Complete 
| 223|0x00000000a0b00000, 0x00000000a0c00000, 0x00000000a0c00000|100%| E|CS|TAMS 0x00000000a0b00000, 0x00000000a0b00000| Complete 
| 224|0x00000000a0c00000, 0x00000000a0d00000, 0x00000000a0d00000|100%| E|CS|TAMS 0x00000000a0c00000, 0x00000000a0c00000| Complete 
| 225|0x00000000a0d00000, 0x00000000a0e00000, 0x00000000a0e00000|100%| E|CS|TAMS 0x00000000a0d00000, 0x00000000a0d00000| Complete 
| 226|0x00000000a0e00000, 0x00000000a0f00000, 0x00000000a0f00000|100%| E|CS|TAMS 0x00000000a0e00000, 0x00000000a0e00000| Complete 
| 227|0x00000000a0f00000, 0x00000000a1000000, 0x00000000a1000000|100%| E|CS|TAMS 0x00000000a0f00000, 0x00000000a0f00000| Complete 
| 228|0x00000000a1000000, 0x00000000a1100000, 0x00000000a1100000|100%| E|CS|TAMS 0x00000000a1000000, 0x00000000a1000000| Complete 
| 229|0x00000000a1100000, 0x00000000a1200000, 0x00000000a1200000|100%| E|CS|TAMS 0x00000000a1100000, 0x00000000a1100000| Complete 
| 230|0x00000000a1200000, 0x00000000a1300000, 0x00000000a1300000|100%| E|CS|TAMS 0x00000000a1200000, 0x00000000a1200000| Complete 
| 231|0x00000000a1300000, 0x00000000a1400000, 0x00000000a1400000|100%| E|CS|TAMS 0x00000000a1300000, 0x00000000a1300000| Complete 
| 232|0x00000000a1400000, 0x00000000a1500000, 0x00000000a1500000|100%| E|CS|TAMS 0x00000000a1400000, 0x00000000a1400000| Complete 
| 233|0x00000000a1500000, 0x00000000a1600000, 0x00000000a1600000|100%| E|CS|TAMS 0x00000000a1500000, 0x00000000a1500000| Complete 
| 234|0x00000000a1600000, 0x00000000a1700000, 0x00000000a1700000|100%| E|CS|TAMS 0x00000000a1600000, 0x00000000a1600000| Complete 
| 235|0x00000000a1700000, 0x00000000a1800000, 0x00000000a1800000|100%| E|CS|TAMS 0x00000000a1700000, 0x00000000a1700000| Complete 
| 236|0x00000000a1800000, 0x00000000a1900000, 0x00000000a1900000|100%| E|CS|TAMS 0x00000000a1800000, 0x00000000a1800000| Complete 
| 237|0x00000000a1900000, 0x00000000a1a00000, 0x00000000a1a00000|100%| E|CS|TAMS 0x00000000a1900000, 0x00000000a1900000| Complete 
| 238|0x00000000a1a00000, 0x00000000a1b00000, 0x00000000a1b00000|100%| E|CS|TAMS 0x00000000a1a00000, 0x00000000a1a00000| Complete 
| 239|0x00000000a1b00000, 0x00000000a1c00000, 0x00000000a1c00000|100%| E|CS|TAMS 0x00000000a1b00000, 0x00000000a1b00000| Complete 
| 240|0x00000000a1c00000, 0x00000000a1d00000, 0x00000000a1d00000|100%| E|CS|TAMS 0x00000000a1c00000, 0x00000000a1c00000| Complete 
| 241|0x00000000a1d00000, 0x00000000a1e00000, 0x00000000a1e00000|100%| E|CS|TAMS 0x00000000a1d00000, 0x00000000a1d00000| Complete 
| 242|0x00000000a1e00000, 0x00000000a1f00000, 0x00000000a1f00000|100%| E|CS|TAMS 0x00000000a1e00000, 0x00000000a1e00000| Complete 
| 243|0x00000000a1f00000, 0x00000000a2000000, 0x00000000a2000000|100%| E|CS|TAMS 0x00000000a1f00000, 0x00000000a1f00000| Complete 
| 244|0x00000000a2000000, 0x00000000a2100000, 0x00000000a2100000|100%| E|CS|TAMS 0x00000000a2000000, 0x00000000a2000000| Complete 
| 245|0x00000000a2100000, 0x00000000a2200000, 0x00000000a2200000|100%| E|CS|TAMS 0x00000000a2100000, 0x00000000a2100000| Complete 
| 246|0x00000000a2200000, 0x00000000a2300000, 0x00000000a2300000|100%| E|CS|TAMS 0x00000000a2200000, 0x00000000a2200000| Complete 
| 247|0x00000000a2300000, 0x00000000a2400000, 0x00000000a2400000|100%| E|CS|TAMS 0x00000000a2300000, 0x00000000a2300000| Complete 
| 248|0x00000000a2400000, 0x00000000a2500000, 0x00000000a2500000|100%| E|CS|TAMS 0x00000000a2400000, 0x00000000a2400000| Complete 
| 249|0x00000000a2500000, 0x00000000a2600000, 0x00000000a2600000|100%| E|CS|TAMS 0x00000000a2500000, 0x00000000a2500000| Complete 
| 250|0x00000000a2600000, 0x00000000a2700000, 0x00000000a2700000|100%| E|CS|TAMS 0x00000000a2600000, 0x00000000a2600000| Complete 
| 251|0x00000000a2700000, 0x00000000a2800000, 0x00000000a2800000|100%| E|CS|TAMS 0x00000000a2700000, 0x00000000a2700000| Complete 
| 252|0x00000000a2800000, 0x00000000a2900000, 0x00000000a2900000|100%| E|CS|TAMS 0x00000000a2800000, 0x00000000a2800000| Complete 
| 253|0x00000000a2900000, 0x00000000a2a00000, 0x00000000a2a00000|100%| E|CS|TAMS 0x00000000a2900000, 0x00000000a2900000| Complete 
| 254|0x00000000a2a00000, 0x00000000a2b00000, 0x00000000a2b00000|100%| E|CS|TAMS 0x00000000a2a00000, 0x00000000a2a00000| Complete 
| 255|0x00000000a2b00000, 0x00000000a2c00000, 0x00000000a2c00000|100%| E|CS|TAMS 0x00000000a2b00000, 0x00000000a2b00000| Complete 
| 256|0x00000000a2c00000, 0x00000000a2d00000, 0x00000000a2d00000|100%| E|CS|TAMS 0x00000000a2c00000, 0x00000000a2c00000| Complete 
| 257|0x00000000a2d00000, 0x00000000a2e00000, 0x00000000a2e00000|100%| E|CS|TAMS 0x00000000a2d00000, 0x00000000a2d00000| Complete 
| 258|0x00000000a2e00000, 0x00000000a2f00000, 0x00000000a2f00000|100%| E|CS|TAMS 0x00000000a2e00000, 0x00000000a2e00000| Complete 
| 259|0x00000000a2f00000, 0x00000000a3000000, 0x00000000a3000000|100%| E|CS|TAMS 0x00000000a2f00000, 0x00000000a2f00000| Complete 
| 260|0x00000000a3000000, 0x00000000a3100000, 0x00000000a3100000|100%| E|CS|TAMS 0x00000000a3000000, 0x00000000a3000000| Complete 
| 261|0x00000000a3100000, 0x00000000a3200000, 0x00000000a3200000|100%| E|CS|TAMS 0x00000000a3100000, 0x00000000a3100000| Complete 
| 262|0x00000000a3200000, 0x00000000a3300000, 0x00000000a3300000|100%| E|CS|TAMS 0x00000000a3200000, 0x00000000a3200000| Complete 
| 263|0x00000000a3300000, 0x00000000a3400000, 0x00000000a3400000|100%| E|CS|TAMS 0x00000000a3300000, 0x00000000a3300000| Complete 
| 264|0x00000000a3400000, 0x00000000a3500000, 0x00000000a3500000|100%| E|CS|TAMS 0x00000000a3400000, 0x00000000a3400000| Complete 
| 265|0x00000000a3500000, 0x00000000a3600000, 0x00000000a3600000|100%| E|CS|TAMS 0x00000000a3500000, 0x00000000a3500000| Complete 
| 266|0x00000000a3600000, 0x00000000a3700000, 0x00000000a3700000|100%| E|CS|TAMS 0x00000000a3600000, 0x00000000a3600000| Complete 
| 267|0x00000000a3700000, 0x00000000a3800000, 0x00000000a3800000|100%| E|CS|TAMS 0x00000000a3700000, 0x00000000a3700000| Complete 
| 268|0x00000000a3800000, 0x00000000a3900000, 0x00000000a3900000|100%| E|CS|TAMS 0x00000000a3800000, 0x00000000a3800000| Complete 

Card table byte_map: [0x0000017060380000,0x00000170606f0000] _byte_map_base: 0x000001705feea000

Marking Bits (Prev, Next): (CMBitMap*) 0x000001704d671b00, (CMBitMap*) 0x000001704d671b40
 Prev Bits: [0x0000017060a60000, 0x00000170625b0000)
 Next Bits: [0x00000170625b0000, 0x0000017064100000)

Polling page: 0x000001704cdf0000

Metaspace:

Usage:
  Non-class:      6.56 MB used.
      Class:    607.01 KB used.
       Both:      7.15 MB used.

Virtual space:
  Non-class space:        8.00 MB reserved,       6.62 MB ( 83%) committed,  1 nodes.
      Class space:        1.00 GB reserved,     704.00 KB ( <1%) committed,  1 nodes.
             Both:        1.01 GB reserved,       7.31 MB ( <1%) committed. 

Chunk freelists:
   Non-Class:  1.36 MB
       Class:  3.17 MB
        Both:  4.53 MB

MaxMetaspaceSize: unlimited
CompressedClassSpaceSize: 1.00 GB
Initial GC threshold: 21.00 MB
Current GC threshold: 21.00 MB
CDS: off
MetaspaceReclaimPolicy: balanced
 - commit_granule_bytes: 65536.
 - commit_granule_words: 8192.
 - virtual_space_node_default_size: 1048576.
 - enlarge_chunks_in_place: 1.
 - new_chunks_are_fully_committed: 0.
 - uncommit_free_chunks: 1.
 - use_allocation_guard: 0.
 - handle_deallocations: 1.


Internal statistics:

num_allocs_failed_limit: 0.
num_arena_births: 6.
num_arena_deaths: 0.
num_vsnodes_births: 2.
num_vsnodes_deaths: 0.
num_space_committed: 117.
num_space_uncommitted: 0.
num_chunks_returned_to_freelist: 0.
num_chunks_taken_from_freelist: 56.
num_chunk_merges: 0.
num_chunk_splits: 37.
num_chunks_enlarged: 31.
num_purges: 0.
num_inconsistent_stats: 0.

CodeHeap 'non-profiled nmethods': size=120000Kb used=164Kb max_used=164Kb free=119835Kb
 bounds [0x00000170587b0000, 0x0000017058a20000, 0x000001705fce0000]
CodeHeap 'profiled nmethods': size=120000Kb used=617Kb max_used=617Kb free=119382Kb
 bounds [0x0000017051280000, 0x00000170514f0000, 0x00000170587b0000]
CodeHeap 'non-nmethods': size=5760Kb used=1141Kb max_used=1155Kb free=4618Kb
 bounds [0x0000017050ce0000, 0x0000017050f50000, 0x0000017051280000]
 total_blobs=883 nmethods=453 adapters=343
 compilation: enabled
              stopped_count=0, restarted_count=0
 full_count=0

Compilation events (20 events):
Event: 15.118 Thread 0x000001706756be90 nmethod 442 0x0000017051316c10 code [0x0000017051316da0, 0x0000017051316ed8]
Event: 15.118 Thread 0x000001706756be90  445       3       java.util.zip.ZipUtils::CENLEN (9 bytes)
Event: 15.118 Thread 0x000001706756be90 nmethod 445 0x0000017051316f90 code [0x0000017051317140, 0x0000017051317418]
Event: 15.118 Thread 0x000001706756be90  446       3       java.lang.String::lastIndexOf (29 bytes)
Event: 15.118 Thread 0x000001706756be90 nmethod 446 0x0000017051317590 code [0x0000017051317760, 0x00000170513179f8]
Event: 15.119 Thread 0x000001706756be90  447       3       java.lang.StringLatin1::indexOf (36 bytes)
Event: 15.119 Thread 0x000001706756be90 nmethod 447 0x0000017051317b10 code [0x0000017051317ce0, 0x0000017051317fe8]
Event: 15.119 Thread 0x000001706756be90  448       3       java.lang.StringLatin1::regionMatchesCI (98 bytes)
Event: 15.120 Thread 0x000001706756be90 nmethod 448 0x0000017051318110 code [0x0000017051318340, 0x0000017051318a78]
Event: 15.120 Thread 0x000001706756be90  449       3       java.io.WinNTFileSystem::isLetter (30 bytes)
Event: 15.120 Thread 0x000001706756be90 nmethod 449 0x0000017051318e10 code [0x0000017051318fa0, 0x00000170513191b8]
Event: 15.121 Thread 0x000001706756b590 nmethod 444 0x00000170587d8890 code [0x00000170587d8a00, 0x00000170587d8d18]
Event: 15.134 Thread 0x000001706756be90  450       3       java.lang.String::toLowerCase (8 bytes)
Event: 15.135 Thread 0x000001706756be90 nmethod 450 0x0000017051319290 code [0x0000017051319460, 0x00000170513197f8]
Event: 15.135 Thread 0x000001706756be90  451       3       java.util.Locale::getDefault (4 bytes)
Event: 15.135 Thread 0x000001706756be90 nmethod 451 0x0000017051319910 code [0x0000017051319aa0, 0x0000017051319b98]
Event: 15.135 Thread 0x000001706756be90  452       1       java.net.URLStreamHandler::getDefaultPort (2 bytes)
Event: 15.135 Thread 0x000001706756be90 nmethod 452 0x00000170587d8e10 code [0x00000170587d8fa0, 0x00000170587d9078]
Event: 15.158 Thread 0x000001706756be90  453   !   3       java.io.BufferedWriter::flushBuffer (53 bytes)
Event: 15.159 Thread 0x000001706756be90 nmethod 453 0x0000017051319c10 code [0x0000017051319e00, 0x000001705131a2f8]

GC Heap History (20 events):
Event: 13.957 GC heap before
{Heap before GC invocations=212 (full 0):
 garbage-first heap   total 275456K, used 166251K [0x0000000092c00000, 0x0000000100000000)
  region size 1024K, 161 young (164864K), 1 survivors (1024K)
 Metaspace       used 5836K, committed 5952K, reserved 1056768K
  class space    used 472K, committed 512K, reserved 1048576K
}
Event: 13.958 GC heap after
{Heap after GC invocations=213 (full 0):
 garbage-first heap   total 275456K, used 2420K [0x0000000092c00000, 0x0000000100000000)
  region size 1024K, 1 young (1024K), 1 survivors (1024K)
 Metaspace       used 5836K, committed 5952K, reserved 1056768K
  class space    used 472K, committed 512K, reserved 1048576K
}
Event: 14.025 GC heap before
{Heap before GC invocations=213 (full 0):
 garbage-first heap   total 275456K, used 166260K [0x0000000092c00000, 0x0000000100000000)
  region size 1024K, 161 young (164864K), 1 survivors (1024K)
 Metaspace       used 5836K, committed 5952K, reserved 1056768K
  class space    used 472K, committed 512K, reserved 1048576K
}
Event: 14.026 GC heap after
{Heap after GC invocations=214 (full 0):
 garbage-first heap   total 275456K, used 2428K [0x0000000092c00000, 0x0000000100000000)
  region size 1024K, 1 young (1024K), 1 survivors (1024K)
 Metaspace       used 5836K, committed 5952K, reserved 1056768K
  class space    used 472K, committed 512K, reserved 1048576K
}
Event: 14.093 GC heap before
{Heap before GC invocations=214 (full 0):
 garbage-first heap   total 275456K, used 166268K [0x0000000092c00000, 0x0000000100000000)
  region size 1024K, 161 young (164864K), 1 survivors (1024K)
 Metaspace       used 5836K, committed 5952K, reserved 1056768K
  class space    used 472K, committed 512K, reserved 1048576K
}
Event: 14.094 GC heap after
{Heap after GC invocations=215 (full 0):
 garbage-first heap   total 275456K, used 2439K [0x0000000092c00000, 0x0000000100000000)
  region size 1024K, 1 young (1024K), 1 survivors (1024K)
 Metaspace       used 5836K, committed 5952K, reserved 1056768K
  class space    used 472K, committed 512K, reserved 1048576K
}
Event: 14.161 GC heap before
{Heap before GC invocations=215 (full 0):
 garbage-first heap   total 275456K, used 166279K [0x0000000092c00000, 0x0000000100000000)
  region size 1024K, 161 young (164864K), 1 survivors (1024K)
 Metaspace       used 5836K, committed 5952K, reserved 1056768K
  class space    used 472K, committed 512K, reserved 1048576K
}
Event: 14.162 GC heap after
{Heap after GC invocations=216 (full 0):
 garbage-first heap   total 275456K, used 2447K [0x0000000092c00000, 0x0000000100000000)
  region size 1024K, 1 young (1024K), 1 survivors (1024K)
 Metaspace       used 5836K, committed 5952K, reserved 1056768K
  class space    used 472K, committed 512K, reserved 1048576K
}
Event: 14.234 GC heap before
{Heap before GC invocations=216 (full 0):
 garbage-first heap   total 275456K, used 166287K [0x0000000092c00000, 0x0000000100000000)
  region size 1024K, 161 young (164864K), 1 survivors (1024K)
 Metaspace       used 5836K, committed 5952K, reserved 1056768K
  class space    used 472K, committed 512K, reserved 1048576K
}
Event: 14.235 GC heap after
{Heap after GC invocations=217 (full 0):
 garbage-first heap   total 275456K, used 2454K [0x0000000092c00000, 0x0000000100000000)
  region size 1024K, 1 young (1024K), 1 survivors (1024K)
 Metaspace       used 5836K, committed 5952K, reserved 1056768K
  class space    used 472K, committed 512K, reserved 1048576K
}
Event: 14.311 GC heap before
{Heap before GC invocations=217 (full 0):
 garbage-first heap   total 275456K, used 166294K [0x0000000092c00000, 0x0000000100000000)
  region size 1024K, 161 young (164864K), 1 survivors (1024K)
 Metaspace       used 5836K, committed 5952K, reserved 1056768K
  class space    used 472K, committed 512K, reserved 1048576K
}
Event: 14.311 GC heap after
{Heap after GC invocations=218 (full 0):
 garbage-first heap   total 275456K, used 2460K [0x0000000092c00000, 0x0000000100000000)
  region size 1024K, 1 young (1024K), 1 survivors (1024K)
 Metaspace       used 5836K, committed 5952K, reserved 1056768K
  class space    used 472K, committed 512K, reserved 1048576K
}
Event: 14.386 GC heap before
{Heap before GC invocations=218 (full 0):
 garbage-first heap   total 275456K, used 166300K [0x0000000092c00000, 0x0000000100000000)
  region size 1024K, 161 young (164864K), 1 survivors (1024K)
 Metaspace       used 5836K, committed 5952K, reserved 1056768K
  class space    used 472K, committed 512K, reserved 1048576K
}
Event: 14.386 GC heap after
{Heap after GC invocations=219 (full 0):
 garbage-first heap   total 275456K, used 2461K [0x0000000092c00000, 0x0000000100000000)
  region size 1024K, 1 young (1024K), 1 survivors (1024K)
 Metaspace       used 5836K, committed 5952K, reserved 1056768K
  class space    used 472K, committed 512K, reserved 1048576K
}
Event: 14.462 GC heap before
{Heap before GC invocations=219 (full 0):
 garbage-first heap   total 275456K, used 166301K [0x0000000092c00000, 0x0000000100000000)
  region size 1024K, 161 young (164864K), 1 survivors (1024K)
 Metaspace       used 5836K, committed 5952K, reserved 1056768K
  class space    used 472K, committed 512K, reserved 1048576K
}
Event: 14.463 GC heap after
{Heap after GC invocations=220 (full 0):
 garbage-first heap   total 275456K, used 2469K [0x0000000092c00000, 0x0000000100000000)
  region size 1024K, 1 young (1024K), 1 survivors (1024K)
 Metaspace       used 5836K, committed 5952K, reserved 1056768K
  class space    used 472K, committed 512K, reserved 1048576K
}
Event: 14.542 GC heap before
{Heap before GC invocations=220 (full 0):
 garbage-first heap   total 275456K, used 166309K [0x0000000092c00000, 0x0000000100000000)
  region size 1024K, 161 young (164864K), 1 survivors (1024K)
 Metaspace       used 5836K, committed 5952K, reserved 1056768K
  class space    used 472K, committed 512K, reserved 1048576K
}
Event: 14.542 GC heap after
{Heap after GC invocations=221 (full 0):
 garbage-first heap   total 275456K, used 2474K [0x0000000092c00000, 0x0000000100000000)
  region size 1024K, 1 young (1024K), 1 survivors (1024K)
 Metaspace       used 5836K, committed 5952K, reserved 1056768K
  class space    used 472K, committed 512K, reserved 1048576K
}
Event: 14.619 GC heap before
{Heap before GC invocations=221 (full 0):
 garbage-first heap   total 275456K, used 166314K [0x0000000092c00000, 0x0000000100000000)
  region size 1024K, 161 young (164864K), 1 survivors (1024K)
 Metaspace       used 5836K, committed 5952K, reserved 1056768K
  class space    used 472K, committed 512K, reserved 1048576K
}
Event: 14.620 GC heap after
{Heap after GC invocations=222 (full 0):
 garbage-first heap   total 275456K, used 2478K [0x0000000092c00000, 0x0000000100000000)
  region size 1024K, 1 young (1024K), 1 survivors (1024K)
 Metaspace       used 5836K, committed 5952K, reserved 1056768K
  class space    used 472K, committed 512K, reserved 1048576K
}

Deoptimization events (20 events):
Event: 0.347 Thread 0x000001704d61e0e0 Uncommon trap: trap_request=0xffffff45 fr.pc=0x00000170587b9c60 relative=0x00000000000003c0
Event: 0.347 Thread 0x000001704d61e0e0 Uncommon trap: reason=unstable_if action=reinterpret pc=0x00000170587b9c60 method=java.lang.StringLatin1.newString([BII)Ljava/lang/String; @ 1 c2
Event: 0.347 Thread 0x000001704d61e0e0 DEOPT PACKING pc=0x00000170587b9c60 sp=0x0000004df97d9b80
Event: 0.347 Thread 0x000001704d61e0e0 DEOPT UNPACKING pc=0x0000017050d323a3 sp=0x0000004df97d9af0 mode 2
Event: 14.654 Thread 0x000001704d61e0e0 Uncommon trap: trap_request=0xffffff45 fr.pc=0x00000170587c9a94 relative=0x0000000000001cd4
Event: 14.654 Thread 0x000001704d61e0e0 Uncommon trap: reason=unstable_if action=reinterpret pc=0x00000170587c9a94 method=parse.result.Result_Token.isUseful()Z @ 6 c2
Event: 14.654 Thread 0x000001704d61e0e0 DEOPT PACKING pc=0x00000170587c9a94 sp=0x0000004df97ff410
Event: 14.654 Thread 0x000001704d61e0e0 DEOPT UNPACKING pc=0x0000017050d323a3 sp=0x0000004df97ff3a8 mode 2
Event: 14.756 Thread 0x000001704d61e0e0 DEOPT PACKING pc=0x00000170512c7ed6 sp=0x0000004df97fa3b0
Event: 14.756 Thread 0x000001704d61e0e0 DEOPT UNPACKING pc=0x0000017050d32b43 sp=0x0000004df97f9850 mode 0
Event: 14.758 Thread 0x000001704d61e0e0 DEOPT PACKING pc=0x00000170512eaa0c sp=0x0000004df97fa290
Event: 14.758 Thread 0x000001704d61e0e0 DEOPT UNPACKING pc=0x0000017050d32b43 sp=0x0000004df97f9720 mode 0
Event: 14.759 Thread 0x000001704d61e0e0 DEOPT PACKING pc=0x00000170512eaa0c sp=0x0000004df97fa290
Event: 14.759 Thread 0x000001704d61e0e0 DEOPT UNPACKING pc=0x0000017050d32b43 sp=0x0000004df97f9720 mode 0
Event: 15.119 Thread 0x000001704d61e0e0 DEOPT PACKING pc=0x0000017051294b67 sp=0x0000004df97faf50
Event: 15.119 Thread 0x000001704d61e0e0 DEOPT UNPACKING pc=0x0000017050d32b43 sp=0x0000004df97fa370 mode 0
Event: 15.159 Thread 0x000001704d61e0e0 Uncommon trap: trap_request=0xffffff45 fr.pc=0x00000170587d08d8 relative=0x0000000000000618
Event: 15.159 Thread 0x000001704d61e0e0 Uncommon trap: reason=unstable_if action=reinterpret pc=0x00000170587d08d8 method=java.lang.AbstractStringBuilder.append(Ljava/lang/String;)Ljava/lang/AbstractStringBuilder; @ 1 c2
Event: 15.159 Thread 0x000001704d61e0e0 DEOPT PACKING pc=0x00000170587d08d8 sp=0x0000004df97ff2f0
Event: 15.159 Thread 0x000001704d61e0e0 DEOPT UNPACKING pc=0x0000017050d323a3 sp=0x0000004df97ff270 mode 2

Classes unloaded (0 events):
No events

Classes redefined (0 events):
No events

Internal exceptions (1 events):
Event: 15.159 Thread 0x000001704d61e0e0 Implicit null exception at 0x00000170587d02f2 to 0x00000170587d08c0

VM Operations (20 events):
Event: 14.025 Executing VM operation: G1CollectForAllocation
Event: 14.026 Executing VM operation: G1CollectForAllocation done
Event: 14.093 Executing VM operation: G1CollectForAllocation
Event: 14.094 Executing VM operation: G1CollectForAllocation done
Event: 14.161 Executing VM operation: G1CollectForAllocation
Event: 14.162 Executing VM operation: G1CollectForAllocation done
Event: 14.234 Executing VM operation: G1CollectForAllocation
Event: 14.235 Executing VM operation: G1CollectForAllocation done
Event: 14.310 Executing VM operation: G1CollectForAllocation
Event: 14.311 Executing VM operation: G1CollectForAllocation done
Event: 14.385 Executing VM operation: G1CollectForAllocation
Event: 14.386 Executing VM operation: G1CollectForAllocation done
Event: 14.462 Executing VM operation: G1CollectForAllocation
Event: 14.463 Executing VM operation: G1CollectForAllocation done
Event: 14.541 Executing VM operation: G1CollectForAllocation
Event: 14.542 Executing VM operation: G1CollectForAllocation done
Event: 14.619 Executing VM operation: G1CollectForAllocation
Event: 14.620 Executing VM operation: G1CollectForAllocation done
Event: 14.755 Executing VM operation: HandshakeAllThreads
Event: 14.755 Executing VM operation: HandshakeAllThreads done

Events (20 events):
Event: 14.773 loading class java/util/zip/CRC32
Event: 14.774 loading class java/util/zip/Checksum
Event: 14.774 loading class java/util/zip/Checksum done
Event: 14.774 loading class java/util/zip/CRC32 done
Event: 14.774 loading class java/util/zip/Checksum$1
Event: 14.774 loading class java/util/zip/Checksum$1 done
Event: 14.785 loading class java/lang/UnsatisfiedLinkError
Event: 14.785 loading class java/lang/UnsatisfiedLinkError done
Event: 14.998 Loaded shared library C:\Users\49173\Desktop\z3-4.11.2-x64-win\bin\libz3java.dll
Event: 14.999 Thread 0x00000170677ff220 Thread exited: 0x00000170677ff220
Event: 15.153 loading class java/util/IdentityHashMap$Values
Event: 15.153 loading class java/util/IdentityHashMap$Values done
Event: 15.153 loading class java/util/IdentityHashMap$ValueIterator
Event: 15.153 loading class java/util/IdentityHashMap$IdentityHashMapIterator
Event: 15.154 loading class java/util/IdentityHashMap$IdentityHashMapIterator done
Event: 15.154 loading class java/util/IdentityHashMap$ValueIterator done
Event: 15.157 loading class java/lang/Throwable$WrappedPrintStream
Event: 15.158 loading class java/lang/Throwable$PrintStreamOrWriter
Event: 15.158 loading class java/lang/Throwable$PrintStreamOrWriter done
Event: 15.158 loading class java/lang/Throwable$WrappedPrintStream done


Dynamic libraries:
0x00007ff681900000 - 0x00007ff68190e000 	C:\Users\49173\.p2\pool\plugins\org.eclipse.justj.openjdk.hotspot.jre.full.win32.x86_64_17.0.4.v20221004-1257\jre\bin\javaw.exe
0x00007ffdc1f30000 - 0x00007ffdc2144000 	C:\WINDOWS\SYSTEM32\ntdll.dll
0x00007ffdc1850000 - 0x00007ffdc1913000 	C:\WINDOWS\System32\KERNEL32.DLL
0x00007ffdbf5e0000 - 0x00007ffdbf97d000 	C:\WINDOWS\System32\KERNELBASE.dll
0x00007ffdbf410000 - 0x00007ffdbf521000 	C:\WINDOWS\System32\ucrtbase.dll
0x00007ffdb00d0000 - 0x00007ffdb00e9000 	C:\Users\49173\.p2\pool\plugins\org.eclipse.justj.openjdk.hotspot.jre.full.win32.x86_64_17.0.4.v20221004-1257\jre\bin\VCRUNTIME140.dll
0x00007ffdb02e0000 - 0x00007ffdb02f8000 	C:\Users\49173\.p2\pool\plugins\org.eclipse.justj.openjdk.hotspot.jre.full.win32.x86_64_17.0.4.v20221004-1257\jre\bin\jli.dll
0x00007ffdc0fa0000 - 0x00007ffdc114d000 	C:\WINDOWS\System32\USER32.dll
0x00007ffda79d0000 - 0x00007ffda7c5e000 	C:\WINDOWS\WinSxS\amd64_microsoft.windows.common-controls_6595b64144ccf1df_6.0.22621.608_none_a9444ca7c10bb01d\COMCTL32.dll
0x00007ffdbf530000 - 0x00007ffdbf556000 	C:\WINDOWS\System32\win32u.dll
0x00007ffdc0e30000 - 0x00007ffdc0ed7000 	C:\WINDOWS\System32\msvcrt.dll
0x00007ffdc0610000 - 0x00007ffdc0639000 	C:\WINDOWS\System32\GDI32.dll
0x00007ffdbf980000 - 0x00007ffdbfa92000 	C:\WINDOWS\System32\gdi32full.dll
0x00007ffdbfc80000 - 0x00007ffdbfd1a000 	C:\WINDOWS\System32\msvcp_win.dll
0x00007ffdbfd20000 - 0x00007ffdbfd52000 	C:\WINDOWS\System32\IMM32.DLL
0x00007ffdb72c0000 - 0x00007ffdb72cc000 	C:\Users\49173\.p2\pool\plugins\org.eclipse.justj.openjdk.hotspot.jre.full.win32.x86_64_17.0.4.v20221004-1257\jre\bin\vcruntime140_1.dll
0x00007ffd9cd50000 - 0x00007ffd9cde1000 	C:\Users\49173\.p2\pool\plugins\org.eclipse.justj.openjdk.hotspot.jre.full.win32.x86_64_17.0.4.v20221004-1257\jre\bin\msvcp140.dll
0x00007ffd7faa0000 - 0x00007ffd806e6000 	C:\Users\49173\.p2\pool\plugins\org.eclipse.justj.openjdk.hotspot.jre.full.win32.x86_64_17.0.4.v20221004-1257\jre\bin\server\jvm.dll
0x00007ffdc03b0000 - 0x00007ffdc045e000 	C:\WINDOWS\System32\ADVAPI32.dll
0x00007ffdc1920000 - 0x00007ffdc19c4000 	C:\WINDOWS\System32\sechost.dll
0x00007ffdc1610000 - 0x00007ffdc1725000 	C:\WINDOWS\System32\RPCRT4.dll
0x00007ffdc19d0000 - 0x00007ffdc19d8000 	C:\WINDOWS\System32\PSAPI.DLL
0x00007ffdbbff0000 - 0x00007ffdbbff9000 	C:\WINDOWS\SYSTEM32\WSOCK32.dll
0x00007ffdb77a0000 - 0x00007ffdb77d4000 	C:\WINDOWS\SYSTEM32\WINMM.dll
0x00007ffdc0330000 - 0x00007ffdc03a1000 	C:\WINDOWS\System32\WS2_32.dll
0x00007ffdb6170000 - 0x00007ffdb617a000 	C:\WINDOWS\SYSTEM32\VERSION.dll
0x00007ffdbe370000 - 0x00007ffdbe388000 	C:\WINDOWS\SYSTEM32\kernel.appcore.dll
0x00007ffdb0820000 - 0x00007ffdb082a000 	C:\Users\49173\.p2\pool\plugins\org.eclipse.justj.openjdk.hotspot.jre.full.win32.x86_64_17.0.4.v20221004-1257\jre\bin\jimage.dll
0x00007ffdbce20000 - 0x00007ffdbd04e000 	C:\WINDOWS\SYSTEM32\DBGHELP.DLL
0x00007ffdbfe90000 - 0x00007ffdc021a000 	C:\WINDOWS\System32\combase.dll
0x00007ffdc0530000 - 0x00007ffdc0607000 	C:\WINDOWS\System32\OLEAUT32.dll
0x00007ffda6e30000 - 0x00007ffda6e62000 	C:\WINDOWS\SYSTEM32\dbgcore.DLL
0x00007ffdbf560000 - 0x00007ffdbf5db000 	C:\WINDOWS\System32\bcryptPrimitives.dll
0x00007ffdb07f0000 - 0x00007ffdb0815000 	C:\Users\49173\.p2\pool\plugins\org.eclipse.justj.openjdk.hotspot.jre.full.win32.x86_64_17.0.4.v20221004-1257\jre\bin\java.dll
0x00007ffdb07d0000 - 0x00007ffdb07e8000 	C:\Users\49173\.p2\pool\plugins\org.eclipse.justj.openjdk.hotspot.jre.full.win32.x86_64_17.0.4.v20221004-1257\jre\bin\zip.dll
0x00007ffdc0640000 - 0x00007ffdc0e2f000 	C:\WINDOWS\System32\SHELL32.dll
0x00007ffdbd330000 - 0x00007ffdbdbf8000 	C:\WINDOWS\SYSTEM32\windows.storage.dll
0x00007ffdbd1f0000 - 0x00007ffdbd32e000 	C:\WINDOWS\SYSTEM32\wintypes.dll
0x00007ffdc1360000 - 0x00007ffdc1451000 	C:\WINDOWS\System32\SHCORE.dll
0x00007ffdbfd60000 - 0x00007ffdbfdbe000 	C:\WINDOWS\System32\shlwapi.dll
0x00007ffdbf280000 - 0x00007ffdbf2a1000 	C:\WINDOWS\SYSTEM32\profapi.dll
0x00007ffdb07b0000 - 0x00007ffdb07c9000 	C:\Users\49173\.p2\pool\plugins\org.eclipse.justj.openjdk.hotspot.jre.full.win32.x86_64_17.0.4.v20221004-1257\jre\bin\net.dll
0x00007ffdb9670000 - 0x00007ffdb979f000 	C:\WINDOWS\SYSTEM32\WINHTTP.dll
0x00007ffdbe7d0000 - 0x00007ffdbe839000 	C:\WINDOWS\system32\mswsock.dll
0x00007ffdb0790000 - 0x00007ffdb07a5000 	C:\Users\49173\.p2\pool\plugins\org.eclipse.justj.openjdk.hotspot.jre.full.win32.x86_64_17.0.4.v20221004-1257\jre\bin\nio.dll
0x00007ffd93880000 - 0x00007ffd9389e000 	C:\Users\49173\Desktop\z3-4.11.2-x64-win\bin\libz3java.dll
0x00007ffd13f30000 - 0x00007ffd14e5b000 	C:\Users\49173\Desktop\z3-4.11.2-x64-win\bin\libz3.dll

dbghelp: loaded successfully - version: 4.0.5 - missing functions: none
symbol engine: initialized successfully - sym options: 0x614 - pdb path: .;C:\Users\49173\.p2\pool\plugins\org.eclipse.justj.openjdk.hotspot.jre.full.win32.x86_64_17.0.4.v20221004-1257\jre\bin;C:\WINDOWS\SYSTEM32;C:\WINDOWS\WinSxS\amd64_microsoft.windows.common-controls_6595b64144ccf1df_6.0.22621.608_none_a9444ca7c10bb01d;C:\Users\49173\.p2\pool\plugins\org.eclipse.justj.openjdk.hotspot.jre.full.win32.x86_64_17.0.4.v20221004-1257\jre\bin\server;C:\Users\49173\Desktop\z3-4.11.2-x64-win\bin

VM Arguments:
jvm_args: -Djava.library.path=C:\Users\49173\Desktop\z3-4.11.2-x64-win\bin -Dfile.encoding=UTF-8 -XX:+ShowCodeDetailsInExceptionMessages 
java_command: ptarptar.PTARPTAR
java_class_path (initial): C:\Users\49173\Desktop\PP\PTARPTAR\PTARPTAR\target\classes;C:\Users\49173\.p2\pool\plugins\junit-jupiter-api_5.9.0.jar;C:\Users\49173\.p2\pool\plugins\junit-jupiter-engine_5.9.0.jar;C:\Users\49173\.p2\pool\plugins\junit-jupiter-migrationsupport_5.9.0.jar;C:\Users\49173\.p2\pool\plugins\junit-jupiter-params_5.9.0.jar;C:\Users\49173\.p2\pool\plugins\junit-platform-commons_1.9.0.jar;C:\Users\49173\.p2\pool\plugins\junit-platform-engine_1.9.0.jar;C:\Users\49173\.p2\pool\plugins\junit-platform-launcher_1.9.0.jar;C:\Users\49173\.p2\pool\plugins\junit-platform-runner_1.9.0.jar;C:\Users\49173\.p2\pool\plugins\junit-platform-suite-api_1.9.0.jar;C:\Users\49173\.p2\pool\plugins\junit-platform-suite-engine_1.9.0.jar;C:\Users\49173\.p2\pool\plugins\junit-platform-suite-commons_1.9.0.jar;C:\Users\49173\.p2\pool\plugins\junit-vintage-engine_5.9.0.jar;C:\Users\49173\.p2\pool\plugins\org.opentest4j_1.2.0.jar;C:\Users\49173\.p2\pool\plugins\org.apiguardian.api_1.1.2.jar;C:\Users\49173\.p2\pool\plugins\org.junit_4.13.2.v20211018-1956.jar;C:\Users\49173\.p2\pool\plugins\org.hamcrest.core_1.3.0.v20180420-1519.jar;C:\Users\49173\.m2\repository\org\json\json\20220924\json-20220924.jar;C:\Users\49173\.m2\repository\org\javatuples\javatuples\1.2\javatuples-1.2.jar;C:\Users\49173\.m2\repository\com\microsoft\z3\4.11.2\z3-4.11.2.jar
Launcher Type: SUN_STANDARD

[Global flags]
     intx CICompilerCount                          = 4                                         {product} {ergonomic}
     uint ConcGCThreads                            = 2                                         {product} {ergonomic}
     uint G1ConcRefinementThreads                  = 8                                         {product} {ergonomic}
   size_t G1HeapRegionSize                         = 1048576                                   {product} {ergonomic}
    uintx GCDrainStackTargetSize                   = 64                                        {product} {ergonomic}
   size_t InitialHeapSize                          = 115343360                                 {product} {ergonomic}
   size_t MarkStackSize                            = 4194304                                   {product} {ergonomic}
   size_t MaxHeapSize                              = 1832910848                                {product} {ergonomic}
   size_t MaxNewSize                               = 1098907648                                {product} {ergonomic}
   size_t MinHeapDeltaBytes                        = 1048576                                   {product} {ergonomic}
   size_t MinHeapSize                              = 8388608                                   {product} {ergonomic}
    uintx NonNMethodCodeHeapSize                   = 5839372                                {pd product} {ergonomic}
    uintx NonProfiledCodeHeapSize                  = 122909434                              {pd product} {ergonomic}
    uintx ProfiledCodeHeapSize                     = 122909434                              {pd product} {ergonomic}
    uintx ReservedCodeCacheSize                    = 251658240                              {pd product} {ergonomic}
     bool SegmentedCodeCache                       = true                                      {product} {ergonomic}
     bool ShowCodeDetailsInExceptionMessages       = true                                   {manageable} {command line}
   size_t SoftMaxHeapSize                          = 1832910848                             {manageable} {ergonomic}
     bool UseCompressedClassPointers               = true                           {product lp64_product} {ergonomic}
     bool UseCompressedOops                        = true                           {product lp64_product} {ergonomic}
     bool UseG1GC                                  = true                                      {product} {ergonomic}
     bool UseLargePagesIndividualAllocation        = false                                  {pd product} {ergonomic}

Logging:
Log output configuration:
 #0: stdout all=warning uptime,level,tags
 #1: stderr all=off uptime,level,tags

Environment Variables:
PATH=C:/Users/49173/.p2/pool/plugins/org.eclipse.justj.openjdk.hotspot.jre.full.win32.x86_64_17.0.4.v20221004-1257/jre/bin/server;C:/Users/49173/.p2/pool/plugins/org.eclipse.justj.openjdk.hotspot.jre.full.win32.x86_64_17.0.4.v20221004-1257/jre/bin;C:\WINDOWS\system32;C:\WINDOWS;C:\WINDOWS\System32\Wbem;C:\WINDOWS\System32\WindowsPowerShell\v1.0\;C:\WINDOWS\System32\OpenSSH\;C:\Users\49173\AppData\Roaming\Microsoft\Windows\Start Menu\Programs\Python 3.11;C:\Users\49173\AppData\Local\Programs\Python\Python311\Scripts;C:\Program Files\Docker\Docker\resources\bin;C:\Users\49173\Desktop\z3-4.11.2-x64-win\bin;C:\Users\49173\AppData\Local\Microsoft\WindowsApps;C:\Users\49173\AppData\Local\gitkraken\bin;C:\Program Files\JetBrains\PyCharm Community Edition 2022.2.3\bin;;C:\Users\49173\AppData\Roaming\Microsoft\Windows\Start Menu\Programs\Python 3.11;C:\Users\49173\AppData\Local\Programs\Python\Python311\Scripts;C:\Users\49173\AppData\Local\Programs\MiKTeX\miktex\bin\x64\;C:\Users\49173\Desktop\z3-4.11.2-x64-win\bin;;C:\Users\49173\AppData\Local\Microsoft\WindowsApps;C:\Users\49173\Desktop;
USERNAME=49173
OS=Windows_NT
PROCESSOR_IDENTIFIER=AMD64 Family 25 Model 80 Stepping 0, AuthenticAMD
TMP=C:\Users\49173\AppData\Local\Temp
TEMP=C:\Users\49173\AppData\Local\Temp



---------------  S Y S T E M  ---------------

OS:
 Windows 11 , 64 bit Build 22621 (10.0.22621.963)
OS uptime: 2 days 19:21 hours
Hyper-V role detected

CPU: total 8 (initial active 8) (8 cores per cpu, 2 threads per core) family 25 model 80 stepping 0 microcode 0x0, cx8, cmov, fxsr, ht, mmx, 3dnowpref, sse, sse2, sse3, ssse3, sse4a, sse4.1, sse4.2, popcnt, lzcnt, tsc, tscinvbit, avx, avx2, aes, erms, clmul, bmi1, bmi2, adx, sha, fma, vzeroupper, clflush, clflushopt, hv

Memory: 4k page, system-wide physical 6990M (1043M free)
TotalPageFile size 17742M (AvailPageFile size 3888M)
current process WorkingSet (physical memory assigned to process): 285M, peak: 301M
current process commit charge ("private bytes"): 374M, peak: 390M

vm_info: OpenJDK 64-Bit Server VM (17.0.4.1+1) for windows-amd64 JRE (17.0.4.1+1), built on Aug 17 2022 07:42:43 by "temurin" with MS VC++ 16.7 (VS2019)

END.
