#
# A fatal error has been detected by the Java Runtime Environment:
#
#  EXCEPTION_ACCESS_VIOLATION (0xc0000005) at pc=0x00007ffd7faac7f0, pid=3136, tid=17092
#
# JRE version: OpenJDK Runtime Environment Temurin-17.0.4.1+1 (17.0.4.1+1) (build 17.0.4.1+1)
# Java VM: OpenJDK 64-Bit Server VM Temurin-17.0.4.1+1 (17.0.4.1+1, mixed mode, tiered, compressed oops, compressed class ptrs, g1 gc, windows-amd64)
# Problematic frame:
# V  [jvm.dll+0xc7f0]
#
# No core dump will be written. Minidumps are not enabled by default on client versions of Windows
#
# If you would like to submit a bug report, please visit:
#   https://github.com/adoptium/adoptium-support/issues
#

---------------  S U M M A R Y ------------

Command Line: -Djava.library.path=C:\Users\49173\Desktop\z3-4.11.2-x64-win\bin -Dfile.encoding=UTF-8 -XX:+ShowCodeDetailsInExceptionMessages ptarptar.PTARPTAR

Host: AMD Ryzen 3 PRO 5450U with Radeon Graphics     , 8 cores, 6G,  Windows 11 , 64 bit Build 22621 (10.0.22621.963)
Time: Fri Jan  6 13:44:03 2023 Mitteleuropäische Zeit elapsed time: 15.907219 seconds (0d 0h 0m 15s)

---------------  T H R E A D  ---------------

Current thread (0x000001fc7e4bafc0):  JavaThread "main" [_thread_in_vm, id=17092, stack(0x0000009d92e00000,0x0000009d92f00000)]

Stack: [0x0000009d92e00000,0x0000009d92f00000],  sp=0x0000009d92efeec8,  free space=1019k
Native frames: (J=compiled Java code, j=interpreted, Vv=VM code, C=native code)
V  [jvm.dll+0xc7f0]

Java frames: (J=compiled Java code, j=interpreted, Vv=VM code)
j  com.microsoft.z3.Native.INTERNALparseSmtlib2String(JLjava/lang/String;I[J[JI[J[J)J+0
j  com.microsoft.z3.Native.parseSmtlib2String(JLjava/lang/String;I[J[JI[J[J)J+13
j  com.microsoft.z3.Context.parseSMTLIB2String(Ljava/lang/String;[Lcom/microsoft/z3/Symbol;[Lcom/microsoft/z3/Sort;[Lcom/microsoft/z3/Symbol;[Lcom/microsoft/z3/FuncDecl;)[Lcom/microsoft/z3/BoolExpr;+88
j  repair.repairComputation.MaxSMT.repairValuesComputation(Ljava/lang/String;Ljava/util/List;Ljava/lang/String;)I+69
j  repair.RepairProcess.conductRepair(Lrun/Run;Lnpta/NPTA;Lrepair/repairComputation/VariationVariable$VarType;Ljava/util/List;Ljava/lang/String;Ljava/lang/String;Ljava/lang/String;)V+15
j  ptarptar.PTARPTAR.repairModel(Lrun/Run;Lnpta/NPTA;Lrepair/repairComputation/VariationVariable$VarType;Ljava/util/List;Ljava/lang/String;Ljava/lang/String;ILjava/lang/String;)V+10
j  ptarptar.PTARPTAR.main([Ljava/lang/String;)V+192
v  ~StubRoutines::call_stub

siginfo: EXCEPTION_ACCESS_VIOLATION (0xc0000005), reading address 0x0000000000000000


Register to memory mapping:

RIP=0x00007ffd7faac7f0 jvm.dll
RAX=0x0 is NULL
RBX=0x000001fc7e4bafc0 is a thread
RCX=0x0 is NULL
RDX=0x0 is NULL
RSP=0x0000009d92efeec8 is pointing into the stack for thread: 0x000001fc7e4bafc0
RBP=0x0000009d92eff088 is pointing into the stack for thread: 0x000001fc7e4bafc0
RSI=0x0 is NULL
RDI=0x0 is NULL
R8 =0x0 is NULL
R9 =0x0 is NULL
R10=0x000001fc035fd5d2 is at code_begin+946 in an Interpreter codelet
method entry point (kind = native)  [0x000001fc035fd220, 0x000001fc035fdba0]  2432 bytes
R11=0x000000009adeb160 is an oop: java.lang.Class 
{0x000000009adeb160} - klass: 'java/lang/Class'
 - ---- fields (total size 14 words):
 - private volatile transient 'classRedefinedCount' 'I' @12  0
 - private volatile transient 'cachedConstructor' 'Ljava/lang/reflect/Constructor;' @40  NULL (0)
 - private transient 'name' 'Ljava/lang/String;' @44  "com.microsoft.z3.Native"{0x000000009adeb1e0} (9adeb1e0)
 - private transient 'module' 'Ljava/lang/Module;' @48  a 'java/lang/Module'{0x0000000092c0ca00} (92c0ca00)
 - private final 'classLoader' 'Ljava/lang/ClassLoader;' @52  a 'jdk/internal/loader/ClassLoaders$AppClassLoader'{0x0000000092c006c0} (92c006c0)
 - private transient 'classData' 'Ljava/lang/Object;' @56  NULL (0)
 - private transient 'packageName' 'Ljava/lang/String;' @60  "com.microsoft.z3"{0x000000009ad9fb60} (9ad9fb60)
 - private final 'componentType' 'Ljava/lang/Class;' @64  NULL (0)
 - private volatile transient 'reflectionData' 'Ljava/lang/ref/SoftReference;' @68  NULL (0)
 - private volatile transient 'genericInfo' 'Lsun/reflect/generics/repository/ClassRepository;' @72  NULL (0)
 - private volatile transient 'enumConstants' '[Ljava/lang/Object;' @76  NULL (0)
 - private volatile transient 'enumConstantDirectory' 'Ljava/util/Map;' @80  NULL (0)
 - private volatile transient 'annotationData' 'Ljava/lang/Class$AnnotationData;' @84  NULL (0)
 - private volatile transient 'annotationType' 'Lsun/reflect/annotation/AnnotationType;' @88  NULL (0)
 - transient 'classValueMap' 'Ljava/lang/ClassValue$ClassValueMap;' @92  NULL (0)
 - signature: Lcom/microsoft/z3/Native;
 - fake entry for mirror: 'com/microsoft/z3/Native'
 - fake entry for array: NULL
 - fake entry for oop_size: 14
 - fake entry for static_oop_field_count: 0
R12=0x0 is NULL
R13={method} {0x000001fc1a224878} 'INTERNALparseSmtlib2String' '(JLjava/lang/String;I[J[JI[J[J)J' in 'com/microsoft/z3/Native'
R14=0x0 is NULL
R15=0x000001fc7e4bafc0 is a thread


Registers:
RAX=0x0000000000000000, RBX=0x000001fc7e4bafc0, RCX=0x0000000000000000, RDX=0x0000000000000000
RSP=0x0000009d92efeec8, RBP=0x0000009d92eff088, RSI=0x0000000000000000, RDI=0x0000000000000000
R8 =0x0000000000000000, R9 =0x0000000000000000, R10=0x000001fc035fd5d2, R11=0x000000009adeb160
R12=0x0000000000000000, R13=0x000001fc1a224870, R14=0x0000000000000000, R15=0x000001fc7e4bafc0
RIP=0x00007ffd7faac7f0, EFLAGS=0x0000000000010246

Top of Stack: (sp=0x0000009d92efeec8)
0x0000009d92efeec8:   00007ffd7fe8951a 0000000000000000
0x0000009d92efeed8:   0000000000000007 000000000000000d
0x0000009d92efeee8:   000001fc1a224870 000001fc7e4bafc0
0x0000009d92efeef8:   0000000000000000 0000000000000007
0x0000009d92efef08:   000001fc19a5ed70 0000a5462c77a66f
0x0000009d92efef18:   0000000000000007 000001fc7e4bafc0
0x0000009d92efef28:   0000009d92eff0e8 0000000092c2d3a8
0x0000009d92efef38:   0000000000000000 000001fc7e4bb268
0x0000009d92efef48:   00007ffdb94c8367 0000009d92eff088
0x0000009d92efef58:   0000009d92eff0e8 0000001bb5bb5977
0x0000009d92efef68:   0000000000000000 000001fc7e4bafc0
0x0000009d92efef78:   0000000000000001 000001fc1a224870
0x0000009d92efef88:   000001fc7e4bafc0 000001fc7e4bafc0
0x0000009d92efef98:   0000009d92eff0e8 000001fc1a224870
0x0000009d92efefa8:   0000000000000000 0000000092c2d3a8
0x0000009d92efefb8:   0000000000000000 0000009d92eff088 

Instructions: (pc=0x00007ffd7faac7f0)
0x00007ffd7faac6f0:   00 00 00 48 8b 41 38 48 8b 80 88 09 00 00 48 8b
0x00007ffd7faac700:   48 08 48 8b 40 50 48 d3 ea 80 3c 02 01 0f 85 cd
0x00007ffd7faac710:   00 00 00 48 8b 13 0f b6 c2 24 03 3c 03 75 19 48
0x00007ffd7faac720:   83 e2 fc 74 13 48 3b da 74 11 48 8b c2 48 8b 5c
0x00007ffd7faac730:   24 38 48 83 c4 20 5e c3 48 8b d3 48 8b 46 38 0f
0x00007ffd7faac740:   be 88 f0 02 00 00 c1 e9 02 f6 c1 01 74 dc 48 89
0x00007ffd7faac750:   7c 24 30 e8 28 e5 ff ff 48 8b 0d 09 32 b9 00 48
0x00007ffd7faac760:   8b f8 48 81 c1 90 09 00 00 8b 41 40 0f b6 57 21
0x00007ffd7faac770:   8d 42 01 88 47 21 84 d2 75 0a 48 8b d7 e8 5e a1
0x00007ffd7faac780:   6f 00 eb 20 80 7f 22 00 75 1a 8b 41 40 85 05 01
0x00007ffd7faac790:   a4 9a 00 74 0f b8 ff ff ff ff f0 0f c1 41 40 e8
0x00007ffd7faac7a0:   8c a1 6f 00 48 8b 4e 38 4c 8b c7 48 8b d3 e8 dd
0x00007ffd7faac7b0:   f7 ff ff 0f b6 4f 21 48 8b d8 48 8b 15 a7 31 b9
0x00007ffd7faac7c0:   00 8d 41 ff 88 47 21 80 f9 01 77 0f 48 8d 8a 90
0x00007ffd7faac7d0:   09 00 00 48 8b d7 e8 35 a1 6f 00 48 8b 7c 24 30
0x00007ffd7faac7e0:   48 8b c3 48 8b 5c 24 38 48 83 c4 20 5e c3 cc cc
0x00007ffd7faac7f0:   48 8b 01 c3 cc cc cc cc cc cc cc cc cc cc cc cc
0x00007ffd7faac800:   4c 8b 01 4c 8b c9 48 8b 0d f3 c2 b4 00 ba 44 60
0x00007ffd7faac810:   08 00 e9 59 f2 ff ff cc cc cc cc cc cc cc cc cc
0x00007ffd7faac820:   48 89 5c 24 08 57 48 83 ec 20 48 8b 39 48 8b d9
0x00007ffd7faac830:   48 85 3d a1 a0 b9 00 75 0e 48 8b c7 48 8b 5c 24
0x00007ffd7faac840:   30 48 83 c4 20 5f c3 48 8b cf e8 51 6e 85 00 48
0x00007ffd7faac850:   8b d0 48 85 c0 74 20 48 8b c7 f0 48 0f b1 13 74
0x00007ffd7faac860:   16 48 85 05 70 a0 b9 00 74 0d 48 8b c8 f0 48 0f
0x00007ffd7faac870:   b1 13 48 3b c1 75 ea 48 8b 5c 24 30 48 8b c2 48
0x00007ffd7faac880:   83 c4 20 5f c3 cc cc cc cc cc cc cc cc cc cc cc
0x00007ffd7faac890:   4c 8b 01 4c 8b c9 48 8b 0d 63 c2 b4 00 ba 64 60
0x00007ffd7faac8a0:   08 00 e9 c9 f1 ff ff cc cc cc cc cc cc cc cc cc
0x00007ffd7faac8b0:   8b 05 42 0a af 00 c3 cc cc cc cc cc cc cc cc cc
0x00007ffd7faac8c0:   0f b6 05 98 ca b5 00 48 8b d1 84 c0 74 16 44 8b
0x00007ffd7faac8d0:   41 08 8b 0d 20 0a af 00 49 d3 e0 4c 03 05 0e 0a
0x00007ffd7faac8e0:   af 00 eb 04 4c 8b 41 08 45 8b 50 08 45 85 d2 7e 


Stack slot to memory mapping:
stack at sp + 0 slots: 0x00007ffd7fe8951a jvm.dll
stack at sp + 1 slots: 0x0 is NULL
stack at sp + 2 slots: 0x0000000000000007 is an unknown value
stack at sp + 3 slots: 0x000000000000000d is an unknown value
stack at sp + 4 slots: {method} {0x000001fc1a224878} 'INTERNALparseSmtlib2String' '(JLjava/lang/String;I[J[JI[J[J)J' in 'com/microsoft/z3/Native'
stack at sp + 5 slots: 0x000001fc7e4bafc0 is a thread
stack at sp + 6 slots: 0x0 is NULL
stack at sp + 7 slots: 0x0000000000000007 is an unknown value


---------------  P R O C E S S  ---------------

Threads class SMR info:
_java_thread_list=0x000001fc1a6ef960, length=14, elements={
0x000001fc7e4bafc0, 0x000001fc19a4e030, 0x000001fc19a4ebe0, 0x000001fc19a75290,
0x000001fc1a40d0a0, 0x000001fc1a40d570, 0x000001fc1a40de30, 0x000001fc1a417af0,
0x000001fc1a42d570, 0x000001fc1a42de70, 0x000001fc1a592a70, 0x000001fc1a5ab010,
0x000001fc1a948d60, 0x000001fc1a949270
}

Java Threads: ( => current thread )
=>0x000001fc7e4bafc0 JavaThread "main" [_thread_in_vm, id=17092, stack(0x0000009d92e00000,0x0000009d92f00000)]
  0x000001fc19a4e030 JavaThread "Reference Handler" daemon [_thread_blocked, id=11568, stack(0x0000009d93500000,0x0000009d93600000)]
  0x000001fc19a4ebe0 JavaThread "Finalizer" daemon [_thread_blocked, id=17708, stack(0x0000009d93600000,0x0000009d93700000)]
  0x000001fc19a75290 JavaThread "Signal Dispatcher" daemon [_thread_blocked, id=18628, stack(0x0000009d93700000,0x0000009d93800000)]
  0x000001fc1a40d0a0 JavaThread "Attach Listener" daemon [_thread_blocked, id=1880, stack(0x0000009d93800000,0x0000009d93900000)]
  0x000001fc1a40d570 JavaThread "Service Thread" daemon [_thread_blocked, id=11316, stack(0x0000009d93900000,0x0000009d93a00000)]
  0x000001fc1a40de30 JavaThread "Monitor Deflation Thread" daemon [_thread_blocked, id=3124, stack(0x0000009d93a00000,0x0000009d93b00000)]
  0x000001fc1a417af0 JavaThread "C2 CompilerThread0" daemon [_thread_blocked, id=1364, stack(0x0000009d93b00000,0x0000009d93c00000)]
  0x000001fc1a42d570 JavaThread "C1 CompilerThread0" daemon [_thread_blocked, id=7212, stack(0x0000009d93c00000,0x0000009d93d00000)]
  0x000001fc1a42de70 JavaThread "Sweeper thread" daemon [_thread_blocked, id=3556, stack(0x0000009d93d00000,0x0000009d93e00000)]
  0x000001fc1a592a70 JavaThread "Notification Thread" daemon [_thread_blocked, id=9088, stack(0x0000009d93e00000,0x0000009d93f00000)]
  0x000001fc1a5ab010 JavaThread "Common-Cleaner" daemon [_thread_blocked, id=5756, stack(0x0000009d94000000,0x0000009d94100000)]
  0x000001fc1a948d60 JavaThread "C2 CompilerThread1" daemon [_thread_blocked, id=1676, stack(0x0000009d94600000,0x0000009d94700000)]
  0x000001fc1a949270 JavaThread "C2 CompilerThread2" daemon [_thread_blocked, id=11052, stack(0x0000009d94700000,0x0000009d94800000)]

Other Threads:
  0x000001fc19a35a40 VMThread "VM Thread" [stack: 0x0000009d93400000,0x0000009d93500000] [id=19064]
  0x000001fc7fd19820 WatcherThread [stack: 0x0000009d93f00000,0x0000009d94000000] [id=1904]
  0x000001fc7fd00170 GCTaskThread "GC Thread#0" [stack: 0x0000009d92f00000,0x0000009d93000000] [id=3952]
  0x000001fc1a5e13d0 GCTaskThread "GC Thread#1" [stack: 0x0000009d94100000,0x0000009d94200000] [id=12764]
  0x000001fc1a687450 GCTaskThread "GC Thread#2" [stack: 0x0000009d94200000,0x0000009d94300000] [id=17636]
  0x000001fc1a6824b0 GCTaskThread "GC Thread#3" [stack: 0x0000009d94300000,0x0000009d94400000] [id=5232]
  0x000001fc1a82ac10 GCTaskThread "GC Thread#4" [stack: 0x0000009d94400000,0x0000009d94500000] [id=8760]
  0x000001fc1a6cc2c0 GCTaskThread "GC Thread#5" [stack: 0x0000009d94500000,0x0000009d94600000] [id=11380]
  0x000001fc7fd0fa40 ConcurrentGCThread "G1 Main Marker" [stack: 0x0000009d93000000,0x0000009d93100000] [id=16332]
  0x000001fc7fd10450 ConcurrentGCThread "G1 Conc#0" [stack: 0x0000009d93100000,0x0000009d93200000] [id=19748]
  0x000001fc198910a0 ConcurrentGCThread "G1 Refine#0" [stack: 0x0000009d93200000,0x0000009d93300000] [id=12632]
  0x000001fc19891960 ConcurrentGCThread "G1 Service" [stack: 0x0000009d93300000,0x0000009d93400000] [id=12544]

Threads with active compile tasks:

VM state: not at safepoint (normal execution)

VM Mutex/Monitor currently owned by a thread: None

Heap address: 0x0000000092c00000, size: 1748 MB, Compressed Oops mode: 32-bit

CDS archive(s) not mapped
Compressed class space mapped at: 0x0000000100000000-0x0000000140000000, reserved size: 1073741824
Narrow klass base: 0x0000000000000000, Narrow klass shift: 3, Narrow klass range: 0x140000000

GC Precious Log:
 CPUs: 8 total, 8 available
 Memory: 6990M
 Large Page Support: Disabled
 NUMA Support: Disabled
 Compressed Oops: Enabled (32-bit)
 Heap Region Size: 1M
 Heap Min Capacity: 8M
 Heap Initial Capacity: 110M
 Heap Max Capacity: 1748M
 Pre-touch: Disabled
 Parallel Workers: 8
 Concurrent Workers: 2
 Concurrent Refinement Workers: 8
 Periodic GC: Disabled

Heap:
 garbage-first heap   total 279552K, used 150183K [0x0000000092c00000, 0x0000000100000000)
  region size 1024K, 147 young (150528K), 1 survivors (1024K)
 Metaspace       used 7346K, committed 7488K, reserved 1056768K
  class space    used 607K, committed 704K, reserved 1048576K

Heap Regions: E=young(eden), S=young(survivor), O=old, HS=humongous(starts), HC=humongous(continues), CS=collection set, F=free, OA=open archive, CA=closed archive, TAMS=top-at-mark-start (previous, next)
|   0|0x0000000092c00000, 0x0000000092d00000, 0x0000000092d00000|100%| O|  |TAMS 0x0000000092c00000, 0x0000000092c00000| Untracked 
|   1|0x0000000092d00000, 0x0000000092e00000, 0x0000000092e00000|100%| O|  |TAMS 0x0000000092d00000, 0x0000000092d00000| Untracked 
|   2|0x0000000092e00000, 0x0000000092ea4e00, 0x0000000092f00000| 64%| O|  |TAMS 0x0000000092e00000, 0x0000000092e00000| Untracked 
|   3|0x0000000092f00000, 0x0000000092f00000, 0x0000000093000000|  0%| F|  |TAMS 0x0000000092f00000, 0x0000000092f00000| Untracked 
|   4|0x0000000093000000, 0x0000000093000000, 0x0000000093100000|  0%| F|  |TAMS 0x0000000093000000, 0x0000000093000000| Untracked 
|   5|0x0000000093100000, 0x0000000093100000, 0x0000000093200000|  0%| F|  |TAMS 0x0000000093100000, 0x0000000093100000| Untracked 
|   6|0x0000000093200000, 0x0000000093200000, 0x0000000093300000|  0%| F|  |TAMS 0x0000000093200000, 0x0000000093200000| Untracked 
|   7|0x0000000093300000, 0x0000000093300000, 0x0000000093400000|  0%| F|  |TAMS 0x0000000093300000, 0x0000000093300000| Untracked 
|   8|0x0000000093400000, 0x0000000093400000, 0x0000000093500000|  0%| F|  |TAMS 0x0000000093400000, 0x0000000093400000| Untracked 
|   9|0x0000000093500000, 0x0000000093500000, 0x0000000093600000|  0%| F|  |TAMS 0x0000000093500000, 0x0000000093500000| Untracked 
|  10|0x0000000093600000, 0x0000000093600000, 0x0000000093700000|  0%| F|  |TAMS 0x0000000093600000, 0x0000000093600000| Untracked 
|  11|0x0000000093700000, 0x0000000093700000, 0x0000000093800000|  0%| F|  |TAMS 0x0000000093700000, 0x0000000093700000| Untracked 
|  12|0x0000000093800000, 0x0000000093800000, 0x0000000093900000|  0%| F|  |TAMS 0x0000000093800000, 0x0000000093800000| Untracked 
|  13|0x0000000093900000, 0x0000000093900000, 0x0000000093a00000|  0%| F|  |TAMS 0x0000000093900000, 0x0000000093900000| Untracked 
|  14|0x0000000093a00000, 0x0000000093a00000, 0x0000000093b00000|  0%| F|  |TAMS 0x0000000093a00000, 0x0000000093a00000| Untracked 
|  15|0x0000000093b00000, 0x0000000093b00000, 0x0000000093c00000|  0%| F|  |TAMS 0x0000000093b00000, 0x0000000093b00000| Untracked 
|  16|0x0000000093c00000, 0x0000000093c00000, 0x0000000093d00000|  0%| F|  |TAMS 0x0000000093c00000, 0x0000000093c00000| Untracked 
|  17|0x0000000093d00000, 0x0000000093d00000, 0x0000000093e00000|  0%| F|  |TAMS 0x0000000093d00000, 0x0000000093d00000| Untracked 
|  18|0x0000000093e00000, 0x0000000093e00000, 0x0000000093f00000|  0%| F|  |TAMS 0x0000000093e00000, 0x0000000093e00000| Untracked 
|  19|0x0000000093f00000, 0x0000000093f00000, 0x0000000094000000|  0%| F|  |TAMS 0x0000000093f00000, 0x0000000093f00000| Untracked 
|  20|0x0000000094000000, 0x0000000094000000, 0x0000000094100000|  0%| F|  |TAMS 0x0000000094000000, 0x0000000094000000| Untracked 
|  21|0x0000000094100000, 0x0000000094100000, 0x0000000094200000|  0%| F|  |TAMS 0x0000000094100000, 0x0000000094100000| Untracked 
|  22|0x0000000094200000, 0x0000000094200000, 0x0000000094300000|  0%| F|  |TAMS 0x0000000094200000, 0x0000000094200000| Untracked 
|  23|0x0000000094300000, 0x0000000094300000, 0x0000000094400000|  0%| F|  |TAMS 0x0000000094300000, 0x0000000094300000| Untracked 
|  24|0x0000000094400000, 0x0000000094400000, 0x0000000094500000|  0%| F|  |TAMS 0x0000000094400000, 0x0000000094400000| Untracked 
|  25|0x0000000094500000, 0x0000000094500000, 0x0000000094600000|  0%| F|  |TAMS 0x0000000094500000, 0x0000000094500000| Untracked 
|  26|0x0000000094600000, 0x0000000094600000, 0x0000000094700000|  0%| F|  |TAMS 0x0000000094600000, 0x0000000094600000| Untracked 
|  27|0x0000000094700000, 0x0000000094700000, 0x0000000094800000|  0%| F|  |TAMS 0x0000000094700000, 0x0000000094700000| Untracked 
|  28|0x0000000094800000, 0x0000000094800000, 0x0000000094900000|  0%| F|  |TAMS 0x0000000094800000, 0x0000000094800000| Untracked 
|  29|0x0000000094900000, 0x0000000094900000, 0x0000000094a00000|  0%| F|  |TAMS 0x0000000094900000, 0x0000000094900000| Untracked 
|  30|0x0000000094a00000, 0x0000000094a00000, 0x0000000094b00000|  0%| F|  |TAMS 0x0000000094a00000, 0x0000000094a00000| Untracked 
|  31|0x0000000094b00000, 0x0000000094b00000, 0x0000000094c00000|  0%| F|  |TAMS 0x0000000094b00000, 0x0000000094b00000| Untracked 
|  32|0x0000000094c00000, 0x0000000094c00000, 0x0000000094d00000|  0%| F|  |TAMS 0x0000000094c00000, 0x0000000094c00000| Untracked 
|  33|0x0000000094d00000, 0x0000000094d00000, 0x0000000094e00000|  0%| F|  |TAMS 0x0000000094d00000, 0x0000000094d00000| Untracked 
|  34|0x0000000094e00000, 0x0000000094e00000, 0x0000000094f00000|  0%| F|  |TAMS 0x0000000094e00000, 0x0000000094e00000| Untracked 
|  35|0x0000000094f00000, 0x0000000094f00000, 0x0000000095000000|  0%| F|  |TAMS 0x0000000094f00000, 0x0000000094f00000| Untracked 
|  36|0x0000000095000000, 0x0000000095000000, 0x0000000095100000|  0%| F|  |TAMS 0x0000000095000000, 0x0000000095000000| Untracked 
|  37|0x0000000095100000, 0x0000000095100000, 0x0000000095200000|  0%| F|  |TAMS 0x0000000095100000, 0x0000000095100000| Untracked 
|  38|0x0000000095200000, 0x0000000095200000, 0x0000000095300000|  0%| F|  |TAMS 0x0000000095200000, 0x0000000095200000| Untracked 
|  39|0x0000000095300000, 0x0000000095300000, 0x0000000095400000|  0%| F|  |TAMS 0x0000000095300000, 0x0000000095300000| Untracked 
|  40|0x0000000095400000, 0x0000000095400000, 0x0000000095500000|  0%| F|  |TAMS 0x0000000095400000, 0x0000000095400000| Untracked 
|  41|0x0000000095500000, 0x0000000095500000, 0x0000000095600000|  0%| F|  |TAMS 0x0000000095500000, 0x0000000095500000| Untracked 
|  42|0x0000000095600000, 0x0000000095600000, 0x0000000095700000|  0%| F|  |TAMS 0x0000000095600000, 0x0000000095600000| Untracked 
|  43|0x0000000095700000, 0x0000000095700000, 0x0000000095800000|  0%| F|  |TAMS 0x0000000095700000, 0x0000000095700000| Untracked 
|  44|0x0000000095800000, 0x0000000095800000, 0x0000000095900000|  0%| F|  |TAMS 0x0000000095800000, 0x0000000095800000| Untracked 
|  45|0x0000000095900000, 0x0000000095900000, 0x0000000095a00000|  0%| F|  |TAMS 0x0000000095900000, 0x0000000095900000| Untracked 
|  46|0x0000000095a00000, 0x0000000095a00000, 0x0000000095b00000|  0%| F|  |TAMS 0x0000000095a00000, 0x0000000095a00000| Untracked 
|  47|0x0000000095b00000, 0x0000000095b00000, 0x0000000095c00000|  0%| F|  |TAMS 0x0000000095b00000, 0x0000000095b00000| Untracked 
|  48|0x0000000095c00000, 0x0000000095c00000, 0x0000000095d00000|  0%| F|  |TAMS 0x0000000095c00000, 0x0000000095c00000| Untracked 
|  49|0x0000000095d00000, 0x0000000095d00000, 0x0000000095e00000|  0%| F|  |TAMS 0x0000000095d00000, 0x0000000095d00000| Untracked 
|  50|0x0000000095e00000, 0x0000000095e00000, 0x0000000095f00000|  0%| F|  |TAMS 0x0000000095e00000, 0x0000000095e00000| Untracked 
|  51|0x0000000095f00000, 0x0000000095f00000, 0x0000000096000000|  0%| F|  |TAMS 0x0000000095f00000, 0x0000000095f00000| Untracked 
|  52|0x0000000096000000, 0x0000000096000000, 0x0000000096100000|  0%| F|  |TAMS 0x0000000096000000, 0x0000000096000000| Untracked 
|  53|0x0000000096100000, 0x0000000096100000, 0x0000000096200000|  0%| F|  |TAMS 0x0000000096100000, 0x0000000096100000| Untracked 
|  54|0x0000000096200000, 0x0000000096200000, 0x0000000096300000|  0%| F|  |TAMS 0x0000000096200000, 0x0000000096200000| Untracked 
|  55|0x0000000096300000, 0x0000000096300000, 0x0000000096400000|  0%| F|  |TAMS 0x0000000096300000, 0x0000000096300000| Untracked 
|  56|0x0000000096400000, 0x0000000096400000, 0x0000000096500000|  0%| F|  |TAMS 0x0000000096400000, 0x0000000096400000| Untracked 
|  57|0x0000000096500000, 0x0000000096500000, 0x0000000096600000|  0%| F|  |TAMS 0x0000000096500000, 0x0000000096500000| Untracked 
|  58|0x0000000096600000, 0x0000000096600000, 0x0000000096700000|  0%| F|  |TAMS 0x0000000096600000, 0x0000000096600000| Untracked 
|  59|0x0000000096700000, 0x0000000096700000, 0x0000000096800000|  0%| F|  |TAMS 0x0000000096700000, 0x0000000096700000| Untracked 
|  60|0x0000000096800000, 0x0000000096800000, 0x0000000096900000|  0%| F|  |TAMS 0x0000000096800000, 0x0000000096800000| Untracked 
|  61|0x0000000096900000, 0x0000000096900000, 0x0000000096a00000|  0%| F|  |TAMS 0x0000000096900000, 0x0000000096900000| Untracked 
|  62|0x0000000096a00000, 0x0000000096a00000, 0x0000000096b00000|  0%| F|  |TAMS 0x0000000096a00000, 0x0000000096a00000| Untracked 
|  63|0x0000000096b00000, 0x0000000096b00000, 0x0000000096c00000|  0%| F|  |TAMS 0x0000000096b00000, 0x0000000096b00000| Untracked 
|  64|0x0000000096c00000, 0x0000000096c00000, 0x0000000096d00000|  0%| F|  |TAMS 0x0000000096c00000, 0x0000000096c00000| Untracked 
|  65|0x0000000096d00000, 0x0000000096d00000, 0x0000000096e00000|  0%| F|  |TAMS 0x0000000096d00000, 0x0000000096d00000| Untracked 
|  66|0x0000000096e00000, 0x0000000096e00000, 0x0000000096f00000|  0%| F|  |TAMS 0x0000000096e00000, 0x0000000096e00000| Untracked 
|  67|0x0000000096f00000, 0x0000000096f00000, 0x0000000097000000|  0%| F|  |TAMS 0x0000000096f00000, 0x0000000096f00000| Untracked 
|  68|0x0000000097000000, 0x0000000097000000, 0x0000000097100000|  0%| F|  |TAMS 0x0000000097000000, 0x0000000097000000| Untracked 
|  69|0x0000000097100000, 0x0000000097100000, 0x0000000097200000|  0%| F|  |TAMS 0x0000000097100000, 0x0000000097100000| Untracked 
|  70|0x0000000097200000, 0x0000000097200000, 0x0000000097300000|  0%| F|  |TAMS 0x0000000097200000, 0x0000000097200000| Untracked 
|  71|0x0000000097300000, 0x0000000097300000, 0x0000000097400000|  0%| F|  |TAMS 0x0000000097300000, 0x0000000097300000| Untracked 
|  72|0x0000000097400000, 0x0000000097400000, 0x0000000097500000|  0%| F|  |TAMS 0x0000000097400000, 0x0000000097400000| Untracked 
|  73|0x0000000097500000, 0x0000000097500000, 0x0000000097600000|  0%| F|  |TAMS 0x0000000097500000, 0x0000000097500000| Untracked 
|  74|0x0000000097600000, 0x0000000097600000, 0x0000000097700000|  0%| F|  |TAMS 0x0000000097600000, 0x0000000097600000| Untracked 
|  75|0x0000000097700000, 0x0000000097700000, 0x0000000097800000|  0%| F|  |TAMS 0x0000000097700000, 0x0000000097700000| Untracked 
|  76|0x0000000097800000, 0x0000000097800000, 0x0000000097900000|  0%| F|  |TAMS 0x0000000097800000, 0x0000000097800000| Untracked 
|  77|0x0000000097900000, 0x0000000097900000, 0x0000000097a00000|  0%| F|  |TAMS 0x0000000097900000, 0x0000000097900000| Untracked 
|  78|0x0000000097a00000, 0x0000000097a00000, 0x0000000097b00000|  0%| F|  |TAMS 0x0000000097a00000, 0x0000000097a00000| Untracked 
|  79|0x0000000097b00000, 0x0000000097b00000, 0x0000000097c00000|  0%| F|  |TAMS 0x0000000097b00000, 0x0000000097b00000| Untracked 
|  80|0x0000000097c00000, 0x0000000097c00000, 0x0000000097d00000|  0%| F|  |TAMS 0x0000000097c00000, 0x0000000097c00000| Untracked 
|  81|0x0000000097d00000, 0x0000000097d00000, 0x0000000097e00000|  0%| F|  |TAMS 0x0000000097d00000, 0x0000000097d00000| Untracked 
|  82|0x0000000097e00000, 0x0000000097e00000, 0x0000000097f00000|  0%| F|  |TAMS 0x0000000097e00000, 0x0000000097e00000| Untracked 
|  83|0x0000000097f00000, 0x0000000097f00000, 0x0000000098000000|  0%| F|  |TAMS 0x0000000097f00000, 0x0000000097f00000| Untracked 
|  84|0x0000000098000000, 0x0000000098000000, 0x0000000098100000|  0%| F|  |TAMS 0x0000000098000000, 0x0000000098000000| Untracked 
|  85|0x0000000098100000, 0x0000000098100000, 0x0000000098200000|  0%| F|  |TAMS 0x0000000098100000, 0x0000000098100000| Untracked 
|  86|0x0000000098200000, 0x0000000098200000, 0x0000000098300000|  0%| F|  |TAMS 0x0000000098200000, 0x0000000098200000| Untracked 
|  87|0x0000000098300000, 0x0000000098300000, 0x0000000098400000|  0%| F|  |TAMS 0x0000000098300000, 0x0000000098300000| Untracked 
|  88|0x0000000098400000, 0x0000000098400000, 0x0000000098500000|  0%| F|  |TAMS 0x0000000098400000, 0x0000000098400000| Untracked 
|  89|0x0000000098500000, 0x0000000098500000, 0x0000000098600000|  0%| F|  |TAMS 0x0000000098500000, 0x0000000098500000| Untracked 
|  90|0x0000000098600000, 0x0000000098600000, 0x0000000098700000|  0%| F|  |TAMS 0x0000000098600000, 0x0000000098600000| Untracked 
|  91|0x0000000098700000, 0x0000000098700000, 0x0000000098800000|  0%| F|  |TAMS 0x0000000098700000, 0x0000000098700000| Untracked 
|  92|0x0000000098800000, 0x0000000098800000, 0x0000000098900000|  0%| F|  |TAMS 0x0000000098800000, 0x0000000098800000| Untracked 
|  93|0x0000000098900000, 0x0000000098900000, 0x0000000098a00000|  0%| F|  |TAMS 0x0000000098900000, 0x0000000098900000| Untracked 
|  94|0x0000000098a00000, 0x0000000098a00000, 0x0000000098b00000|  0%| F|  |TAMS 0x0000000098a00000, 0x0000000098a00000| Untracked 
|  95|0x0000000098b00000, 0x0000000098b00000, 0x0000000098c00000|  0%| F|  |TAMS 0x0000000098b00000, 0x0000000098b00000| Untracked 
|  96|0x0000000098c00000, 0x0000000098c00000, 0x0000000098d00000|  0%| F|  |TAMS 0x0000000098c00000, 0x0000000098c00000| Untracked 
|  97|0x0000000098d00000, 0x0000000098d00000, 0x0000000098e00000|  0%| F|  |TAMS 0x0000000098d00000, 0x0000000098d00000| Untracked 
|  98|0x0000000098e00000, 0x0000000098e00000, 0x0000000098f00000|  0%| F|  |TAMS 0x0000000098e00000, 0x0000000098e00000| Untracked 
|  99|0x0000000098f00000, 0x0000000098f00000, 0x0000000099000000|  0%| F|  |TAMS 0x0000000098f00000, 0x0000000098f00000| Untracked 
| 100|0x0000000099000000, 0x0000000099000000, 0x0000000099100000|  0%| F|  |TAMS 0x0000000099000000, 0x0000000099000000| Untracked 
| 101|0x0000000099100000, 0x0000000099100000, 0x0000000099200000|  0%| F|  |TAMS 0x0000000099100000, 0x0000000099100000| Untracked 
| 102|0x0000000099200000, 0x0000000099200000, 0x0000000099300000|  0%| F|  |TAMS 0x0000000099200000, 0x0000000099200000| Untracked 
| 103|0x0000000099300000, 0x0000000099300000, 0x0000000099400000|  0%| F|  |TAMS 0x0000000099300000, 0x0000000099300000| Untracked 
| 104|0x0000000099400000, 0x0000000099400000, 0x0000000099500000|  0%| F|  |TAMS 0x0000000099400000, 0x0000000099400000| Untracked 
| 105|0x0000000099500000, 0x0000000099500000, 0x0000000099600000|  0%| F|  |TAMS 0x0000000099500000, 0x0000000099500000| Untracked 
| 106|0x0000000099600000, 0x0000000099600000, 0x0000000099700000|  0%| F|  |TAMS 0x0000000099600000, 0x0000000099600000| Untracked 
| 107|0x0000000099700000, 0x0000000099700000, 0x0000000099800000|  0%| F|  |TAMS 0x0000000099700000, 0x0000000099700000| Untracked 
| 108|0x0000000099800000, 0x0000000099800000, 0x0000000099900000|  0%| F|  |TAMS 0x0000000099800000, 0x0000000099800000| Untracked 
| 109|0x0000000099900000, 0x0000000099905188, 0x0000000099a00000|  1%| S|CS|TAMS 0x0000000099900000, 0x0000000099900000| Complete 
| 110|0x0000000099a00000, 0x0000000099a00000, 0x0000000099b00000|  0%| F|  |TAMS 0x0000000099a00000, 0x0000000099a00000| Untracked 
| 111|0x0000000099b00000, 0x0000000099b00000, 0x0000000099c00000|  0%| F|  |TAMS 0x0000000099b00000, 0x0000000099b00000| Untracked 
| 112|0x0000000099c00000, 0x0000000099c00000, 0x0000000099d00000|  0%| F|  |TAMS 0x0000000099c00000, 0x0000000099c00000| Untracked 
| 113|0x0000000099d00000, 0x0000000099d00000, 0x0000000099e00000|  0%| F|  |TAMS 0x0000000099d00000, 0x0000000099d00000| Untracked 
| 114|0x0000000099e00000, 0x0000000099e00000, 0x0000000099f00000|  0%| F|  |TAMS 0x0000000099e00000, 0x0000000099e00000| Untracked 
| 115|0x0000000099f00000, 0x0000000099f00000, 0x000000009a000000|  0%| F|  |TAMS 0x0000000099f00000, 0x0000000099f00000| Untracked 
| 116|0x000000009a000000, 0x000000009a000000, 0x000000009a100000|  0%| F|  |TAMS 0x000000009a000000, 0x000000009a000000| Untracked 
| 117|0x000000009a100000, 0x000000009a100000, 0x000000009a200000|  0%| F|  |TAMS 0x000000009a100000, 0x000000009a100000| Untracked 
| 118|0x000000009a200000, 0x000000009a200000, 0x000000009a300000|  0%| F|  |TAMS 0x000000009a200000, 0x000000009a200000| Untracked 
| 119|0x000000009a300000, 0x000000009a300000, 0x000000009a400000|  0%| F|  |TAMS 0x000000009a300000, 0x000000009a300000| Untracked 
| 120|0x000000009a400000, 0x000000009a400000, 0x000000009a500000|  0%| F|  |TAMS 0x000000009a400000, 0x000000009a400000| Untracked 
| 121|0x000000009a500000, 0x000000009a500000, 0x000000009a600000|  0%| F|  |TAMS 0x000000009a500000, 0x000000009a500000| Untracked 
| 122|0x000000009a600000, 0x000000009a600000, 0x000000009a700000|  0%| F|  |TAMS 0x000000009a600000, 0x000000009a600000| Untracked 
| 123|0x000000009a700000, 0x000000009a700000, 0x000000009a800000|  0%| F|  |TAMS 0x000000009a700000, 0x000000009a700000| Untracked 
| 124|0x000000009a800000, 0x000000009a800000, 0x000000009a900000|  0%| F|  |TAMS 0x000000009a800000, 0x000000009a800000| Untracked 
| 125|0x000000009a900000, 0x000000009a900000, 0x000000009aa00000|  0%| F|  |TAMS 0x000000009a900000, 0x000000009a900000| Untracked 
| 126|0x000000009aa00000, 0x000000009aa00000, 0x000000009ab00000|  0%| F|  |TAMS 0x000000009aa00000, 0x000000009aa00000| Untracked 
| 127|0x000000009ab00000, 0x000000009ab80800, 0x000000009ac00000| 50%| E|  |TAMS 0x000000009ab00000, 0x000000009ab00000| Complete 
| 128|0x000000009ac00000, 0x000000009ad00000, 0x000000009ad00000|100%| E|CS|TAMS 0x000000009ac00000, 0x000000009ac00000| Complete 
| 129|0x000000009ad00000, 0x000000009ae00000, 0x000000009ae00000|100%| E|CS|TAMS 0x000000009ad00000, 0x000000009ad00000| Complete 
| 130|0x000000009ae00000, 0x000000009af00000, 0x000000009af00000|100%| E|CS|TAMS 0x000000009ae00000, 0x000000009ae00000| Complete 
| 131|0x000000009af00000, 0x000000009b000000, 0x000000009b000000|100%| E|CS|TAMS 0x000000009af00000, 0x000000009af00000| Complete 
| 132|0x000000009b000000, 0x000000009b100000, 0x000000009b100000|100%| E|  |TAMS 0x000000009b000000, 0x000000009b000000| Complete 
| 133|0x000000009b100000, 0x000000009b200000, 0x000000009b200000|100%| E|CS|TAMS 0x000000009b100000, 0x000000009b100000| Complete 
| 134|0x000000009b200000, 0x000000009b300000, 0x000000009b300000|100%| E|CS|TAMS 0x000000009b200000, 0x000000009b200000| Complete 
| 135|0x000000009b300000, 0x000000009b400000, 0x000000009b400000|100%| E|CS|TAMS 0x000000009b300000, 0x000000009b300000| Complete 
| 136|0x000000009b400000, 0x000000009b500000, 0x000000009b500000|100%| E|CS|TAMS 0x000000009b400000, 0x000000009b400000| Complete 
| 137|0x000000009b500000, 0x000000009b600000, 0x000000009b600000|100%| E|CS|TAMS 0x000000009b500000, 0x000000009b500000| Complete 
| 138|0x000000009b600000, 0x000000009b700000, 0x000000009b700000|100%| E|CS|TAMS 0x000000009b600000, 0x000000009b600000| Complete 
| 139|0x000000009b700000, 0x000000009b800000, 0x000000009b800000|100%| E|CS|TAMS 0x000000009b700000, 0x000000009b700000| Complete 
| 140|0x000000009b800000, 0x000000009b900000, 0x000000009b900000|100%| E|CS|TAMS 0x000000009b800000, 0x000000009b800000| Complete 
| 141|0x000000009b900000, 0x000000009ba00000, 0x000000009ba00000|100%| E|CS|TAMS 0x000000009b900000, 0x000000009b900000| Complete 
| 142|0x000000009ba00000, 0x000000009bb00000, 0x000000009bb00000|100%| E|CS|TAMS 0x000000009ba00000, 0x000000009ba00000| Complete 
| 143|0x000000009bb00000, 0x000000009bc00000, 0x000000009bc00000|100%| E|CS|TAMS 0x000000009bb00000, 0x000000009bb00000| Complete 
| 144|0x000000009bc00000, 0x000000009bd00000, 0x000000009bd00000|100%| E|CS|TAMS 0x000000009bc00000, 0x000000009bc00000| Complete 
| 145|0x000000009bd00000, 0x000000009be00000, 0x000000009be00000|100%| E|CS|TAMS 0x000000009bd00000, 0x000000009bd00000| Complete 
| 146|0x000000009be00000, 0x000000009bf00000, 0x000000009bf00000|100%| E|CS|TAMS 0x000000009be00000, 0x000000009be00000| Complete 
| 147|0x000000009bf00000, 0x000000009c000000, 0x000000009c000000|100%| E|CS|TAMS 0x000000009bf00000, 0x000000009bf00000| Complete 
| 148|0x000000009c000000, 0x000000009c100000, 0x000000009c100000|100%| E|CS|TAMS 0x000000009c000000, 0x000000009c000000| Complete 
| 149|0x000000009c100000, 0x000000009c200000, 0x000000009c200000|100%| E|CS|TAMS 0x000000009c100000, 0x000000009c100000| Complete 
| 150|0x000000009c200000, 0x000000009c300000, 0x000000009c300000|100%| E|CS|TAMS 0x000000009c200000, 0x000000009c200000| Complete 
| 151|0x000000009c300000, 0x000000009c400000, 0x000000009c400000|100%| E|CS|TAMS 0x000000009c300000, 0x000000009c300000| Complete 
| 152|0x000000009c400000, 0x000000009c500000, 0x000000009c500000|100%| E|CS|TAMS 0x000000009c400000, 0x000000009c400000| Complete 
| 153|0x000000009c500000, 0x000000009c600000, 0x000000009c600000|100%| E|CS|TAMS 0x000000009c500000, 0x000000009c500000| Complete 
| 154|0x000000009c600000, 0x000000009c700000, 0x000000009c700000|100%| E|CS|TAMS 0x000000009c600000, 0x000000009c600000| Complete 
| 155|0x000000009c700000, 0x000000009c800000, 0x000000009c800000|100%| E|CS|TAMS 0x000000009c700000, 0x000000009c700000| Complete 
| 156|0x000000009c800000, 0x000000009c900000, 0x000000009c900000|100%| E|CS|TAMS 0x000000009c800000, 0x000000009c800000| Complete 
| 157|0x000000009c900000, 0x000000009ca00000, 0x000000009ca00000|100%| E|CS|TAMS 0x000000009c900000, 0x000000009c900000| Complete 
| 158|0x000000009ca00000, 0x000000009cb00000, 0x000000009cb00000|100%| E|CS|TAMS 0x000000009ca00000, 0x000000009ca00000| Complete 
| 159|0x000000009cb00000, 0x000000009cc00000, 0x000000009cc00000|100%| E|CS|TAMS 0x000000009cb00000, 0x000000009cb00000| Complete 
| 160|0x000000009cc00000, 0x000000009cd00000, 0x000000009cd00000|100%| E|CS|TAMS 0x000000009cc00000, 0x000000009cc00000| Complete 
| 161|0x000000009cd00000, 0x000000009ce00000, 0x000000009ce00000|100%| E|CS|TAMS 0x000000009cd00000, 0x000000009cd00000| Complete 
| 162|0x000000009ce00000, 0x000000009cf00000, 0x000000009cf00000|100%| E|CS|TAMS 0x000000009ce00000, 0x000000009ce00000| Complete 
| 163|0x000000009cf00000, 0x000000009d000000, 0x000000009d000000|100%| E|CS|TAMS 0x000000009cf00000, 0x000000009cf00000| Complete 
| 164|0x000000009d000000, 0x000000009d100000, 0x000000009d100000|100%| E|CS|TAMS 0x000000009d000000, 0x000000009d000000| Complete 
| 165|0x000000009d100000, 0x000000009d200000, 0x000000009d200000|100%| E|CS|TAMS 0x000000009d100000, 0x000000009d100000| Complete 
| 166|0x000000009d200000, 0x000000009d300000, 0x000000009d300000|100%| E|CS|TAMS 0x000000009d200000, 0x000000009d200000| Complete 
| 167|0x000000009d300000, 0x000000009d400000, 0x000000009d400000|100%| E|CS|TAMS 0x000000009d300000, 0x000000009d300000| Complete 
| 168|0x000000009d400000, 0x000000009d500000, 0x000000009d500000|100%| E|CS|TAMS 0x000000009d400000, 0x000000009d400000| Complete 
| 169|0x000000009d500000, 0x000000009d600000, 0x000000009d600000|100%| E|CS|TAMS 0x000000009d500000, 0x000000009d500000| Complete 
| 170|0x000000009d600000, 0x000000009d700000, 0x000000009d700000|100%| E|CS|TAMS 0x000000009d600000, 0x000000009d600000| Complete 
| 171|0x000000009d700000, 0x000000009d800000, 0x000000009d800000|100%| E|CS|TAMS 0x000000009d700000, 0x000000009d700000| Complete 
| 172|0x000000009d800000, 0x000000009d900000, 0x000000009d900000|100%| E|CS|TAMS 0x000000009d800000, 0x000000009d800000| Complete 
| 173|0x000000009d900000, 0x000000009da00000, 0x000000009da00000|100%| E|CS|TAMS 0x000000009d900000, 0x000000009d900000| Complete 
| 174|0x000000009da00000, 0x000000009db00000, 0x000000009db00000|100%| E|CS|TAMS 0x000000009da00000, 0x000000009da00000| Complete 
| 175|0x000000009db00000, 0x000000009dc00000, 0x000000009dc00000|100%| E|CS|TAMS 0x000000009db00000, 0x000000009db00000| Complete 
| 176|0x000000009dc00000, 0x000000009dd00000, 0x000000009dd00000|100%| E|CS|TAMS 0x000000009dc00000, 0x000000009dc00000| Complete 
| 177|0x000000009dd00000, 0x000000009de00000, 0x000000009de00000|100%| E|CS|TAMS 0x000000009dd00000, 0x000000009dd00000| Complete 
| 178|0x000000009de00000, 0x000000009df00000, 0x000000009df00000|100%| E|CS|TAMS 0x000000009de00000, 0x000000009de00000| Complete 
| 179|0x000000009df00000, 0x000000009e000000, 0x000000009e000000|100%| E|CS|TAMS 0x000000009df00000, 0x000000009df00000| Complete 
| 180|0x000000009e000000, 0x000000009e100000, 0x000000009e100000|100%| E|CS|TAMS 0x000000009e000000, 0x000000009e000000| Complete 
| 181|0x000000009e100000, 0x000000009e200000, 0x000000009e200000|100%| E|CS|TAMS 0x000000009e100000, 0x000000009e100000| Complete 
| 182|0x000000009e200000, 0x000000009e300000, 0x000000009e300000|100%| E|CS|TAMS 0x000000009e200000, 0x000000009e200000| Complete 
| 183|0x000000009e300000, 0x000000009e400000, 0x000000009e400000|100%| E|CS|TAMS 0x000000009e300000, 0x000000009e300000| Complete 
| 184|0x000000009e400000, 0x000000009e500000, 0x000000009e500000|100%| E|CS|TAMS 0x000000009e400000, 0x000000009e400000| Complete 
| 185|0x000000009e500000, 0x000000009e600000, 0x000000009e600000|100%| E|CS|TAMS 0x000000009e500000, 0x000000009e500000| Complete 
| 186|0x000000009e600000, 0x000000009e700000, 0x000000009e700000|100%| E|CS|TAMS 0x000000009e600000, 0x000000009e600000| Complete 
| 187|0x000000009e700000, 0x000000009e800000, 0x000000009e800000|100%| E|CS|TAMS 0x000000009e700000, 0x000000009e700000| Complete 
| 188|0x000000009e800000, 0x000000009e900000, 0x000000009e900000|100%| E|CS|TAMS 0x000000009e800000, 0x000000009e800000| Complete 
| 189|0x000000009e900000, 0x000000009ea00000, 0x000000009ea00000|100%| E|CS|TAMS 0x000000009e900000, 0x000000009e900000| Complete 
| 190|0x000000009ea00000, 0x000000009eb00000, 0x000000009eb00000|100%| E|CS|TAMS 0x000000009ea00000, 0x000000009ea00000| Complete 
| 191|0x000000009eb00000, 0x000000009ec00000, 0x000000009ec00000|100%| E|CS|TAMS 0x000000009eb00000, 0x000000009eb00000| Complete 
| 192|0x000000009ec00000, 0x000000009ed00000, 0x000000009ed00000|100%| E|CS|TAMS 0x000000009ec00000, 0x000000009ec00000| Complete 
| 193|0x000000009ed00000, 0x000000009ee00000, 0x000000009ee00000|100%| E|CS|TAMS 0x000000009ed00000, 0x000000009ed00000| Complete 
| 194|0x000000009ee00000, 0x000000009ef00000, 0x000000009ef00000|100%| E|CS|TAMS 0x000000009ee00000, 0x000000009ee00000| Complete 
| 195|0x000000009ef00000, 0x000000009f000000, 0x000000009f000000|100%| E|CS|TAMS 0x000000009ef00000, 0x000000009ef00000| Complete 
| 196|0x000000009f000000, 0x000000009f100000, 0x000000009f100000|100%| E|CS|TAMS 0x000000009f000000, 0x000000009f000000| Complete 
| 197|0x000000009f100000, 0x000000009f200000, 0x000000009f200000|100%| E|CS|TAMS 0x000000009f100000, 0x000000009f100000| Complete 
| 198|0x000000009f200000, 0x000000009f300000, 0x000000009f300000|100%| E|CS|TAMS 0x000000009f200000, 0x000000009f200000| Complete 
| 199|0x000000009f300000, 0x000000009f400000, 0x000000009f400000|100%| E|CS|TAMS 0x000000009f300000, 0x000000009f300000| Complete 
| 200|0x000000009f400000, 0x000000009f500000, 0x000000009f500000|100%| E|CS|TAMS 0x000000009f400000, 0x000000009f400000| Complete 
| 201|0x000000009f500000, 0x000000009f600000, 0x000000009f600000|100%| E|CS|TAMS 0x000000009f500000, 0x000000009f500000| Complete 
| 202|0x000000009f600000, 0x000000009f700000, 0x000000009f700000|100%| E|CS|TAMS 0x000000009f600000, 0x000000009f600000| Complete 
| 203|0x000000009f700000, 0x000000009f800000, 0x000000009f800000|100%| E|CS|TAMS 0x000000009f700000, 0x000000009f700000| Complete 
| 204|0x000000009f800000, 0x000000009f900000, 0x000000009f900000|100%| E|CS|TAMS 0x000000009f800000, 0x000000009f800000| Complete 
| 205|0x000000009f900000, 0x000000009fa00000, 0x000000009fa00000|100%| E|CS|TAMS 0x000000009f900000, 0x000000009f900000| Complete 
| 206|0x000000009fa00000, 0x000000009fb00000, 0x000000009fb00000|100%| E|CS|TAMS 0x000000009fa00000, 0x000000009fa00000| Complete 
| 207|0x000000009fb00000, 0x000000009fc00000, 0x000000009fc00000|100%| E|CS|TAMS 0x000000009fb00000, 0x000000009fb00000| Complete 
| 208|0x000000009fc00000, 0x000000009fd00000, 0x000000009fd00000|100%| E|CS|TAMS 0x000000009fc00000, 0x000000009fc00000| Complete 
| 209|0x000000009fd00000, 0x000000009fe00000, 0x000000009fe00000|100%| E|CS|TAMS 0x000000009fd00000, 0x000000009fd00000| Complete 
| 210|0x000000009fe00000, 0x000000009ff00000, 0x000000009ff00000|100%| E|CS|TAMS 0x000000009fe00000, 0x000000009fe00000| Complete 
| 211|0x000000009ff00000, 0x00000000a0000000, 0x00000000a0000000|100%| E|CS|TAMS 0x000000009ff00000, 0x000000009ff00000| Complete 
| 212|0x00000000a0000000, 0x00000000a0100000, 0x00000000a0100000|100%| E|CS|TAMS 0x00000000a0000000, 0x00000000a0000000| Complete 
| 213|0x00000000a0100000, 0x00000000a0200000, 0x00000000a0200000|100%| E|CS|TAMS 0x00000000a0100000, 0x00000000a0100000| Complete 
| 214|0x00000000a0200000, 0x00000000a0300000, 0x00000000a0300000|100%| E|CS|TAMS 0x00000000a0200000, 0x00000000a0200000| Complete 
| 215|0x00000000a0300000, 0x00000000a0400000, 0x00000000a0400000|100%| E|CS|TAMS 0x00000000a0300000, 0x00000000a0300000| Complete 
| 216|0x00000000a0400000, 0x00000000a0500000, 0x00000000a0500000|100%| E|CS|TAMS 0x00000000a0400000, 0x00000000a0400000| Complete 
| 217|0x00000000a0500000, 0x00000000a0600000, 0x00000000a0600000|100%| E|CS|TAMS 0x00000000a0500000, 0x00000000a0500000| Complete 
| 218|0x00000000a0600000, 0x00000000a0700000, 0x00000000a0700000|100%| E|CS|TAMS 0x00000000a0600000, 0x00000000a0600000| Complete 
| 219|0x00000000a0700000, 0x00000000a0800000, 0x00000000a0800000|100%| E|CS|TAMS 0x00000000a0700000, 0x00000000a0700000| Complete 
| 220|0x00000000a0800000, 0x00000000a0900000, 0x00000000a0900000|100%| E|CS|TAMS 0x00000000a0800000, 0x00000000a0800000| Complete 
| 221|0x00000000a0900000, 0x00000000a0a00000, 0x00000000a0a00000|100%| E|CS|TAMS 0x00000000a0900000, 0x00000000a0900000| Complete 
| 222|0x00000000a0a00000, 0x00000000a0b00000, 0x00000000a0b00000|100%| E|CS|TAMS 0x00000000a0a00000, 0x00000000a0a00000| Complete 
| 223|0x00000000a0b00000, 0x00000000a0c00000, 0x00000000a0c00000|100%| E|CS|TAMS 0x00000000a0b00000, 0x00000000a0b00000| Complete 
| 224|0x00000000a0c00000, 0x00000000a0d00000, 0x00000000a0d00000|100%| E|CS|TAMS 0x00000000a0c00000, 0x00000000a0c00000| Complete 
| 225|0x00000000a0d00000, 0x00000000a0e00000, 0x00000000a0e00000|100%| E|CS|TAMS 0x00000000a0d00000, 0x00000000a0d00000| Complete 
| 226|0x00000000a0e00000, 0x00000000a0f00000, 0x00000000a0f00000|100%| E|CS|TAMS 0x00000000a0e00000, 0x00000000a0e00000| Complete 
| 227|0x00000000a0f00000, 0x00000000a1000000, 0x00000000a1000000|100%| E|CS|TAMS 0x00000000a0f00000, 0x00000000a0f00000| Complete 
| 228|0x00000000a1000000, 0x00000000a1100000, 0x00000000a1100000|100%| E|CS|TAMS 0x00000000a1000000, 0x00000000a1000000| Complete 
| 229|0x00000000a1100000, 0x00000000a1200000, 0x00000000a1200000|100%| E|CS|TAMS 0x00000000a1100000, 0x00000000a1100000| Complete 
| 230|0x00000000a1200000, 0x00000000a1300000, 0x00000000a1300000|100%| E|CS|TAMS 0x00000000a1200000, 0x00000000a1200000| Complete 
| 231|0x00000000a1300000, 0x00000000a1400000, 0x00000000a1400000|100%| E|CS|TAMS 0x00000000a1300000, 0x00000000a1300000| Complete 
| 232|0x00000000a1400000, 0x00000000a1500000, 0x00000000a1500000|100%| E|CS|TAMS 0x00000000a1400000, 0x00000000a1400000| Complete 
| 233|0x00000000a1500000, 0x00000000a1600000, 0x00000000a1600000|100%| E|CS|TAMS 0x00000000a1500000, 0x00000000a1500000| Complete 
| 234|0x00000000a1600000, 0x00000000a1700000, 0x00000000a1700000|100%| E|CS|TAMS 0x00000000a1600000, 0x00000000a1600000| Complete 
| 235|0x00000000a1700000, 0x00000000a1800000, 0x00000000a1800000|100%| E|CS|TAMS 0x00000000a1700000, 0x00000000a1700000| Complete 
| 236|0x00000000a1800000, 0x00000000a1900000, 0x00000000a1900000|100%| E|CS|TAMS 0x00000000a1800000, 0x00000000a1800000| Complete 
| 237|0x00000000a1900000, 0x00000000a1a00000, 0x00000000a1a00000|100%| E|CS|TAMS 0x00000000a1900000, 0x00000000a1900000| Complete 
| 238|0x00000000a1a00000, 0x00000000a1b00000, 0x00000000a1b00000|100%| E|CS|TAMS 0x00000000a1a00000, 0x00000000a1a00000| Complete 
| 239|0x00000000a1b00000, 0x00000000a1c00000, 0x00000000a1c00000|100%| E|CS|TAMS 0x00000000a1b00000, 0x00000000a1b00000| Complete 
| 240|0x00000000a1c00000, 0x00000000a1d00000, 0x00000000a1d00000|100%| E|CS|TAMS 0x00000000a1c00000, 0x00000000a1c00000| Complete 
| 241|0x00000000a1d00000, 0x00000000a1e00000, 0x00000000a1e00000|100%| E|CS|TAMS 0x00000000a1d00000, 0x00000000a1d00000| Complete 
| 242|0x00000000a1e00000, 0x00000000a1f00000, 0x00000000a1f00000|100%| E|CS|TAMS 0x00000000a1e00000, 0x00000000a1e00000| Complete 
| 243|0x00000000a1f00000, 0x00000000a2000000, 0x00000000a2000000|100%| E|CS|TAMS 0x00000000a1f00000, 0x00000000a1f00000| Complete 
| 244|0x00000000a2000000, 0x00000000a2100000, 0x00000000a2100000|100%| E|CS|TAMS 0x00000000a2000000, 0x00000000a2000000| Complete 
| 245|0x00000000a2100000, 0x00000000a2200000, 0x00000000a2200000|100%| E|CS|TAMS 0x00000000a2100000, 0x00000000a2100000| Complete 
| 246|0x00000000a2200000, 0x00000000a2300000, 0x00000000a2300000|100%| E|CS|TAMS 0x00000000a2200000, 0x00000000a2200000| Complete 
| 247|0x00000000a2300000, 0x00000000a2400000, 0x00000000a2400000|100%| E|CS|TAMS 0x00000000a2300000, 0x00000000a2300000| Complete 
| 248|0x00000000a2400000, 0x00000000a2500000, 0x00000000a2500000|100%| E|CS|TAMS 0x00000000a2400000, 0x00000000a2400000| Complete 
| 249|0x00000000a2500000, 0x00000000a2600000, 0x00000000a2600000|100%| E|CS|TAMS 0x00000000a2500000, 0x00000000a2500000| Complete 
| 250|0x00000000a2600000, 0x00000000a2700000, 0x00000000a2700000|100%| E|CS|TAMS 0x00000000a2600000, 0x00000000a2600000| Complete 
| 251|0x00000000a2700000, 0x00000000a2800000, 0x00000000a2800000|100%| E|CS|TAMS 0x00000000a2700000, 0x00000000a2700000| Complete 
| 252|0x00000000a2800000, 0x00000000a2900000, 0x00000000a2900000|100%| E|CS|TAMS 0x00000000a2800000, 0x00000000a2800000| Complete 
| 253|0x00000000a2900000, 0x00000000a2a00000, 0x00000000a2a00000|100%| E|CS|TAMS 0x00000000a2900000, 0x00000000a2900000| Complete 
| 254|0x00000000a2a00000, 0x00000000a2b00000, 0x00000000a2b00000|100%| E|CS|TAMS 0x00000000a2a00000, 0x00000000a2a00000| Complete 
| 255|0x00000000a2b00000, 0x00000000a2c00000, 0x00000000a2c00000|100%| E|CS|TAMS 0x00000000a2b00000, 0x00000000a2b00000| Complete 
| 256|0x00000000a2c00000, 0x00000000a2d00000, 0x00000000a2d00000|100%| E|CS|TAMS 0x00000000a2c00000, 0x00000000a2c00000| Complete 
| 257|0x00000000a2d00000, 0x00000000a2e00000, 0x00000000a2e00000|100%| E|CS|TAMS 0x00000000a2d00000, 0x00000000a2d00000| Complete 
| 258|0x00000000a2e00000, 0x00000000a2f00000, 0x00000000a2f00000|100%| E|CS|TAMS 0x00000000a2e00000, 0x00000000a2e00000| Complete 
| 259|0x00000000a2f00000, 0x00000000a3000000, 0x00000000a3000000|100%| E|CS|TAMS 0x00000000a2f00000, 0x00000000a2f00000| Complete 
| 260|0x00000000a3000000, 0x00000000a3100000, 0x00000000a3100000|100%| E|CS|TAMS 0x00000000a3000000, 0x00000000a3000000| Complete 
| 261|0x00000000a3100000, 0x00000000a3200000, 0x00000000a3200000|100%| E|CS|TAMS 0x00000000a3100000, 0x00000000a3100000| Complete 
| 262|0x00000000a3200000, 0x00000000a3300000, 0x00000000a3300000|100%| E|CS|TAMS 0x00000000a3200000, 0x00000000a3200000| Complete 
| 263|0x00000000a3300000, 0x00000000a3400000, 0x00000000a3400000|100%| E|CS|TAMS 0x00000000a3300000, 0x00000000a3300000| Complete 
| 264|0x00000000a3400000, 0x00000000a3500000, 0x00000000a3500000|100%| E|CS|TAMS 0x00000000a3400000, 0x00000000a3400000| Complete 
| 265|0x00000000a3500000, 0x00000000a3600000, 0x00000000a3600000|100%| E|CS|TAMS 0x00000000a3500000, 0x00000000a3500000| Complete 
| 266|0x00000000a3600000, 0x00000000a3700000, 0x00000000a3700000|100%| E|CS|TAMS 0x00000000a3600000, 0x00000000a3600000| Complete 
| 267|0x00000000a3700000, 0x00000000a3800000, 0x00000000a3800000|100%| E|CS|TAMS 0x00000000a3700000, 0x00000000a3700000| Complete 
| 268|0x00000000a3800000, 0x00000000a3900000, 0x00000000a3900000|100%| E|CS|TAMS 0x00000000a3800000, 0x00000000a3800000| Complete 
| 269|0x00000000a3900000, 0x00000000a3a00000, 0x00000000a3a00000|100%| E|CS|TAMS 0x00000000a3900000, 0x00000000a3900000| Complete 
| 270|0x00000000a3a00000, 0x00000000a3b00000, 0x00000000a3b00000|100%| E|CS|TAMS 0x00000000a3a00000, 0x00000000a3a00000| Complete 
| 271|0x00000000a3b00000, 0x00000000a3c00000, 0x00000000a3c00000|100%| E|CS|TAMS 0x00000000a3b00000, 0x00000000a3b00000| Complete 
| 272|0x00000000a3c00000, 0x00000000a3d00000, 0x00000000a3d00000|100%| E|CS|TAMS 0x00000000a3c00000, 0x00000000a3c00000| Complete 

Card table byte_map: [0x000001fc13200000,0x000001fc13570000] _byte_map_base: 0x000001fc12d6a000

Marking Bits (Prev, Next): (CMBitMap*) 0x000001fc7fd00780, (CMBitMap*) 0x000001fc7fd007c0
 Prev Bits: [0x000001fc138e0000, 0x000001fc15430000)
 Next Bits: [0x000001fc15430000, 0x000001fc16f80000)

Polling page: 0x000001fc7fd80000

Metaspace:

Usage:
  Non-class:      6.58 MB used.
      Class:    607.17 KB used.
       Both:      7.17 MB used.

Virtual space:
  Non-class space:        8.00 MB reserved,       6.62 MB ( 83%) committed,  1 nodes.
      Class space:        1.00 GB reserved,     704.00 KB ( <1%) committed,  1 nodes.
             Both:        1.01 GB reserved,       7.31 MB ( <1%) committed. 

Chunk freelists:
   Non-Class:  1.38 MB
       Class:  3.17 MB
        Both:  4.55 MB

MaxMetaspaceSize: unlimited
CompressedClassSpaceSize: 1.00 GB
Initial GC threshold: 21.00 MB
Current GC threshold: 21.00 MB
CDS: off
MetaspaceReclaimPolicy: balanced
 - commit_granule_bytes: 65536.
 - commit_granule_words: 8192.
 - virtual_space_node_default_size: 1048576.
 - enlarge_chunks_in_place: 1.
 - new_chunks_are_fully_committed: 0.
 - uncommit_free_chunks: 1.
 - use_allocation_guard: 0.
 - handle_deallocations: 1.


Internal statistics:

num_allocs_failed_limit: 0.
num_arena_births: 6.
num_arena_deaths: 0.
num_vsnodes_births: 2.
num_vsnodes_deaths: 0.
num_space_committed: 117.
num_space_uncommitted: 0.
num_chunks_returned_to_freelist: 0.
num_chunks_taken_from_freelist: 55.
num_chunk_merges: 0.
num_chunk_splits: 36.
num_chunks_enlarged: 31.
num_purges: 0.
num_inconsistent_stats: 0.

CodeHeap 'non-profiled nmethods': size=120000Kb used=167Kb max_used=167Kb free=119832Kb
 bounds [0x000001fc0b0c0000, 0x000001fc0b330000, 0x000001fc125f0000]
CodeHeap 'profiled nmethods': size=120000Kb used=674Kb max_used=674Kb free=119325Kb
 bounds [0x000001fc03b90000, 0x000001fc03e00000, 0x000001fc0b0c0000]
CodeHeap 'non-nmethods': size=5760Kb used=1141Kb max_used=1154Kb free=4618Kb
 bounds [0x000001fc035f0000, 0x000001fc03860000, 0x000001fc03b90000]
 total_blobs=897 nmethods=467 adapters=343
 compilation: enabled
              stopped_count=0, restarted_count=0
 full_count=0

Compilation events (20 events):
Event: 15.858 Thread 0x000001fc1a948d60  451       4       java.lang.StringLatin1::lastIndexOf (40 bytes)
Event: 15.859 Thread 0x000001fc1a417af0  454       4       java.lang.StringLatin1::canEncode (13 bytes)
Event: 15.860 Thread 0x000001fc1a417af0 nmethod 454 0x000001fc0b0e9410 code [0x000001fc0b0e9580, 0x000001fc0b0e95f8]
Event: 15.861 Thread 0x000001fc1a948d60 nmethod 451 0x000001fc0b0e9710 code [0x000001fc0b0e9880, 0x000001fc0b0e9a18]
Event: 15.862 Thread 0x000001fc1a42d570 nmethod 449 0x000001fc03c28390 code [0x000001fc03c28a20, 0x000001fc03c2c2c8]
Event: 15.862 Thread 0x000001fc1a42d570  453       3       java.lang.StringLatin1::indexOf (36 bytes)
Event: 15.863 Thread 0x000001fc1a42d570 nmethod 453 0x000001fc03c2e390 code [0x000001fc03c2e560, 0x000001fc03c2e868]
Event: 15.863 Thread 0x000001fc1a42d570  455       3       java.lang.StringLatin1::regionMatchesCI (98 bytes)
Event: 15.863 Thread 0x000001fc1a42d570 nmethod 455 0x000001fc03c2e990 code [0x000001fc03c2ebc0, 0x000001fc03c2f2f8]
Event: 15.863 Thread 0x000001fc1a42d570  450       3       java.net.URLStreamHandler::setURL (73 bytes)
Event: 15.865 Thread 0x000001fc1a42d570 nmethod 450 0x000001fc03c2f690 code [0x000001fc03c2f960, 0x000001fc03c30778]
Event: 15.865 Thread 0x000001fc1a42d570  452       3       java.util.zip.ZipUtils::CENLEN (9 bytes)
Event: 15.865 Thread 0x000001fc1a42d570 nmethod 452 0x000001fc03c30c90 code [0x000001fc03c30e40, 0x000001fc03c31118]
Event: 15.875 Thread 0x000001fc1a42d570  456       3       java.lang.String::toLowerCase (8 bytes)
Event: 15.876 Thread 0x000001fc1a42d570 nmethod 456 0x000001fc03c31290 code [0x000001fc03c31460, 0x000001fc03c317f8]
Event: 15.876 Thread 0x000001fc1a42d570  457       3       java.util.Locale::getDefault (4 bytes)
Event: 15.876 Thread 0x000001fc1a42d570 nmethod 457 0x000001fc03c31910 code [0x000001fc03c31aa0, 0x000001fc03c31b98]
Event: 15.876 Thread 0x000001fc1a42d570  458       1       java.net.URLStreamHandler::getDefaultPort (2 bytes)
Event: 15.876 Thread 0x000001fc1a42d570 nmethod 458 0x000001fc0b0e9b10 code [0x000001fc0b0e9ca0, 0x000001fc0b0e9d78]
Event: 15.899 Thread 0x000001fc1a42d570  459   !   3       java.nio.charset.CharsetEncoder::encode (273 bytes)

GC Heap History (20 events):
Event: 15.073 GC heap before
{Heap before GC invocations=222 (full 0):
 garbage-first heap   total 279552K, used 167504K [0x0000000092c00000, 0x0000000100000000)
  region size 1024K, 163 young (166912K), 1 survivors (1024K)
 Metaspace       used 5835K, committed 5952K, reserved 1056768K
  class space    used 472K, committed 512K, reserved 1048576K
}
Event: 15.073 GC heap after
{Heap after GC invocations=223 (full 0):
 garbage-first heap   total 279552K, used 2649K [0x0000000092c00000, 0x0000000100000000)
  region size 1024K, 1 young (1024K), 1 survivors (1024K)
 Metaspace       used 5835K, committed 5952K, reserved 1056768K
  class space    used 472K, committed 512K, reserved 1048576K
}
Event: 15.137 GC heap before
{Heap before GC invocations=223 (full 0):
 garbage-first heap   total 279552K, used 167513K [0x0000000092c00000, 0x0000000100000000)
  region size 1024K, 163 young (166912K), 1 survivors (1024K)
 Metaspace       used 5835K, committed 5952K, reserved 1056768K
  class space    used 472K, committed 512K, reserved 1048576K
}
Event: 15.138 GC heap after
{Heap after GC invocations=224 (full 0):
 garbage-first heap   total 279552K, used 2653K [0x0000000092c00000, 0x0000000100000000)
  region size 1024K, 1 young (1024K), 1 survivors (1024K)
 Metaspace       used 5835K, committed 5952K, reserved 1056768K
  class space    used 472K, committed 512K, reserved 1048576K
}
Event: 15.203 GC heap before
{Heap before GC invocations=224 (full 0):
 garbage-first heap   total 279552K, used 167517K [0x0000000092c00000, 0x0000000100000000)
  region size 1024K, 163 young (166912K), 1 survivors (1024K)
 Metaspace       used 5835K, committed 5952K, reserved 1056768K
  class space    used 472K, committed 512K, reserved 1048576K
}
Event: 15.203 GC heap after
{Heap after GC invocations=225 (full 0):
 garbage-first heap   total 279552K, used 2664K [0x0000000092c00000, 0x0000000100000000)
  region size 1024K, 1 young (1024K), 1 survivors (1024K)
 Metaspace       used 5835K, committed 5952K, reserved 1056768K
  class space    used 472K, committed 512K, reserved 1048576K
}
Event: 15.267 GC heap before
{Heap before GC invocations=225 (full 0):
 garbage-first heap   total 279552K, used 167528K [0x0000000092c00000, 0x0000000100000000)
  region size 1024K, 163 young (166912K), 1 survivors (1024K)
 Metaspace       used 5835K, committed 5952K, reserved 1056768K
  class space    used 472K, committed 512K, reserved 1048576K
}
Event: 15.268 GC heap after
{Heap after GC invocations=226 (full 0):
 garbage-first heap   total 279552K, used 2672K [0x0000000092c00000, 0x0000000100000000)
  region size 1024K, 1 young (1024K), 1 survivors (1024K)
 Metaspace       used 5835K, committed 5952K, reserved 1056768K
  class space    used 472K, committed 512K, reserved 1048576K
}
Event: 15.333 GC heap before
{Heap before GC invocations=226 (full 0):
 garbage-first heap   total 279552K, used 167536K [0x0000000092c00000, 0x0000000100000000)
  region size 1024K, 163 young (166912K), 1 survivors (1024K)
 Metaspace       used 5835K, committed 5952K, reserved 1056768K
  class space    used 472K, committed 512K, reserved 1048576K
}
Event: 15.333 GC heap after
{Heap after GC invocations=227 (full 0):
 garbage-first heap   total 279552K, used 2679K [0x0000000092c00000, 0x0000000100000000)
  region size 1024K, 1 young (1024K), 1 survivors (1024K)
 Metaspace       used 5835K, committed 5952K, reserved 1056768K
  class space    used 472K, committed 512K, reserved 1048576K
}
Event: 15.398 GC heap before
{Heap before GC invocations=227 (full 0):
 garbage-first heap   total 279552K, used 167543K [0x0000000092c00000, 0x0000000100000000)
  region size 1024K, 163 young (166912K), 1 survivors (1024K)
 Metaspace       used 5835K, committed 5952K, reserved 1056768K
  class space    used 472K, committed 512K, reserved 1048576K
}
Event: 15.399 GC heap after
{Heap after GC invocations=228 (full 0):
 garbage-first heap   total 279552K, used 2685K [0x0000000092c00000, 0x0000000100000000)
  region size 1024K, 1 young (1024K), 1 survivors (1024K)
 Metaspace       used 5835K, committed 5952K, reserved 1056768K
  class space    used 472K, committed 512K, reserved 1048576K
}
Event: 15.463 GC heap before
{Heap before GC invocations=228 (full 0):
 garbage-first heap   total 279552K, used 167549K [0x0000000092c00000, 0x0000000100000000)
  region size 1024K, 163 young (166912K), 1 survivors (1024K)
 Metaspace       used 5835K, committed 5952K, reserved 1056768K
  class space    used 472K, committed 512K, reserved 1048576K
}
Event: 15.464 GC heap after
{Heap after GC invocations=229 (full 0):
 garbage-first heap   total 279552K, used 2696K [0x0000000092c00000, 0x0000000100000000)
  region size 1024K, 1 young (1024K), 1 survivors (1024K)
 Metaspace       used 5835K, committed 5952K, reserved 1056768K
  class space    used 472K, committed 512K, reserved 1048576K
}
Event: 15.527 GC heap before
{Heap before GC invocations=229 (full 0):
 garbage-first heap   total 279552K, used 167560K [0x0000000092c00000, 0x0000000100000000)
  region size 1024K, 163 young (166912K), 1 survivors (1024K)
 Metaspace       used 5835K, committed 5952K, reserved 1056768K
  class space    used 472K, committed 512K, reserved 1048576K
}
Event: 15.528 GC heap after
{Heap after GC invocations=230 (full 0):
 garbage-first heap   total 279552K, used 2706K [0x0000000092c00000, 0x0000000100000000)
  region size 1024K, 1 young (1024K), 1 survivors (1024K)
 Metaspace       used 5835K, committed 5952K, reserved 1056768K
  class space    used 472K, committed 512K, reserved 1048576K
}
Event: 15.592 GC heap before
{Heap before GC invocations=230 (full 0):
 garbage-first heap   total 279552K, used 167570K [0x0000000092c00000, 0x0000000100000000)
  region size 1024K, 163 young (166912K), 1 survivors (1024K)
 Metaspace       used 5835K, committed 5952K, reserved 1056768K
  class space    used 472K, committed 512K, reserved 1048576K
}
Event: 15.593 GC heap after
{Heap after GC invocations=231 (full 0):
 garbage-first heap   total 279552K, used 2717K [0x0000000092c00000, 0x0000000100000000)
  region size 1024K, 1 young (1024K), 1 survivors (1024K)
 Metaspace       used 5835K, committed 5952K, reserved 1056768K
  class space    used 472K, committed 512K, reserved 1048576K
}
Event: 15.657 GC heap before
{Heap before GC invocations=231 (full 0):
 garbage-first heap   total 279552K, used 167581K [0x0000000092c00000, 0x0000000100000000)
  region size 1024K, 163 young (166912K), 1 survivors (1024K)
 Metaspace       used 5835K, committed 5952K, reserved 1056768K
  class space    used 472K, committed 512K, reserved 1048576K
}
Event: 15.658 GC heap after
{Heap after GC invocations=232 (full 0):
 garbage-first heap   total 279552K, used 2727K [0x0000000092c00000, 0x0000000100000000)
  region size 1024K, 1 young (1024K), 1 survivors (1024K)
 Metaspace       used 5835K, committed 5952K, reserved 1056768K
  class space    used 472K, committed 512K, reserved 1048576K
}

Deoptimization events (20 events):
Event: 0.363 Thread 0x000001fc7e4bafc0 Uncommon trap: trap_request=0xffffff45 fr.pc=0x000001fc0b0caee0 relative=0x00000000000003c0
Event: 0.363 Thread 0x000001fc7e4bafc0 Uncommon trap: reason=unstable_if action=reinterpret pc=0x000001fc0b0caee0 method=java.lang.StringLatin1.newString([BII)Ljava/lang/String; @ 1 c2
Event: 0.363 Thread 0x000001fc7e4bafc0 DEOPT PACKING pc=0x000001fc0b0caee0 sp=0x0000009d92ed7630
Event: 0.363 Thread 0x000001fc7e4bafc0 DEOPT UNPACKING pc=0x000001fc036423a3 sp=0x0000009d92ed7598 mode 2
Event: 15.705 Thread 0x000001fc7e4bafc0 Uncommon trap: trap_request=0xffffff45 fr.pc=0x000001fc0b0daf14 relative=0x0000000000001cd4
Event: 15.705 Thread 0x000001fc7e4bafc0 Uncommon trap: reason=unstable_if action=reinterpret pc=0x000001fc0b0daf14 method=parse.result.Result_Token.isUseful()Z @ 6 c2
Event: 15.705 Thread 0x000001fc7e4bafc0 DEOPT PACKING pc=0x000001fc0b0daf14 sp=0x0000009d92eff2f0
Event: 15.705 Thread 0x000001fc7e4bafc0 DEOPT UNPACKING pc=0x000001fc036423a3 sp=0x0000009d92eff288 mode 2
Event: 15.778 Thread 0x000001fc7e4bafc0 DEOPT PACKING pc=0x000001fc03bda456 sp=0x0000009d92efa2f0
Event: 15.778 Thread 0x000001fc7e4bafc0 DEOPT UNPACKING pc=0x000001fc03642b43 sp=0x0000009d92ef9790 mode 0
Event: 15.779 Thread 0x000001fc7e4bafc0 DEOPT PACKING pc=0x000001fc03c02f8c sp=0x0000009d92efa1d0
Event: 15.779 Thread 0x000001fc7e4bafc0 DEOPT UNPACKING pc=0x000001fc03642b43 sp=0x0000009d92ef9660 mode 0
Event: 15.780 Thread 0x000001fc7e4bafc0 DEOPT PACKING pc=0x000001fc03c02f8c sp=0x0000009d92efa1d0
Event: 15.780 Thread 0x000001fc7e4bafc0 DEOPT UNPACKING pc=0x000001fc03642b43 sp=0x0000009d92ef9660 mode 0
Event: 15.859 Thread 0x000001fc7e4bafc0 DEOPT PACKING pc=0x000001fc03ba6867 sp=0x0000009d92efad00
Event: 15.859 Thread 0x000001fc7e4bafc0 DEOPT UNPACKING pc=0x000001fc03642b43 sp=0x0000009d92efa120 mode 0
Event: 15.900 Thread 0x000001fc7e4bafc0 Uncommon trap: trap_request=0xffffff45 fr.pc=0x000001fc0b0e2f2c relative=0x000000000000060c
Event: 15.900 Thread 0x000001fc7e4bafc0 Uncommon trap: reason=unstable_if action=reinterpret pc=0x000001fc0b0e2f2c method=java.lang.AbstractStringBuilder.append(Ljava/lang/String;)Ljava/lang/AbstractStringBuilder; @ 1 c2
Event: 15.900 Thread 0x000001fc7e4bafc0 DEOPT PACKING pc=0x000001fc0b0e2f2c sp=0x0000009d92eff1c0
Event: 15.900 Thread 0x000001fc7e4bafc0 DEOPT UNPACKING pc=0x000001fc036423a3 sp=0x0000009d92eff150 mode 2

Classes unloaded (0 events):
No events

Classes redefined (0 events):
No events

Internal exceptions (1 events):
Event: 15.900 Thread 0x000001fc7e4bafc0 Implicit null exception at 0x000001fc0b0e2955 to 0x000001fc0b0e2f14

VM Operations (20 events):
Event: 15.202 Executing VM operation: G1CollectForAllocation
Event: 15.203 Executing VM operation: G1CollectForAllocation done
Event: 15.267 Executing VM operation: G1CollectForAllocation
Event: 15.268 Executing VM operation: G1CollectForAllocation done
Event: 15.332 Executing VM operation: G1CollectForAllocation
Event: 15.333 Executing VM operation: G1CollectForAllocation done
Event: 15.398 Executing VM operation: G1CollectForAllocation
Event: 15.399 Executing VM operation: G1CollectForAllocation done
Event: 15.463 Executing VM operation: G1CollectForAllocation
Event: 15.464 Executing VM operation: G1CollectForAllocation done
Event: 15.527 Executing VM operation: G1CollectForAllocation
Event: 15.528 Executing VM operation: G1CollectForAllocation done
Event: 15.592 Executing VM operation: G1CollectForAllocation
Event: 15.593 Executing VM operation: G1CollectForAllocation done
Event: 15.656 Executing VM operation: G1CollectForAllocation
Event: 15.658 Executing VM operation: G1CollectForAllocation done
Event: 15.750 Executing VM operation: HandshakeAllThreads
Event: 15.750 Executing VM operation: HandshakeAllThreads done
Event: 15.777 Executing VM operation: HandshakeAllThreads
Event: 15.777 Executing VM operation: HandshakeAllThreads done

Events (20 events):
Event: 15.787 loading class jdk/internal/loader/URLClassPath$JarLoader$2 done
Event: 15.788 loading class java/util/zip/CRC32
Event: 15.788 loading class java/util/zip/Checksum
Event: 15.788 loading class java/util/zip/Checksum done
Event: 15.788 loading class java/util/zip/CRC32 done
Event: 15.788 loading class java/util/zip/Checksum$1
Event: 15.788 loading class java/util/zip/Checksum$1 done
Event: 15.799 loading class java/lang/UnsatisfiedLinkError
Event: 15.799 loading class java/lang/UnsatisfiedLinkError done
Event: 15.804 Loaded shared library C:\Users\49173\Desktop\z3-4.11.2-x64-win\bin\libz3java.dll
Event: 15.895 loading class java/util/IdentityHashMap$Values
Event: 15.895 loading class java/util/IdentityHashMap$Values done
Event: 15.895 loading class java/util/IdentityHashMap$ValueIterator
Event: 15.895 loading class java/util/IdentityHashMap$IdentityHashMapIterator
Event: 15.895 loading class java/util/IdentityHashMap$IdentityHashMapIterator done
Event: 15.895 loading class java/util/IdentityHashMap$ValueIterator done
Event: 15.899 loading class java/lang/Throwable$WrappedPrintStream
Event: 15.899 loading class java/lang/Throwable$PrintStreamOrWriter
Event: 15.899 loading class java/lang/Throwable$PrintStreamOrWriter done
Event: 15.899 loading class java/lang/Throwable$WrappedPrintStream done


Dynamic libraries:
0x00007ff681900000 - 0x00007ff68190e000 	C:\Users\49173\.p2\pool\plugins\org.eclipse.justj.openjdk.hotspot.jre.full.win32.x86_64_17.0.4.v20221004-1257\jre\bin\javaw.exe
0x00007ffdc1f30000 - 0x00007ffdc2144000 	C:\WINDOWS\SYSTEM32\ntdll.dll
0x00007ffdc1850000 - 0x00007ffdc1913000 	C:\WINDOWS\System32\KERNEL32.DLL
0x00007ffdbf5e0000 - 0x00007ffdbf97d000 	C:\WINDOWS\System32\KERNELBASE.dll
0x00007ffdbf410000 - 0x00007ffdbf521000 	C:\WINDOWS\System32\ucrtbase.dll
0x00007ffdb02e0000 - 0x00007ffdb02f8000 	C:\Users\49173\.p2\pool\plugins\org.eclipse.justj.openjdk.hotspot.jre.full.win32.x86_64_17.0.4.v20221004-1257\jre\bin\jli.dll
0x00007ffdb00d0000 - 0x00007ffdb00e9000 	C:\Users\49173\.p2\pool\plugins\org.eclipse.justj.openjdk.hotspot.jre.full.win32.x86_64_17.0.4.v20221004-1257\jre\bin\VCRUNTIME140.dll
0x00007ffdc0fa0000 - 0x00007ffdc114d000 	C:\WINDOWS\System32\USER32.dll
0x00007ffdbf530000 - 0x00007ffdbf556000 	C:\WINDOWS\System32\win32u.dll
0x00007ffda79d0000 - 0x00007ffda7c5e000 	C:\WINDOWS\WinSxS\amd64_microsoft.windows.common-controls_6595b64144ccf1df_6.0.22621.608_none_a9444ca7c10bb01d\COMCTL32.dll
0x00007ffdc0610000 - 0x00007ffdc0639000 	C:\WINDOWS\System32\GDI32.dll
0x00007ffdc0e30000 - 0x00007ffdc0ed7000 	C:\WINDOWS\System32\msvcrt.dll
0x00007ffdbf980000 - 0x00007ffdbfa92000 	C:\WINDOWS\System32\gdi32full.dll
0x00007ffdbfc80000 - 0x00007ffdbfd1a000 	C:\WINDOWS\System32\msvcp_win.dll
0x00007ffdbfd20000 - 0x00007ffdbfd52000 	C:\WINDOWS\System32\IMM32.DLL
0x00007ffdb72c0000 - 0x00007ffdb72cc000 	C:\Users\49173\.p2\pool\plugins\org.eclipse.justj.openjdk.hotspot.jre.full.win32.x86_64_17.0.4.v20221004-1257\jre\bin\vcruntime140_1.dll
0x00007ffd9cd50000 - 0x00007ffd9cde1000 	C:\Users\49173\.p2\pool\plugins\org.eclipse.justj.openjdk.hotspot.jre.full.win32.x86_64_17.0.4.v20221004-1257\jre\bin\msvcp140.dll
0x00007ffd7faa0000 - 0x00007ffd806e6000 	C:\Users\49173\.p2\pool\plugins\org.eclipse.justj.openjdk.hotspot.jre.full.win32.x86_64_17.0.4.v20221004-1257\jre\bin\server\jvm.dll
0x00007ffdc03b0000 - 0x00007ffdc045e000 	C:\WINDOWS\System32\ADVAPI32.dll
0x00007ffdc1920000 - 0x00007ffdc19c4000 	C:\WINDOWS\System32\sechost.dll
0x00007ffdc1610000 - 0x00007ffdc1725000 	C:\WINDOWS\System32\RPCRT4.dll
0x00007ffdc19d0000 - 0x00007ffdc19d8000 	C:\WINDOWS\System32\PSAPI.DLL
0x00007ffdbbff0000 - 0x00007ffdbbff9000 	C:\WINDOWS\SYSTEM32\WSOCK32.dll
0x00007ffdb77a0000 - 0x00007ffdb77d4000 	C:\WINDOWS\SYSTEM32\WINMM.dll
0x00007ffdb6170000 - 0x00007ffdb617a000 	C:\WINDOWS\SYSTEM32\VERSION.dll
0x00007ffdc0330000 - 0x00007ffdc03a1000 	C:\WINDOWS\System32\WS2_32.dll
0x00007ffdbe370000 - 0x00007ffdbe388000 	C:\WINDOWS\SYSTEM32\kernel.appcore.dll
0x00007ffdb0820000 - 0x00007ffdb082a000 	C:\Users\49173\.p2\pool\plugins\org.eclipse.justj.openjdk.hotspot.jre.full.win32.x86_64_17.0.4.v20221004-1257\jre\bin\jimage.dll
0x00007ffdbce20000 - 0x00007ffdbd04e000 	C:\WINDOWS\SYSTEM32\DBGHELP.DLL
0x00007ffdbfe90000 - 0x00007ffdc021a000 	C:\WINDOWS\System32\combase.dll
0x00007ffdc0530000 - 0x00007ffdc0607000 	C:\WINDOWS\System32\OLEAUT32.dll
0x00007ffda6e30000 - 0x00007ffda6e62000 	C:\WINDOWS\SYSTEM32\dbgcore.DLL
0x00007ffdbf560000 - 0x00007ffdbf5db000 	C:\WINDOWS\System32\bcryptPrimitives.dll
0x00007ffdb07f0000 - 0x00007ffdb0815000 	C:\Users\49173\.p2\pool\plugins\org.eclipse.justj.openjdk.hotspot.jre.full.win32.x86_64_17.0.4.v20221004-1257\jre\bin\java.dll
0x00007ffdb07d0000 - 0x00007ffdb07e8000 	C:\Users\49173\.p2\pool\plugins\org.eclipse.justj.openjdk.hotspot.jre.full.win32.x86_64_17.0.4.v20221004-1257\jre\bin\zip.dll
0x00007ffdc0640000 - 0x00007ffdc0e2f000 	C:\WINDOWS\System32\SHELL32.dll
0x00007ffdbd330000 - 0x00007ffdbdbf8000 	C:\WINDOWS\SYSTEM32\windows.storage.dll
0x00007ffdbd1f0000 - 0x00007ffdbd32e000 	C:\WINDOWS\SYSTEM32\wintypes.dll
0x00007ffdc1360000 - 0x00007ffdc1451000 	C:\WINDOWS\System32\SHCORE.dll
0x00007ffdbfd60000 - 0x00007ffdbfdbe000 	C:\WINDOWS\System32\shlwapi.dll
0x00007ffdbf280000 - 0x00007ffdbf2a1000 	C:\WINDOWS\SYSTEM32\profapi.dll
0x00007ffdb07b0000 - 0x00007ffdb07c9000 	C:\Users\49173\.p2\pool\plugins\org.eclipse.justj.openjdk.hotspot.jre.full.win32.x86_64_17.0.4.v20221004-1257\jre\bin\net.dll
0x00007ffdb9670000 - 0x00007ffdb979f000 	C:\WINDOWS\SYSTEM32\WINHTTP.dll
0x00007ffdbe7d0000 - 0x00007ffdbe839000 	C:\WINDOWS\system32\mswsock.dll
0x00007ffdb0790000 - 0x00007ffdb07a5000 	C:\Users\49173\.p2\pool\plugins\org.eclipse.justj.openjdk.hotspot.jre.full.win32.x86_64_17.0.4.v20221004-1257\jre\bin\nio.dll
0x00007ffdb94c0000 - 0x00007ffdb94de000 	C:\Users\49173\Desktop\z3-4.11.2-x64-win\bin\libz3java.dll
0x00007ffd41430000 - 0x00007ffd4235b000 	C:\Users\49173\Desktop\z3-4.11.2-x64-win\bin\libz3.dll

dbghelp: loaded successfully - version: 4.0.5 - missing functions: none
symbol engine: initialized successfully - sym options: 0x614 - pdb path: .;C:\Users\49173\.p2\pool\plugins\org.eclipse.justj.openjdk.hotspot.jre.full.win32.x86_64_17.0.4.v20221004-1257\jre\bin;C:\WINDOWS\SYSTEM32;C:\WINDOWS\WinSxS\amd64_microsoft.windows.common-controls_6595b64144ccf1df_6.0.22621.608_none_a9444ca7c10bb01d;C:\Users\49173\.p2\pool\plugins\org.eclipse.justj.openjdk.hotspot.jre.full.win32.x86_64_17.0.4.v20221004-1257\jre\bin\server;C:\Users\49173\Desktop\z3-4.11.2-x64-win\bin

VM Arguments:
jvm_args: -Djava.library.path=C:\Users\49173\Desktop\z3-4.11.2-x64-win\bin -Dfile.encoding=UTF-8 -XX:+ShowCodeDetailsInExceptionMessages 
java_command: ptarptar.PTARPTAR
java_class_path (initial): C:\Users\49173\Desktop\PP\PTARPTAR\PTARPTAR\target\classes;C:\Users\49173\.p2\pool\plugins\junit-jupiter-api_5.9.0.jar;C:\Users\49173\.p2\pool\plugins\junit-jupiter-engine_5.9.0.jar;C:\Users\49173\.p2\pool\plugins\junit-jupiter-migrationsupport_5.9.0.jar;C:\Users\49173\.p2\pool\plugins\junit-jupiter-params_5.9.0.jar;C:\Users\49173\.p2\pool\plugins\junit-platform-commons_1.9.0.jar;C:\Users\49173\.p2\pool\plugins\junit-platform-engine_1.9.0.jar;C:\Users\49173\.p2\pool\plugins\junit-platform-launcher_1.9.0.jar;C:\Users\49173\.p2\pool\plugins\junit-platform-runner_1.9.0.jar;C:\Users\49173\.p2\pool\plugins\junit-platform-suite-api_1.9.0.jar;C:\Users\49173\.p2\pool\plugins\junit-platform-suite-engine_1.9.0.jar;C:\Users\49173\.p2\pool\plugins\junit-platform-suite-commons_1.9.0.jar;C:\Users\49173\.p2\pool\plugins\junit-vintage-engine_5.9.0.jar;C:\Users\49173\.p2\pool\plugins\org.opentest4j_1.2.0.jar;C:\Users\49173\.p2\pool\plugins\org.apiguardian.api_1.1.2.jar;C:\Users\49173\.p2\pool\plugins\org.junit_4.13.2.v20211018-1956.jar;C:\Users\49173\.p2\pool\plugins\org.hamcrest.core_1.3.0.v20180420-1519.jar;C:\Users\49173\.m2\repository\org\json\json\20220924\json-20220924.jar;C:\Users\49173\.m2\repository\org\javatuples\javatuples\1.2\javatuples-1.2.jar;C:\Users\49173\.m2\repository\com\microsoft\z3\4.11.2\z3-4.11.2.jar
Launcher Type: SUN_STANDARD

[Global flags]
     intx CICompilerCount                          = 4                                         {product} {ergonomic}
     uint ConcGCThreads                            = 2                                         {product} {ergonomic}
     uint G1ConcRefinementThreads                  = 8                                         {product} {ergonomic}
   size_t G1HeapRegionSize                         = 1048576                                   {product} {ergonomic}
    uintx GCDrainStackTargetSize                   = 64                                        {product} {ergonomic}
   size_t InitialHeapSize                          = 115343360                                 {product} {ergonomic}
   size_t MarkStackSize                            = 4194304                                   {product} {ergonomic}
   size_t MaxHeapSize                              = 1832910848                                {product} {ergonomic}
   size_t MaxNewSize                               = 1098907648                                {product} {ergonomic}
   size_t MinHeapDeltaBytes                        = 1048576                                   {product} {ergonomic}
   size_t MinHeapSize                              = 8388608                                   {product} {ergonomic}
    uintx NonNMethodCodeHeapSize                   = 5839372                                {pd product} {ergonomic}
    uintx NonProfiledCodeHeapSize                  = 122909434                              {pd product} {ergonomic}
    uintx ProfiledCodeHeapSize                     = 122909434                              {pd product} {ergonomic}
    uintx ReservedCodeCacheSize                    = 251658240                              {pd product} {ergonomic}
     bool SegmentedCodeCache                       = true                                      {product} {ergonomic}
     bool ShowCodeDetailsInExceptionMessages       = true                                   {manageable} {command line}
   size_t SoftMaxHeapSize                          = 1832910848                             {manageable} {ergonomic}
     bool UseCompressedClassPointers               = true                           {product lp64_product} {ergonomic}
     bool UseCompressedOops                        = true                           {product lp64_product} {ergonomic}
     bool UseG1GC                                  = true                                      {product} {ergonomic}
     bool UseLargePagesIndividualAllocation        = false                                  {pd product} {ergonomic}

Logging:
Log output configuration:
 #0: stdout all=warning uptime,level,tags
 #1: stderr all=off uptime,level,tags

Environment Variables:
PATH=C:/Users/49173/.p2/pool/plugins/org.eclipse.justj.openjdk.hotspot.jre.full.win32.x86_64_17.0.4.v20221004-1257/jre/bin/server;C:/Users/49173/.p2/pool/plugins/org.eclipse.justj.openjdk.hotspot.jre.full.win32.x86_64_17.0.4.v20221004-1257/jre/bin;C:\WINDOWS\system32;C:\WINDOWS;C:\WINDOWS\System32\Wbem;C:\WINDOWS\System32\WindowsPowerShell\v1.0\;C:\WINDOWS\System32\OpenSSH\;C:\Users\49173\AppData\Roaming\Microsoft\Windows\Start Menu\Programs\Python 3.11;C:\Users\49173\AppData\Local\Programs\Python\Python311\Scripts;C:\Program Files\Docker\Docker\resources\bin;C:\Users\49173\Desktop\z3-4.11.2-x64-win\bin;C:\Users\49173\AppData\Local\Microsoft\WindowsApps;C:\Users\49173\AppData\Local\gitkraken\bin;C:\Program Files\JetBrains\PyCharm Community Edition 2022.2.3\bin;;C:\Users\49173\AppData\Roaming\Microsoft\Windows\Start Menu\Programs\Python 3.11;C:\Users\49173\AppData\Local\Programs\Python\Python311\Scripts;C:\Users\49173\AppData\Local\Programs\MiKTeX\miktex\bin\x64\;C:\Users\49173\Desktop\z3-4.11.2-x64-win\bin;;C:\Users\49173\AppData\Local\Microsoft\WindowsApps;C:\Users\49173\Desktop;
USERNAME=49173
OS=Windows_NT
PROCESSOR_IDENTIFIER=AMD64 Family 25 Model 80 Stepping 0, AuthenticAMD
TMP=C:\Users\49173\AppData\Local\Temp
TEMP=C:\Users\49173\AppData\Local\Temp



---------------  S Y S T E M  ---------------

OS:
 Windows 11 , 64 bit Build 22621 (10.0.22621.963)
OS uptime: 2 days 15:59 hours
Hyper-V role detected

CPU: total 8 (initial active 8) (8 cores per cpu, 2 threads per core) family 25 model 80 stepping 0 microcode 0x0, cx8, cmov, fxsr, ht, mmx, 3dnowpref, sse, sse2, sse3, ssse3, sse4a, sse4.1, sse4.2, popcnt, lzcnt, tsc, tscinvbit, avx, avx2, aes, erms, clmul, bmi1, bmi2, adx, sha, fma, vzeroupper, clflush, clflushopt, hv

Memory: 4k page, system-wide physical 6990M (1031M free)
TotalPageFile size 17742M (AvailPageFile size 7416M)
current process WorkingSet (physical memory assigned to process): 287M, peak: 303M
current process commit charge ("private bytes"): 378M, peak: 395M

vm_info: OpenJDK 64-Bit Server VM (17.0.4.1+1) for windows-amd64 JRE (17.0.4.1+1), built on Aug 17 2022 07:42:43 by "temurin" with MS VC++ 16.7 (VS2019)

END.
